ARM GAS  C:\Users\POONAC~1\AppData\Local\Temp\ccsyh8v3.s 			page 1


   1              		.syntax unified
   2              		.cpu cortex-m3
   3              		.fpu softvfp
   4              		.eabi_attribute 20, 1
   5              		.eabi_attribute 21, 1
   6              		.eabi_attribute 23, 3
   7              		.eabi_attribute 24, 1
   8              		.eabi_attribute 25, 1
   9              		.eabi_attribute 26, 1
  10              		.eabi_attribute 30, 1
  11              		.eabi_attribute 34, 1
  12              		.eabi_attribute 18, 4
  13              		.thumb
  14              		.syntax unified
  15              		.file	"cymetadata.c"
  16              		.text
  17              	.Ltext0:
  18              		.cfi_sections	.debug_frame
  19              		.global	cy_metadata
  20              		.global	cy_meta_flashprotect
  21              		.global	cy_meta_wonvl
  22              		.global	cy_meta_custnvl
  23              		.global	cy_meta_configecc
  24              		.section	.cyconfigecc,"a",%progbits
  25              		.align	2
  26              		.type	cy_meta_configecc, %object
  27              		.size	cy_meta_configecc, 468
  28              	cy_meta_configecc:
  29 0000 01       		.byte	1
  30 0001 45       		.byte	69
  31 0002 00       		.byte	0
  32 0003 40       		.byte	64
  33 0004 01       		.byte	1
  34 0005 52       		.byte	82
  35 0006 00       		.byte	0
  36 0007 40       		.byte	64
  37 0008 01       		.byte	1
  38 0009 65       		.byte	101
  39 000a 00       		.byte	0
  40 000b 40       		.byte	64
  41 000c 01       		.byte	1
  42 000d 03       		.byte	3
  43 000e 01       		.byte	1
  44 000f 40       		.byte	64
  45 0010 01       		.byte	1
  46 0011 05       		.byte	5
  47 0012 01       		.byte	1
  48 0013 40       		.byte	64
  49 0014 01       		.byte	1
  50 0015 07       		.byte	7
  51 0016 01       		.byte	1
  52 0017 40       		.byte	64
  53 0018 01       		.byte	1
  54 0019 09       		.byte	9
  55 001a 01       		.byte	1
  56 001b 40       		.byte	64
  57 001c 01       		.byte	1
ARM GAS  C:\Users\POONAC~1\AppData\Local\Temp\ccsyh8v3.s 			page 2


  58 001d 0B       		.byte	11
  59 001e 01       		.byte	1
  60 001f 40       		.byte	64
  61 0020 03       		.byte	3
  62 0021 0D       		.byte	13
  63 0022 01       		.byte	1
  64 0023 40       		.byte	64
  65 0024 0B       		.byte	11
  66 0025 0E       		.byte	14
  67 0026 01       		.byte	1
  68 0027 40       		.byte	64
  69 0028 05       		.byte	5
  70 0029 0F       		.byte	15
  71 002a 01       		.byte	1
  72 002b 40       		.byte	64
  73 002c 30       		.byte	48
  74 002d 14       		.byte	20
  75 002e 01       		.byte	1
  76 002f 40       		.byte	64
  77 0030 17       		.byte	23
  78 0031 15       		.byte	21
  79 0032 01       		.byte	1
  80 0033 40       		.byte	64
  81 0034 01       		.byte	1
  82 0035 17       		.byte	23
  83 0036 01       		.byte	1
  84 0037 40       		.byte	64
  85 0038 01       		.byte	1
  86 0039 19       		.byte	25
  87 003a 01       		.byte	1
  88 003b 40       		.byte	64
  89 003c 07       		.byte	7
  90 003d 40       		.byte	64
  91 003e 01       		.byte	1
  92 003f 40       		.byte	64
  93 0040 09       		.byte	9
  94 0041 41       		.byte	65
  95 0042 01       		.byte	1
  96 0043 40       		.byte	64
  97 0044 04       		.byte	4
  98 0045 42       		.byte	66
  99 0046 01       		.byte	1
 100 0047 40       		.byte	64
 101 0048 05       		.byte	5
 102 0049 43       		.byte	67
 103 004a 01       		.byte	1
 104 004b 40       		.byte	64
 105 004c 02       		.byte	2
 106 004d 44       		.byte	68
 107 004e 01       		.byte	1
 108 004f 40       		.byte	64
 109 0050 02       		.byte	2
 110 0051 45       		.byte	69
 111 0052 01       		.byte	1
 112 0053 40       		.byte	64
 113 0054 03       		.byte	3
 114 0055 46       		.byte	70
ARM GAS  C:\Users\POONAC~1\AppData\Local\Temp\ccsyh8v3.s 			page 3


 115 0056 01       		.byte	1
 116 0057 40       		.byte	64
 117 0058 06       		.byte	6
 118 0059 47       		.byte	71
 119 005a 01       		.byte	1
 120 005b 40       		.byte	64
 121 005c 03       		.byte	3
 122 005d 48       		.byte	72
 123 005e 01       		.byte	1
 124 005f 40       		.byte	64
 125 0060 03       		.byte	3
 126 0061 49       		.byte	73
 127 0062 01       		.byte	1
 128 0063 40       		.byte	64
 129 0064 01       		.byte	1
 130 0065 4C       		.byte	76
 131 0066 01       		.byte	1
 132 0067 40       		.byte	64
 133 0068 04       		.byte	4
 134 0069 50       		.byte	80
 135 006a 01       		.byte	1
 136 006b 40       		.byte	64
 137 006c 02       		.byte	2
 138 006d 51       		.byte	81
 139 006e 01       		.byte	1
 140 006f 40       		.byte	64
 141 0070 7E       		.byte	126
 142 0071 02       		.byte	2
 143 0072 7C       		.byte	124
 144 0073 40       		.byte	64
 145 0074 85       		.byte	-123
 146 0075 0D       		.byte	13
 147 0076 EE       		.byte	-18
 148 0077 0A       		.byte	10
 149 0078 EE       		.byte	-18
 150 0079 20       		.byte	32
 151 007a E2       		.byte	-30
 152 007b 02       		.byte	2
 153 007c E2       		.byte	-30
 154 007d 02       		.byte	2
 155 007e EE       		.byte	-18
 156 007f 20       		.byte	32
 157 0080 AE       		.byte	-82
 158 0081 01       		.byte	1
 159 0082 AF       		.byte	-81
 160 0083 01       		.byte	1
 161 0084 B0       		.byte	-80
 162 0085 01       		.byte	1
 163 0086 00       		.byte	0
 164 0087 04       		.byte	4
 165 0088 02       		.byte	2
 166 0089 03       		.byte	3
 167 008a 08       		.byte	8
 168 008b 01       		.byte	1
 169 008c 0A       		.byte	10
 170 008d 04       		.byte	4
 171 008e 30       		.byte	48
ARM GAS  C:\Users\POONAC~1\AppData\Local\Temp\ccsyh8v3.s 			page 4


 172 008f 04       		.byte	4
 173 0090 32       		.byte	50
 174 0091 02       		.byte	2
 175 0092 36       		.byte	54
 176 0093 01       		.byte	1
 177 0094 3E       		.byte	62
 178 0095 41       		.byte	65
 179 0096 58       		.byte	88
 180 0097 04       		.byte	4
 181 0098 5C       		.byte	92
 182 0099 01       		.byte	1
 183 009a 5F       		.byte	95
 184 009b 01       		.byte	1
 185 009c 00       		.byte	0
 186 009d 12       		.byte	18
 187 009e 18       		.byte	24
 188 009f 10       		.byte	16
 189 00a0 1A       		.byte	26
 190 00a1 02       		.byte	2
 191 00a2 1B       		.byte	27
 192 00a3 01       		.byte	1
 193 00a4 C0       		.byte	-64
 194 00a5 0A       		.byte	10
 195 00a6 40       		.byte	64
 196 00a7 54       		.byte	84
 197 00a8 49       		.byte	73
 198 00a9 FF       		.byte	-1
 199 00aa 4A       		.byte	74
 200 00ab FF       		.byte	-1
 201 00ac 4B       		.byte	75
 202 00ad FF       		.byte	-1
 203 00ae 4F       		.byte	79
 204 00af 01       		.byte	1
 205 00b0 50       		.byte	80
 206 00b1 18       		.byte	24
 207 00b2 5A       		.byte	90
 208 00b3 04       		.byte	4
 209 00b4 5F       		.byte	95
 210 00b5 01       		.byte	1
 211 00b6 60       		.byte	96
 212 00b7 40       		.byte	64
 213 00b8 62       		.byte	98
 214 00b9 40       		.byte	64
 215 00ba 64       		.byte	100
 216 00bb 40       		.byte	64
 217 00bc 65       		.byte	101
 218 00bd 40       		.byte	64
 219 00be 66       		.byte	102
 220 00bf 80       		.byte	-128
 221 00c0 68       		.byte	104
 222 00c1 80       		.byte	-128
 223 00c2 6A       		.byte	106
 224 00c3 80       		.byte	-128
 225 00c4 6C       		.byte	108
 226 00c5 80       		.byte	-128
 227 00c6 6E       		.byte	110
 228 00c7 80       		.byte	-128
ARM GAS  C:\Users\POONAC~1\AppData\Local\Temp\ccsyh8v3.s 			page 5


 229 00c8 92       		.byte	-110
 230 00c9 01       		.byte	1
 231 00ca AE       		.byte	-82
 232 00cb 01       		.byte	1
 233 00cc B0       		.byte	-80
 234 00cd 01       		.byte	1
 235 00ce BE       		.byte	-66
 236 00cf 01       		.byte	1
 237 00d0 C0       		.byte	-64
 238 00d1 15       		.byte	21
 239 00d2 C5       		.byte	-59
 240 00d3 EC       		.byte	-20
 241 00d4 C6       		.byte	-58
 242 00d5 02       		.byte	2
 243 00d6 C8       		.byte	-56
 244 00d7 07       		.byte	7
 245 00d8 C9       		.byte	-55
 246 00d9 FF       		.byte	-1
 247 00da CA       		.byte	-54
 248 00db FF       		.byte	-1
 249 00dc CB       		.byte	-53
 250 00dd FF       		.byte	-1
 251 00de CD       		.byte	-51
 252 00df 83       		.byte	-125
 253 00e0 CE       		.byte	-50
 254 00e1 03       		.byte	3
 255 00e2 CF       		.byte	-49
 256 00e3 01       		.byte	1
 257 00e4 D0       		.byte	-48
 258 00e5 18       		.byte	24
 259 00e6 D2       		.byte	-46
 260 00e7 80       		.byte	-128
 261 00e8 D4       		.byte	-44
 262 00e9 01       		.byte	1
 263 00ea D6       		.byte	-42
 264 00eb 04       		.byte	4
 265 00ec D8       		.byte	-40
 266 00ed 04       		.byte	4
 267 00ee DA       		.byte	-38
 268 00ef 04       		.byte	4
 269 00f0 DB       		.byte	-37
 270 00f1 04       		.byte	4
 271 00f2 DF       		.byte	-33
 272 00f3 01       		.byte	1
 273 00f4 E0       		.byte	-32
 274 00f5 40       		.byte	64
 275 00f6 E2       		.byte	-30
 276 00f7 40       		.byte	64
 277 00f8 E4       		.byte	-28
 278 00f9 40       		.byte	64
 279 00fa E5       		.byte	-27
 280 00fb 40       		.byte	64
 281 00fc E6       		.byte	-26
 282 00fd 80       		.byte	-128
 283 00fe E8       		.byte	-24
 284 00ff 80       		.byte	-128
 285 0100 EA       		.byte	-22
ARM GAS  C:\Users\POONAC~1\AppData\Local\Temp\ccsyh8v3.s 			page 6


 286 0101 80       		.byte	-128
 287 0102 EC       		.byte	-20
 288 0103 80       		.byte	-128
 289 0104 EE       		.byte	-18
 290 0105 80       		.byte	-128
 291 0106 0F       		.byte	15
 292 0107 80       		.byte	-128
 293 0108 17       		.byte	23
 294 0109 80       		.byte	-128
 295 010a 1E       		.byte	30
 296 010b 80       		.byte	-128
 297 010c 42       		.byte	66
 298 010d 80       		.byte	-128
 299 010e 47       		.byte	71
 300 010f 80       		.byte	-128
 301 0110 48       		.byte	72
 302 0111 01       		.byte	1
 303 0112 4D       		.byte	77
 304 0113 04       		.byte	4
 305 0114 4F       		.byte	79
 306 0115 81       		.byte	-127
 307 0116 56       		.byte	86
 308 0117 80       		.byte	-128
 309 0118 57       		.byte	87
 310 0119 40       		.byte	64
 311 011a 5D       		.byte	93
 312 011b 04       		.byte	4
 313 011c 5E       		.byte	94
 314 011d 80       		.byte	-128
 315 011e 5F       		.byte	95
 316 011f 01       		.byte	1
 317 0120 66       		.byte	102
 318 0121 01       		.byte	1
 319 0122 74       		.byte	116
 320 0123 01       		.byte	1
 321 0124 77       		.byte	119
 322 0125 80       		.byte	-128
 323 0126 82       		.byte	-126
 324 0127 01       		.byte	1
 325 0128 C2       		.byte	-62
 326 0129 10       		.byte	16
 327 012a C4       		.byte	-60
 328 012b 80       		.byte	-128
 329 012c D0       		.byte	-48
 330 012d 11       		.byte	17
 331 012e D2       		.byte	-46
 332 012f 18       		.byte	24
 333 0130 D6       		.byte	-42
 334 0131 D0       		.byte	-48
 335 0132 D8       		.byte	-40
 336 0133 80       		.byte	-128
 337 0134 EE       		.byte	-18
 338 0135 02       		.byte	2
 339 0136 EE       		.byte	-18
 340 0137 02       		.byte	2
 341 0138 31       		.byte	49
 342 0139 08       		.byte	8
ARM GAS  C:\Users\POONAC~1\AppData\Local\Temp\ccsyh8v3.s 			page 7


 343 013a 33       		.byte	51
 344 013b 10       		.byte	16
 345 013c 34       		.byte	52
 346 013d 01       		.byte	1
 347 013e 36       		.byte	54
 348 013f 40       		.byte	64
 349 0140 3B       		.byte	59
 350 0141 40       		.byte	64
 351 0142 CC       		.byte	-52
 352 0143 F0       		.byte	-16
 353 0144 CE       		.byte	-50
 354 0145 10       		.byte	16
 355 0146 33       		.byte	51
 356 0147 20       		.byte	32
 357 0148 9C       		.byte	-100
 358 0149 01       		.byte	1
 359 014a 9F       		.byte	-97
 360 014b 10       		.byte	16
 361 014c A3       		.byte	-93
 362 014d 20       		.byte	32
 363 014e A5       		.byte	-91
 364 014f 08       		.byte	8
 365 0150 A6       		.byte	-90
 366 0151 40       		.byte	64
 367 0152 AF       		.byte	-81
 368 0153 60       		.byte	96
 369 0154 CC       		.byte	-52
 370 0155 10       		.byte	16
 371 0156 EE       		.byte	-18
 372 0157 50       		.byte	80
 373 0158 9F       		.byte	-97
 374 0159 10       		.byte	16
 375 015a A5       		.byte	-91
 376 015b 08       		.byte	8
 377 015c A6       		.byte	-90
 378 015d 40       		.byte	64
 379 015e B0       		.byte	-80
 380 015f 01       		.byte	1
 381 0160 85       		.byte	-123
 382 0161 08       		.byte	8
 383 0162 9F       		.byte	-97
 384 0163 10       		.byte	16
 385 0164 A5       		.byte	-91
 386 0165 08       		.byte	8
 387 0166 A6       		.byte	-90
 388 0167 40       		.byte	64
 389 0168 E2       		.byte	-30
 390 0169 40       		.byte	64
 391 016a 10       		.byte	16
 392 016b 40       		.byte	64
 393 016c C4       		.byte	-60
 394 016d 08       		.byte	8
 395 016e B0       		.byte	-80
 396 016f 40       		.byte	64
 397 0170 EA       		.byte	-22
 398 0171 01       		.byte	1
 399 0172 96       		.byte	-106
ARM GAS  C:\Users\POONAC~1\AppData\Local\Temp\ccsyh8v3.s 			page 8


 400 0173 04       		.byte	4
 401 0174 B2       		.byte	-78
 402 0175 04       		.byte	4
 403 0176 EE       		.byte	-18
 404 0177 04       		.byte	4
 405 0178 0A       		.byte	10
 406 0179 04       		.byte	4
 407 017a 0B       		.byte	11
 408 017b 40       		.byte	64
 409 017c 0D       		.byte	13
 410 017d 02       		.byte	2
 411 017e 85       		.byte	-123
 412 017f 02       		.byte	2
 413 0180 96       		.byte	-106
 414 0181 04       		.byte	4
 415 0182 C2       		.byte	-62
 416 0183 0E       		.byte	14
 417 0184 9F       		.byte	-97
 418 0185 10       		.byte	16
 419 0186 AE       		.byte	-82
 420 0187 40       		.byte	64
 421 0188 EE       		.byte	-18
 422 0189 40       		.byte	64
 423 018a 83       		.byte	-125
 424 018b 10       		.byte	16
 425 018c 9F       		.byte	-97
 426 018d 10       		.byte	16
 427 018e E2       		.byte	-30
 428 018f 20       		.byte	32
 429 0190 AF       		.byte	-81
 430 0191 40       		.byte	64
 431 0192 00       		.byte	0
 432 0193 02       		.byte	2
 433 0194 0E       		.byte	14
 434 0195 02       		.byte	2
 435 0196 10       		.byte	16
 436 0197 01       		.byte	1
 437 0198 1A       		.byte	26
 438 0199 01       		.byte	1
 439 019a 00       		.byte	0
 440 019b AB       		.byte	-85
 441 019c 01       		.byte	1
 442 019d 0F       		.byte	15
 443 019e 00       		.byte	0
 444 019f 00       		.byte	0
 445 01a0 00       		.byte	0
 446 01a1 01       		.byte	1
 447 01a2 01       		.byte	1
 448 01a3 00       		.byte	0
 449 01a4 00       		.byte	0
 450 01a5 00       		.byte	0
 451 01a6 00       		.byte	0
 452 01a7 00       		.byte	0
 453 01a8 10       		.byte	16
 454 01a9 10       		.byte	16
 455 01aa 00       		.byte	0
 456 01ab 00       		.byte	0
ARM GAS  C:\Users\POONAC~1\AppData\Local\Temp\ccsyh8v3.s 			page 9


 457 01ac 00       		.byte	0
 458 01ad 00       		.byte	0
 459 01ae 00       		.byte	0
 460 01af 00       		.byte	0
 461 01b0 40       		.byte	64
 462 01b1 00       		.byte	0
 463 01b2 00       		.byte	0
 464 01b3 00       		.byte	0
 465 01b4 00       		.byte	0
 466 01b5 00       		.byte	0
 467 01b6 00       		.byte	0
 468 01b7 00       		.byte	0
 469 01b8 C0       		.byte	-64
 470 01b9 00       		.byte	0
 471 01ba 00       		.byte	0
 472 01bb 00       		.byte	0
 473 01bc 00       		.byte	0
 474 01bd 0B       		.byte	11
 475 01be 0B       		.byte	11
 476 01bf 00       		.byte	0
 477 01c0 00       		.byte	0
 478 01c1 00       		.byte	0
 479 01c2 00       		.byte	0
 480 01c3 00       		.byte	0
 481 01c4 00       		.byte	0
 482 01c5 7F       		.byte	127
 483 01c6 7F       		.byte	127
 484 01c7 00       		.byte	0
 485 01c8 00       		.byte	0
 486 01c9 00       		.byte	0
 487 01ca 00       		.byte	0
 488 01cb 00       		.byte	0
 489 01cc 00       		.byte	0
 490 01cd 4C       		.byte	76
 491 01ce 4C       		.byte	76
 492 01cf 00       		.byte	0
 493 01d0 00       		.byte	0
 494 01d1 00       		.byte	0
 495 01d2 00       		.byte	0
 496 01d3 00       		.byte	0
 497              		.section	.cywolatch,"a",%progbits
 498              		.align	2
 499              		.type	cy_meta_wonvl, %object
 500              		.size	cy_meta_wonvl, 4
 501              	cy_meta_wonvl:
 502 0000 BC       		.byte	-68
 503 0001 90       		.byte	-112
 504 0002 AC       		.byte	-84
 505 0003 AF       		.byte	-81
 506              		.section	.cycustnvl,"a",%progbits
 507              		.align	2
 508              		.type	cy_meta_custnvl, %object
 509              		.size	cy_meta_custnvl, 4
 510              	cy_meta_custnvl:
 511 0000 00       		.byte	0
 512 0001 00       		.byte	0
 513 0002 40       		.byte	64
ARM GAS  C:\Users\POONAC~1\AppData\Local\Temp\ccsyh8v3.s 			page 10


 514 0003 05       		.byte	5
 515              		.section	.cymeta,"a",%progbits
 516              		.align	2
 517              		.type	cy_metadata, %object
 518              		.size	cy_metadata, 12
 519              	cy_metadata:
 520 0000 00       		.byte	0
 521 0001 01       		.byte	1
 522 0002 2E       		.byte	46
 523 0003 12       		.byte	18
 524 0004 30       		.byte	48
 525 0005 69       		.byte	105
 526 0006 00       		.byte	0
 527 0007 01       		.byte	1
 528 0008 00       		.byte	0
 529 0009 00       		.byte	0
 530 000a 00       		.byte	0
 531 000b 00       		.byte	0
 532              		.section	.cyflashprotect,"a",%progbits
 533              		.align	2
 534              		.type	cy_meta_flashprotect, %object
 535              		.size	cy_meta_flashprotect, 256
 536              	cy_meta_flashprotect:
 537 0000 00000000 		.space	256
 537      00000000 
 537      00000000 
 537      00000000 
 537      00000000 
 538              		.text
 539              	.Letext0:
 540              		.file 1 "c:\\program files (x86)\\cypress\\psoc creator\\4.1\\psoc creator\\import\\gnu\\arm\\5.4.
 541              		.file 2 "c:\\program files (x86)\\cypress\\psoc creator\\4.1\\psoc creator\\import\\gnu\\arm\\5.4.
 542              		.file 3 "Generated_Source\\PSoC5\\cymetadata.c"
 543              		.section	.debug_info,"",%progbits
 544              	.Ldebug_info0:
 545 0000 31010000 		.4byte	0x131
 546 0004 0400     		.2byte	0x4
 547 0006 00000000 		.4byte	.Ldebug_abbrev0
 548 000a 04       		.byte	0x4
 549 000b 01       		.uleb128 0x1
 550 000c 86000000 		.4byte	.LASF17
 551 0010 0C       		.byte	0xc
 552 0011 E0010000 		.4byte	.LASF18
 553 0015 00000000 		.4byte	.LASF19
 554 0019 00000000 		.4byte	.Ldebug_line0
 555 001d 02       		.uleb128 0x2
 556 001e 01       		.byte	0x1
 557 001f 06       		.byte	0x6
 558 0020 D4010000 		.4byte	.LASF0
 559 0024 03       		.uleb128 0x3
 560 0025 62000000 		.4byte	.LASF9
 561 0029 01       		.byte	0x1
 562 002a 1D       		.byte	0x1d
 563 002b 2F000000 		.4byte	0x2f
 564 002f 02       		.uleb128 0x2
 565 0030 01       		.byte	0x1
 566 0031 08       		.byte	0x8
ARM GAS  C:\Users\POONAC~1\AppData\Local\Temp\ccsyh8v3.s 			page 11


 567 0032 78000000 		.4byte	.LASF1
 568 0036 02       		.uleb128 0x2
 569 0037 02       		.byte	0x2
 570 0038 05       		.byte	0x5
 571 0039 C1010000 		.4byte	.LASF2
 572 003d 02       		.uleb128 0x2
 573 003e 02       		.byte	0x2
 574 003f 07       		.byte	0x7
 575 0040 26010000 		.4byte	.LASF3
 576 0044 02       		.uleb128 0x2
 577 0045 04       		.byte	0x4
 578 0046 05       		.byte	0x5
 579 0047 CB010000 		.4byte	.LASF4
 580 004b 02       		.uleb128 0x2
 581 004c 04       		.byte	0x4
 582 004d 07       		.byte	0x7
 583 004e 14010000 		.4byte	.LASF5
 584 0052 02       		.uleb128 0x2
 585 0053 08       		.byte	0x8
 586 0054 05       		.byte	0x5
 587 0055 B3010000 		.4byte	.LASF6
 588 0059 02       		.uleb128 0x2
 589 005a 08       		.byte	0x8
 590 005b 07       		.byte	0x7
 591 005c 68010000 		.4byte	.LASF7
 592 0060 04       		.uleb128 0x4
 593 0061 04       		.byte	0x4
 594 0062 05       		.byte	0x5
 595 0063 696E7400 		.ascii	"int\000"
 596 0067 02       		.uleb128 0x2
 597 0068 04       		.byte	0x4
 598 0069 07       		.byte	0x7
 599 006a 5B010000 		.4byte	.LASF8
 600 006e 03       		.uleb128 0x3
 601 006f 7F010000 		.4byte	.LASF10
 602 0073 02       		.byte	0x2
 603 0074 18       		.byte	0x18
 604 0075 24000000 		.4byte	0x24
 605 0079 05       		.uleb128 0x5
 606 007a 91000000 		.4byte	0x91
 607 007e 8A000000 		.4byte	0x8a
 608 0082 06       		.uleb128 0x6
 609 0083 8A000000 		.4byte	0x8a
 610 0087 D301     		.2byte	0x1d3
 611 0089 00       		.byte	0
 612 008a 02       		.uleb128 0x2
 613 008b 04       		.byte	0x4
 614 008c 07       		.byte	0x7
 615 008d AA010000 		.4byte	.LASF11
 616 0091 07       		.uleb128 0x7
 617 0092 6E000000 		.4byte	0x6e
 618 0096 08       		.uleb128 0x8
 619 0097 49010000 		.4byte	.LASF12
 620 009b 03       		.byte	0x3
 621 009c 1F       		.byte	0x1f
 622 009d A7000000 		.4byte	0xa7
 623 00a1 05       		.uleb128 0x5
ARM GAS  C:\Users\POONAC~1\AppData\Local\Temp\ccsyh8v3.s 			page 12


 624 00a2 03       		.byte	0x3
 625 00a3 00000000 		.4byte	cy_meta_configecc
 626 00a7 07       		.uleb128 0x7
 627 00a8 79000000 		.4byte	0x79
 628 00ac 05       		.uleb128 0x5
 629 00ad 91000000 		.4byte	0x91
 630 00b1 BC000000 		.4byte	0xbc
 631 00b5 09       		.uleb128 0x9
 632 00b6 8A000000 		.4byte	0x8a
 633 00ba 03       		.byte	0x3
 634 00bb 00       		.byte	0
 635 00bc 08       		.uleb128 0x8
 636 00bd 39010000 		.4byte	.LASF13
 637 00c1 03       		.byte	0x3
 638 00c2 67       		.byte	0x67
 639 00c3 CD000000 		.4byte	0xcd
 640 00c7 05       		.uleb128 0x5
 641 00c8 03       		.byte	0x3
 642 00c9 00000000 		.4byte	cy_meta_custnvl
 643 00cd 07       		.uleb128 0x7
 644 00ce AC000000 		.4byte	0xac
 645 00d2 08       		.uleb128 0x8
 646 00d3 9C010000 		.4byte	.LASF14
 647 00d7 03       		.byte	0x3
 648 00d8 75       		.byte	0x75
 649 00d9 E3000000 		.4byte	0xe3
 650 00dd 05       		.uleb128 0x5
 651 00de 03       		.byte	0x3
 652 00df 00000000 		.4byte	cy_meta_wonvl
 653 00e3 07       		.uleb128 0x7
 654 00e4 AC000000 		.4byte	0xac
 655 00e8 05       		.uleb128 0x5
 656 00e9 91000000 		.4byte	0x91
 657 00ed F8000000 		.4byte	0xf8
 658 00f1 09       		.uleb128 0x9
 659 00f2 8A000000 		.4byte	0x8a
 660 00f6 FF       		.byte	0xff
 661 00f7 00       		.byte	0
 662 00f8 08       		.uleb128 0x8
 663 00f9 87010000 		.4byte	.LASF15
 664 00fd 03       		.byte	0x3
 665 00fe 83       		.byte	0x83
 666 00ff 09010000 		.4byte	0x109
 667 0103 05       		.uleb128 0x5
 668 0104 03       		.byte	0x3
 669 0105 00000000 		.4byte	cy_meta_flashprotect
 670 0109 07       		.uleb128 0x7
 671 010a E8000000 		.4byte	0xe8
 672 010e 05       		.uleb128 0x5
 673 010f 91000000 		.4byte	0x91
 674 0113 1E010000 		.4byte	0x11e
 675 0117 09       		.uleb128 0x9
 676 0118 8A000000 		.4byte	0x8a
 677 011c 0B       		.byte	0xb
 678 011d 00       		.byte	0
 679 011e 08       		.uleb128 0x8
 680 011f 6C000000 		.4byte	.LASF16
ARM GAS  C:\Users\POONAC~1\AppData\Local\Temp\ccsyh8v3.s 			page 13


 681 0123 03       		.byte	0x3
 682 0124 B0       		.byte	0xb0
 683 0125 2F010000 		.4byte	0x12f
 684 0129 05       		.uleb128 0x5
 685 012a 03       		.byte	0x3
 686 012b 00000000 		.4byte	cy_metadata
 687 012f 07       		.uleb128 0x7
 688 0130 0E010000 		.4byte	0x10e
 689 0134 00       		.byte	0
 690              		.section	.debug_abbrev,"",%progbits
 691              	.Ldebug_abbrev0:
 692 0000 01       		.uleb128 0x1
 693 0001 11       		.uleb128 0x11
 694 0002 01       		.byte	0x1
 695 0003 25       		.uleb128 0x25
 696 0004 0E       		.uleb128 0xe
 697 0005 13       		.uleb128 0x13
 698 0006 0B       		.uleb128 0xb
 699 0007 03       		.uleb128 0x3
 700 0008 0E       		.uleb128 0xe
 701 0009 1B       		.uleb128 0x1b
 702 000a 0E       		.uleb128 0xe
 703 000b 10       		.uleb128 0x10
 704 000c 17       		.uleb128 0x17
 705 000d 00       		.byte	0
 706 000e 00       		.byte	0
 707 000f 02       		.uleb128 0x2
 708 0010 24       		.uleb128 0x24
 709 0011 00       		.byte	0
 710 0012 0B       		.uleb128 0xb
 711 0013 0B       		.uleb128 0xb
 712 0014 3E       		.uleb128 0x3e
 713 0015 0B       		.uleb128 0xb
 714 0016 03       		.uleb128 0x3
 715 0017 0E       		.uleb128 0xe
 716 0018 00       		.byte	0
 717 0019 00       		.byte	0
 718 001a 03       		.uleb128 0x3
 719 001b 16       		.uleb128 0x16
 720 001c 00       		.byte	0
 721 001d 03       		.uleb128 0x3
 722 001e 0E       		.uleb128 0xe
 723 001f 3A       		.uleb128 0x3a
 724 0020 0B       		.uleb128 0xb
 725 0021 3B       		.uleb128 0x3b
 726 0022 0B       		.uleb128 0xb
 727 0023 49       		.uleb128 0x49
 728 0024 13       		.uleb128 0x13
 729 0025 00       		.byte	0
 730 0026 00       		.byte	0
 731 0027 04       		.uleb128 0x4
 732 0028 24       		.uleb128 0x24
 733 0029 00       		.byte	0
 734 002a 0B       		.uleb128 0xb
 735 002b 0B       		.uleb128 0xb
 736 002c 3E       		.uleb128 0x3e
 737 002d 0B       		.uleb128 0xb
ARM GAS  C:\Users\POONAC~1\AppData\Local\Temp\ccsyh8v3.s 			page 14


 738 002e 03       		.uleb128 0x3
 739 002f 08       		.uleb128 0x8
 740 0030 00       		.byte	0
 741 0031 00       		.byte	0
 742 0032 05       		.uleb128 0x5
 743 0033 01       		.uleb128 0x1
 744 0034 01       		.byte	0x1
 745 0035 49       		.uleb128 0x49
 746 0036 13       		.uleb128 0x13
 747 0037 01       		.uleb128 0x1
 748 0038 13       		.uleb128 0x13
 749 0039 00       		.byte	0
 750 003a 00       		.byte	0
 751 003b 06       		.uleb128 0x6
 752 003c 21       		.uleb128 0x21
 753 003d 00       		.byte	0
 754 003e 49       		.uleb128 0x49
 755 003f 13       		.uleb128 0x13
 756 0040 2F       		.uleb128 0x2f
 757 0041 05       		.uleb128 0x5
 758 0042 00       		.byte	0
 759 0043 00       		.byte	0
 760 0044 07       		.uleb128 0x7
 761 0045 26       		.uleb128 0x26
 762 0046 00       		.byte	0
 763 0047 49       		.uleb128 0x49
 764 0048 13       		.uleb128 0x13
 765 0049 00       		.byte	0
 766 004a 00       		.byte	0
 767 004b 08       		.uleb128 0x8
 768 004c 34       		.uleb128 0x34
 769 004d 00       		.byte	0
 770 004e 03       		.uleb128 0x3
 771 004f 0E       		.uleb128 0xe
 772 0050 3A       		.uleb128 0x3a
 773 0051 0B       		.uleb128 0xb
 774 0052 3B       		.uleb128 0x3b
 775 0053 0B       		.uleb128 0xb
 776 0054 49       		.uleb128 0x49
 777 0055 13       		.uleb128 0x13
 778 0056 3F       		.uleb128 0x3f
 779 0057 19       		.uleb128 0x19
 780 0058 02       		.uleb128 0x2
 781 0059 18       		.uleb128 0x18
 782 005a 00       		.byte	0
 783 005b 00       		.byte	0
 784 005c 09       		.uleb128 0x9
 785 005d 21       		.uleb128 0x21
 786 005e 00       		.byte	0
 787 005f 49       		.uleb128 0x49
 788 0060 13       		.uleb128 0x13
 789 0061 2F       		.uleb128 0x2f
 790 0062 0B       		.uleb128 0xb
 791 0063 00       		.byte	0
 792 0064 00       		.byte	0
 793 0065 00       		.byte	0
 794              		.section	.debug_aranges,"",%progbits
ARM GAS  C:\Users\POONAC~1\AppData\Local\Temp\ccsyh8v3.s 			page 15


 795 0000 14000000 		.4byte	0x14
 796 0004 0200     		.2byte	0x2
 797 0006 00000000 		.4byte	.Ldebug_info0
 798 000a 04       		.byte	0x4
 799 000b 00       		.byte	0
 800 000c 0000     		.2byte	0
 801 000e 0000     		.2byte	0
 802 0010 00000000 		.4byte	0
 803 0014 00000000 		.4byte	0
 804              		.section	.debug_line,"",%progbits
 805              	.Ldebug_line0:
 806 0000 3D010000 		.section	.debug_str,"MS",%progbits,1
 806      02003701 
 806      00000201 
 806      FB0E0D00 
 806      01010101 
 807              	.LASF19:
 808 0000 433A5C55 		.ascii	"C:\\Users\\poonachatheethiran\\Documents\\PSoC Crea"
 808      73657273 
 808      5C706F6F 
 808      6E616368 
 808      61746865 
 809 002f 746F725C 		.ascii	"tor\\networking\\networking-project\\networking.cyd"
 809      6E657477 
 809      6F726B69 
 809      6E675C6E 
 809      6574776F 
 810 005f 736E00   		.ascii	"sn\000"
 811              	.LASF9:
 812 0062 5F5F7569 		.ascii	"__uint8_t\000"
 812      6E74385F 
 812      7400
 813              	.LASF16:
 814 006c 63795F6D 		.ascii	"cy_metadata\000"
 814      65746164 
 814      61746100 
 815              	.LASF1:
 816 0078 756E7369 		.ascii	"unsigned char\000"
 816      676E6564 
 816      20636861 
 816      7200
 817              	.LASF17:
 818 0086 474E5520 		.ascii	"GNU C11 5.4.1 20160609 (release) [ARM/embedded-5-br"
 818      43313120 
 818      352E342E 
 818      31203230 
 818      31363036 
 819 00b9 616E6368 		.ascii	"anch revision 237715] -mcpu=cortex-m3 -mthumb -g -O"
 819      20726576 
 819      6973696F 
 819      6E203233 
 819      37373135 
 820 00ec 67202D66 		.ascii	"g -ffunction-sections -ffat-lto-objects\000"
 820      66756E63 
 820      74696F6E 
 820      2D736563 
 820      74696F6E 
ARM GAS  C:\Users\POONAC~1\AppData\Local\Temp\ccsyh8v3.s 			page 16


 821              	.LASF5:
 822 0114 6C6F6E67 		.ascii	"long unsigned int\000"
 822      20756E73 
 822      69676E65 
 822      6420696E 
 822      7400
 823              	.LASF3:
 824 0126 73686F72 		.ascii	"short unsigned int\000"
 824      7420756E 
 824      7369676E 
 824      65642069 
 824      6E7400
 825              	.LASF13:
 826 0139 63795F6D 		.ascii	"cy_meta_custnvl\000"
 826      6574615F 
 826      63757374 
 826      6E766C00 
 827              	.LASF12:
 828 0149 63795F6D 		.ascii	"cy_meta_configecc\000"
 828      6574615F 
 828      636F6E66 
 828      69676563 
 828      6300
 829              	.LASF8:
 830 015b 756E7369 		.ascii	"unsigned int\000"
 830      676E6564 
 830      20696E74 
 830      00
 831              	.LASF7:
 832 0168 6C6F6E67 		.ascii	"long long unsigned int\000"
 832      206C6F6E 
 832      6720756E 
 832      7369676E 
 832      65642069 
 833              	.LASF10:
 834 017f 75696E74 		.ascii	"uint8_t\000"
 834      385F7400 
 835              	.LASF15:
 836 0187 63795F6D 		.ascii	"cy_meta_flashprotect\000"
 836      6574615F 
 836      666C6173 
 836      6870726F 
 836      74656374 
 837              	.LASF14:
 838 019c 63795F6D 		.ascii	"cy_meta_wonvl\000"
 838      6574615F 
 838      776F6E76 
 838      6C00
 839              	.LASF11:
 840 01aa 73697A65 		.ascii	"sizetype\000"
 840      74797065 
 840      00
 841              	.LASF6:
 842 01b3 6C6F6E67 		.ascii	"long long int\000"
 842      206C6F6E 
 842      6720696E 
 842      7400
ARM GAS  C:\Users\POONAC~1\AppData\Local\Temp\ccsyh8v3.s 			page 17


 843              	.LASF2:
 844 01c1 73686F72 		.ascii	"short int\000"
 844      7420696E 
 844      7400
 845              	.LASF4:
 846 01cb 6C6F6E67 		.ascii	"long int\000"
 846      20696E74 
 846      00
 847              	.LASF0:
 848 01d4 7369676E 		.ascii	"signed char\000"
 848      65642063 
 848      68617200 
 849              	.LASF18:
 850 01e0 47656E65 		.ascii	"Generated_Source\\PSoC5\\cymetadata.c\000"
 850      72617465 
 850      645F536F 
 850      75726365 
 850      5C50536F 
 851              		.ident	"GCC: (GNU Tools for ARM Embedded Processors) 5.4.1 20160609 (release) [ARM/embedded-5-bran
