ARM GAS  C:\Users\SCHLED~1\AppData\Local\Temp\ccOPO4q0.s 			page 1


   1              		.syntax unified
   2              		.cpu cortex-m3
   3              		.fpu softvfp
   4              		.eabi_attribute 20, 1
   5              		.eabi_attribute 21, 1
   6              		.eabi_attribute 23, 3
   7              		.eabi_attribute 24, 1
   8              		.eabi_attribute 25, 1
   9              		.eabi_attribute 26, 1
  10              		.eabi_attribute 30, 1
  11              		.eabi_attribute 34, 1
  12              		.eabi_attribute 18, 4
  13              		.thumb
  14              		.syntax unified
  15              		.file	"functions.c"
  16              		.text
  17              	.Ltext0:
  18              		.cfi_sections	.debug_frame
  19              		.section	.text.getString,"ax",%progbits
  20              		.align	2
  21              		.global	getString
  22              		.thumb
  23              		.thumb_func
  24              		.type	getString, %function
  25              	getString:
  26              	.LFB64:
  27              		.file 1 "functions.c"
   1:functions.c   **** /* ========================================
   2:functions.c   ****  *
   3:functions.c   ****  * Copyright YOUR COMPANY, THE YEAR
   4:functions.c   ****  * All Rights Reserved
   5:functions.c   ****  * UNPUBLISHED, LICENSED SOFTWARE.
   6:functions.c   ****  *
   7:functions.c   ****  * CONFIDENTIAL AND PROPRIETARY INFORMATION
   8:functions.c   ****  * WHICH IS THE PROPERTY OF your company.
   9:functions.c   ****  *
  10:functions.c   ****  * ========================================
  11:functions.c   **** */
  12:functions.c   **** #include "functions.h"
  13:functions.c   **** #include <project.h>
  14:functions.c   **** 
  15:functions.c   **** 
  16:functions.c   **** int getString(char *c)
  17:functions.c   **** {
  28              		.loc 1 17 0
  29              		.cfi_startproc
  30              		@ args = 0, pretend = 0, frame = 16
  31              		@ frame_needed = 0, uses_anonymous_args = 0
  32              	.LVL0:
  33 0000 2DE9F041 		push	{r4, r5, r6, r7, r8, lr}
  34              		.cfi_def_cfa_offset 24
  35              		.cfi_offset 4, -24
  36              		.cfi_offset 5, -20
  37              		.cfi_offset 6, -16
  38              		.cfi_offset 7, -12
  39              		.cfi_offset 8, -8
  40              		.cfi_offset 14, -4
ARM GAS  C:\Users\SCHLED~1\AppData\Local\Temp\ccOPO4q0.s 			page 2


  41 0004 84B0     		sub	sp, sp, #16
  42              		.cfi_def_cfa_offset 40
  43 0006 8046     		mov	r8, r0
  44              	.LVL1:
  18:functions.c   ****     
  19:functions.c   ****     int size=0;
  20:functions.c   ****     int count=0;
  21:functions.c   ****     int brk=1;
  45              		.loc 1 21 0
  46 0008 0126     		movs	r6, #1
  19:functions.c   ****     int count=0;
  47              		.loc 1 19 0
  48 000a 0025     		movs	r5, #0
  49              	.LVL2:
  50              	.L8:
  22:functions.c   ****     uint8_t buffer[10];
  23:functions.c   ****     do
  24:functions.c   ****     {
  25:functions.c   ****         if (0u != USBUART_IsConfigurationChanged())
  51              		.loc 1 25 0
  52 000c FFF7FEFF 		bl	USBUART_IsConfigurationChanged
  53              	.LVL3:
  54 0010 20B1     		cbz	r0, .L2
  26:functions.c   ****         {
  27:functions.c   ****             /* Initialize IN endpoints when device is configured. */
  28:functions.c   ****             if (0u != USBUART_GetConfiguration())
  55              		.loc 1 28 0
  56 0012 FFF7FEFF 		bl	USBUART_GetConfiguration
  57              	.LVL4:
  58 0016 08B1     		cbz	r0, .L2
  29:functions.c   ****             {
  30:functions.c   ****                 /* Enumeration is done, enable OUT endpoint to receive data 
  31:functions.c   ****                  * from host. */
  32:functions.c   ****                 USBUART_CDC_Init();
  59              		.loc 1 32 0
  60 0018 FFF7FEFF 		bl	USBUART_CDC_Init
  61              	.LVL5:
  62              	.L2:
  33:functions.c   ****             }
  34:functions.c   ****         }
  35:functions.c   ****         /* Service USB CDC when device is configured. */
  36:functions.c   ****         if (0u != USBUART_GetConfiguration())
  63              		.loc 1 36 0
  64 001c FFF7FEFF 		bl	USBUART_GetConfiguration
  65              	.LVL6:
  66 0020 D8B1     		cbz	r0, .L3
  37:functions.c   ****         {
  38:functions.c   ****             /* Check for input data from host. */
  39:functions.c   ****             if (0u != USBUART_DataIsReady())
  67              		.loc 1 39 0
  68 0022 FFF7FEFF 		bl	USBUART_DataIsReady
  69              	.LVL7:
  70 0026 C0B1     		cbz	r0, .L3
  40:functions.c   ****             {
  41:functions.c   ****                 /* Read received data and re-enable OUT endpoint. */
  42:functions.c   ****                 count = USBUART_GetAll(buffer);
  71              		.loc 1 42 0
ARM GAS  C:\Users\SCHLED~1\AppData\Local\Temp\ccOPO4q0.s 			page 3


  72 0028 01A8     		add	r0, sp, #4
  73 002a FFF7FEFF 		bl	USBUART_GetAll
  74              	.LVL8:
  75 002e 0746     		mov	r7, r0
  76              	.LVL9:
  43:functions.c   **** 
  44:functions.c   ****                 if (0u != count)
  77              		.loc 1 44 0
  78 0030 80B9     		cbnz	r0, .L9
  79              	.LBB2:
  80 0032 12E0     		b	.L3
  81              	.LVL10:
  82              	.L7:
  45:functions.c   ****                 {
  46:functions.c   ****                     /* Wait until component is ready to send data to host. */
  47:functions.c   ****                     //while (0u == USBUART_CDCIsReady());
  48:functions.c   ****                     //LCD_ClearDisplay();
  49:functions.c   ****                     //LCD_Position(0,0);
  50:functions.c   ****                     for(int i=0;i<count;i++)
  51:functions.c   ****                     {
  52:functions.c   ****                         //LCD_PrintNumber(buffer[i]);
  53:functions.c   ****                         //LCD_PrintString(",");
  54:functions.c   ****                         if(buffer[i]==13)
  83              		.loc 1 54 0
  84 0034 04AB     		add	r3, sp, #16
  85 0036 2344     		add	r3, r3, r4
  86 0038 13F80C3C 		ldrb	r3, [r3, #-12]	@ zero_extendqisi2
  87 003c 0D2B     		cmp	r3, #13
  88 003e 04D1     		bne	.L5
  55:functions.c   ****                         {
  56:functions.c   ****                             brk=!brk;
  89              		.loc 1 56 0
  90 0040 86F00106 		eor	r6, r6, #1
  91              	.LVL11:
  57:functions.c   ****                             USBUART_PutCRLF();
  92              		.loc 1 57 0
  93 0044 FFF7FEFF 		bl	USBUART_PutCRLF
  94              	.LVL12:
  95 0048 02E0     		b	.L6
  96              	.L5:
  58:functions.c   ****                         }
  59:functions.c   ****                         else
  60:functions.c   ****                         {
  61:functions.c   ****                             c[size]=buffer[i];
  97              		.loc 1 61 0
  98 004a 08F80530 		strb	r3, [r8, r5]
  62:functions.c   ****                             size++;
  99              		.loc 1 62 0
 100 004e 0135     		adds	r5, r5, #1
 101              	.LVL13:
 102              	.L6:
  50:functions.c   ****                     {
 103              		.loc 1 50 0 discriminator 2
 104 0050 0134     		adds	r4, r4, #1
 105              	.LVL14:
 106 0052 00E0     		b	.L4
 107              	.LVL15:
ARM GAS  C:\Users\SCHLED~1\AppData\Local\Temp\ccOPO4q0.s 			page 4


 108              	.L9:
 109              	.LBE2:
 110 0054 0024     		movs	r4, #0
 111              	.LVL16:
 112              	.L4:
 113              	.LBB3:
  50:functions.c   ****                     {
 114              		.loc 1 50 0 is_stmt 0 discriminator 1
 115 0056 BC42     		cmp	r4, r7
 116 0058 ECDB     		blt	.L7
 117              	.LVL17:
 118              	.L3:
 119              	.LBE3:
  63:functions.c   ****                         }
  64:functions.c   ****                     }
  65:functions.c   ****                     //LCD_PrintNumber(count);
  66:functions.c   ****                     //USBUART_PutData(buffer, count);
  67:functions.c   ****                 }
  68:functions.c   ****             }
  69:functions.c   ****         }
  70:functions.c   ****     }while(brk);
 120              		.loc 1 70 0 is_stmt 1
 121 005a 002E     		cmp	r6, #0
 122 005c D6D1     		bne	.L8
  71:functions.c   ****     c[size]='\0';
 123              		.loc 1 71 0
 124 005e 0023     		movs	r3, #0
 125 0060 08F80530 		strb	r3, [r8, r5]
 126              	.LVL18:
  72:functions.c   ****     size++;
  73:functions.c   ****     return size;
  74:functions.c   **** }
 127              		.loc 1 74 0
 128 0064 681C     		adds	r0, r5, #1
 129              	.LVL19:
 130 0066 04B0     		add	sp, sp, #16
 131              		.cfi_def_cfa_offset 24
 132              		@ sp needed
 133 0068 BDE8F081 		pop	{r4, r5, r6, r7, r8, pc}
 134              		.cfi_endproc
 135              	.LFE64:
 136              		.size	getString, .-getString
 137              		.section	.text.putString,"ax",%progbits
 138              		.align	2
 139              		.global	putString
 140              		.thumb
 141              		.thumb_func
 142              		.type	putString, %function
 143              	putString:
 144              	.LFB65:
  75:functions.c   **** 
  76:functions.c   **** int putString(char * buffer, uint16 count)
  77:functions.c   **** {
 145              		.loc 1 77 0
 146              		.cfi_startproc
 147              		@ args = 0, pretend = 0, frame = 0
 148              		@ frame_needed = 0, uses_anonymous_args = 0
ARM GAS  C:\Users\SCHLED~1\AppData\Local\Temp\ccOPO4q0.s 			page 5


 149              	.LVL20:
 150 0000 38B5     		push	{r3, r4, r5, lr}
 151              		.cfi_def_cfa_offset 16
 152              		.cfi_offset 3, -16
 153              		.cfi_offset 4, -12
 154              		.cfi_offset 5, -8
 155              		.cfi_offset 14, -4
 156 0002 0446     		mov	r4, r0
 157 0004 0D46     		mov	r5, r1
 158              	.LVL21:
 159              	.L12:
  78:functions.c   ****     while(0u != USBUART_IsConfigurationChanged());
 160              		.loc 1 78 0 discriminator 1
 161 0006 FFF7FEFF 		bl	USBUART_IsConfigurationChanged
 162              	.LVL22:
 163 000a 0028     		cmp	r0, #0
 164 000c FBD1     		bne	.L12
  79:functions.c   ****     USBUART_CDC_Init();
 165              		.loc 1 79 0
 166 000e FFF7FEFF 		bl	USBUART_CDC_Init
 167              	.LVL23:
 168              	.L13:
  80:functions.c   ****     while(0u == USBUART_CDCIsReady());
 169              		.loc 1 80 0 discriminator 1
 170 0012 FFF7FEFF 		bl	USBUART_CDCIsReady
 171              	.LVL24:
 172 0016 0028     		cmp	r0, #0
 173 0018 FBD0     		beq	.L13
  81:functions.c   ****     USBUART_PutData(buffer, count);
 174              		.loc 1 81 0
 175 001a 2946     		mov	r1, r5
 176 001c 2046     		mov	r0, r4
 177 001e FFF7FEFF 		bl	USBUART_PutData
 178              	.LVL25:
  82:functions.c   ****     *(buffer) = '\0';
 179              		.loc 1 82 0
 180 0022 0020     		movs	r0, #0
 181 0024 2070     		strb	r0, [r4]
  83:functions.c   ****     return 0;
  84:functions.c   **** }
 182              		.loc 1 84 0
 183 0026 38BD     		pop	{r3, r4, r5, pc}
 184              		.cfi_endproc
 185              	.LFE65:
 186              		.size	putString, .-putString
 187              		.text
 188              	.Letext0:
 189              		.file 2 "c:\\program files (x86)\\cypress\\psoc creator\\4.1\\psoc creator\\import\\gnu\\arm\\5.4.
 190              		.file 3 "c:\\program files (x86)\\cypress\\psoc creator\\4.1\\psoc creator\\import\\gnu\\arm\\5.4.
 191              		.file 4 "Generated_Source\\PSoC5/cytypes.h"
 192              		.file 5 "Generated_Source\\PSoC5/USBUART_cdc.h"
 193              		.file 6 "Generated_Source\\PSoC5/USBUART.h"
 194              		.file 7 "Generated_Source\\PSoC5/core_cm3.h"
 195              		.section	.debug_info,"",%progbits
 196              	.Ldebug_info0:
 197 0000 6C020000 		.4byte	0x26c
 198 0004 0400     		.2byte	0x4
ARM GAS  C:\Users\SCHLED~1\AppData\Local\Temp\ccOPO4q0.s 			page 6


 199 0006 00000000 		.4byte	.Ldebug_abbrev0
 200 000a 04       		.byte	0x4
 201 000b 01       		.uleb128 0x1
 202 000c 80000000 		.4byte	.LASF32
 203 0010 0C       		.byte	0xc
 204 0011 23000000 		.4byte	.LASF33
 205 0015 42020000 		.4byte	.LASF34
 206 0019 18000000 		.4byte	.Ldebug_ranges0+0x18
 207 001d 00000000 		.4byte	0
 208 0021 00000000 		.4byte	.Ldebug_line0
 209 0025 02       		.uleb128 0x2
 210 0026 04       		.byte	0x4
 211 0027 07       		.byte	0x7
 212 0028 8B010000 		.4byte	.LASF0
 213 002c 03       		.uleb128 0x3
 214 002d 04       		.byte	0x4
 215 002e 05       		.byte	0x5
 216 002f 696E7400 		.ascii	"int\000"
 217 0033 02       		.uleb128 0x2
 218 0034 08       		.byte	0x8
 219 0035 05       		.byte	0x5
 220 0036 ED010000 		.4byte	.LASF1
 221 003a 02       		.uleb128 0x2
 222 003b 08       		.byte	0x8
 223 003c 04       		.byte	0x4
 224 003d 2A020000 		.4byte	.LASF2
 225 0041 02       		.uleb128 0x2
 226 0042 01       		.byte	0x1
 227 0043 06       		.byte	0x6
 228 0044 36020000 		.4byte	.LASF3
 229 0048 04       		.uleb128 0x4
 230 0049 00000000 		.4byte	.LASF7
 231 004d 02       		.byte	0x2
 232 004e 1D       		.byte	0x1d
 233 004f 53000000 		.4byte	0x53
 234 0053 02       		.uleb128 0x2
 235 0054 01       		.byte	0x1
 236 0055 08       		.byte	0x8
 237 0056 33010000 		.4byte	.LASF4
 238 005a 02       		.uleb128 0x2
 239 005b 02       		.byte	0x2
 240 005c 05       		.byte	0x5
 241 005d 10020000 		.4byte	.LASF5
 242 0061 02       		.uleb128 0x2
 243 0062 02       		.byte	0x2
 244 0063 07       		.byte	0x7
 245 0064 20010000 		.4byte	.LASF6
 246 0068 04       		.uleb128 0x4
 247 0069 0A000000 		.4byte	.LASF8
 248 006d 02       		.byte	0x2
 249 006e 3F       		.byte	0x3f
 250 006f 73000000 		.4byte	0x73
 251 0073 02       		.uleb128 0x2
 252 0074 04       		.byte	0x4
 253 0075 05       		.byte	0x5
 254 0076 21020000 		.4byte	.LASF9
 255 007a 02       		.uleb128 0x2
ARM GAS  C:\Users\SCHLED~1\AppData\Local\Temp\ccOPO4q0.s 			page 7


 256 007b 04       		.byte	0x4
 257 007c 07       		.byte	0x7
 258 007d 0E010000 		.4byte	.LASF10
 259 0081 02       		.uleb128 0x2
 260 0082 08       		.byte	0x8
 261 0083 07       		.byte	0x7
 262 0084 A9010000 		.4byte	.LASF11
 263 0088 02       		.uleb128 0x2
 264 0089 04       		.byte	0x4
 265 008a 07       		.byte	0x7
 266 008b E4010000 		.4byte	.LASF12
 267 008f 05       		.uleb128 0x5
 268 0090 04       		.byte	0x4
 269 0091 95000000 		.4byte	0x95
 270 0095 02       		.uleb128 0x2
 271 0096 01       		.byte	0x1
 272 0097 08       		.byte	0x8
 273 0098 FB010000 		.4byte	.LASF13
 274 009c 04       		.uleb128 0x4
 275 009d C0010000 		.4byte	.LASF14
 276 00a1 03       		.byte	0x3
 277 00a2 18       		.byte	0x18
 278 00a3 48000000 		.4byte	0x48
 279 00a7 04       		.uleb128 0x4
 280 00a8 DC010000 		.4byte	.LASF15
 281 00ac 03       		.byte	0x3
 282 00ad 2C       		.byte	0x2c
 283 00ae 68000000 		.4byte	0x68
 284 00b2 06       		.uleb128 0x6
 285 00b3 77010000 		.4byte	.LASF16
 286 00b7 04       		.byte	0x4
 287 00b8 9301     		.2byte	0x193
 288 00ba 61000000 		.4byte	0x61
 289 00be 02       		.uleb128 0x2
 290 00bf 04       		.byte	0x4
 291 00c0 04       		.byte	0x4
 292 00c1 75000000 		.4byte	.LASF17
 293 00c5 02       		.uleb128 0x2
 294 00c6 08       		.byte	0x8
 295 00c7 04       		.byte	0x4
 296 00c8 41010000 		.4byte	.LASF18
 297 00cc 07       		.uleb128 0x7
 298 00cd 00020000 		.4byte	.LASF22
 299 00d1 01       		.byte	0x1
 300 00d2 10       		.byte	0x10
 301 00d3 2C000000 		.4byte	0x2c
 302 00d7 00000000 		.4byte	.LFB64
 303 00db 6C000000 		.4byte	.LFE64-.LFB64
 304 00df 01       		.uleb128 0x1
 305 00e0 9C       		.byte	0x9c
 306 00e1 8B010000 		.4byte	0x18b
 307 00e5 08       		.uleb128 0x8
 308 00e6 6300     		.ascii	"c\000"
 309 00e8 01       		.byte	0x1
 310 00e9 10       		.byte	0x10
 311 00ea 8F000000 		.4byte	0x8f
 312 00ee 00000000 		.4byte	.LLST0
ARM GAS  C:\Users\SCHLED~1\AppData\Local\Temp\ccOPO4q0.s 			page 8


 313 00f2 09       		.uleb128 0x9
 314 00f3 7B000000 		.4byte	.LASF19
 315 00f7 01       		.byte	0x1
 316 00f8 13       		.byte	0x13
 317 00f9 2C000000 		.4byte	0x2c
 318 00fd 1E000000 		.4byte	.LLST1
 319 0101 09       		.uleb128 0x9
 320 0102 0A020000 		.4byte	.LASF20
 321 0106 01       		.byte	0x1
 322 0107 14       		.byte	0x14
 323 0108 2C000000 		.4byte	0x2c
 324 010c 55000000 		.4byte	.LLST2
 325 0110 0A       		.uleb128 0xa
 326 0111 62726B00 		.ascii	"brk\000"
 327 0115 01       		.byte	0x1
 328 0116 15       		.byte	0x15
 329 0117 2C000000 		.4byte	0x2c
 330 011b 95000000 		.4byte	.LLST3
 331 011f 0B       		.uleb128 0xb
 332 0120 1A020000 		.4byte	.LASF21
 333 0124 01       		.byte	0x1
 334 0125 16       		.byte	0x16
 335 0126 8B010000 		.4byte	0x18b
 336 012a 02       		.uleb128 0x2
 337 012b 91       		.byte	0x91
 338 012c 5C       		.sleb128 -36
 339 012d 0C       		.uleb128 0xc
 340 012e 00000000 		.4byte	.Ldebug_ranges0+0
 341 0132 4D010000 		.4byte	0x14d
 342 0136 0A       		.uleb128 0xa
 343 0137 6900     		.ascii	"i\000"
 344 0139 01       		.byte	0x1
 345 013a 32       		.byte	0x32
 346 013b 2C000000 		.4byte	0x2c
 347 013f B4000000 		.4byte	.LLST4
 348 0143 0D       		.uleb128 0xd
 349 0144 48000000 		.4byte	.LVL12
 350 0148 15020000 		.4byte	0x215
 351 014c 00       		.byte	0
 352 014d 0D       		.uleb128 0xd
 353 014e 10000000 		.4byte	.LVL3
 354 0152 20020000 		.4byte	0x220
 355 0156 0D       		.uleb128 0xd
 356 0157 16000000 		.4byte	.LVL4
 357 015b 2C020000 		.4byte	0x22c
 358 015f 0D       		.uleb128 0xd
 359 0160 1C000000 		.4byte	.LVL5
 360 0164 38020000 		.4byte	0x238
 361 0168 0D       		.uleb128 0xd
 362 0169 20000000 		.4byte	.LVL6
 363 016d 2C020000 		.4byte	0x22c
 364 0171 0D       		.uleb128 0xd
 365 0172 26000000 		.4byte	.LVL7
 366 0176 43020000 		.4byte	0x243
 367 017a 0E       		.uleb128 0xe
 368 017b 2E000000 		.4byte	.LVL8
 369 017f 4E020000 		.4byte	0x24e
ARM GAS  C:\Users\SCHLED~1\AppData\Local\Temp\ccOPO4q0.s 			page 9


 370 0183 0F       		.uleb128 0xf
 371 0184 01       		.uleb128 0x1
 372 0185 50       		.byte	0x50
 373 0186 02       		.uleb128 0x2
 374 0187 91       		.byte	0x91
 375 0188 5C       		.sleb128 -36
 376 0189 00       		.byte	0
 377 018a 00       		.byte	0
 378 018b 10       		.uleb128 0x10
 379 018c 9C000000 		.4byte	0x9c
 380 0190 9B010000 		.4byte	0x19b
 381 0194 11       		.uleb128 0x11
 382 0195 88000000 		.4byte	0x88
 383 0199 09       		.byte	0x9
 384 019a 00       		.byte	0
 385 019b 07       		.uleb128 0x7
 386 019c 58000000 		.4byte	.LASF23
 387 01a0 01       		.byte	0x1
 388 01a1 4C       		.byte	0x4c
 389 01a2 2C000000 		.4byte	0x2c
 390 01a6 00000000 		.4byte	.LFB65
 391 01aa 28000000 		.4byte	.LFE65-.LFB65
 392 01ae 01       		.uleb128 0x1
 393 01af 9C       		.byte	0x9c
 394 01b0 04020000 		.4byte	0x204
 395 01b4 12       		.uleb128 0x12
 396 01b5 1A020000 		.4byte	.LASF21
 397 01b9 01       		.byte	0x1
 398 01ba 4C       		.byte	0x4c
 399 01bb 8F000000 		.4byte	0x8f
 400 01bf D2000000 		.4byte	.LLST5
 401 01c3 12       		.uleb128 0x12
 402 01c4 0A020000 		.4byte	.LASF20
 403 01c8 01       		.byte	0x1
 404 01c9 4C       		.byte	0x4c
 405 01ca B2000000 		.4byte	0xb2
 406 01ce F0000000 		.4byte	.LLST6
 407 01d2 0D       		.uleb128 0xd
 408 01d3 0A000000 		.4byte	.LVL22
 409 01d7 20020000 		.4byte	0x220
 410 01db 0D       		.uleb128 0xd
 411 01dc 12000000 		.4byte	.LVL23
 412 01e0 38020000 		.4byte	0x238
 413 01e4 0D       		.uleb128 0xd
 414 01e5 16000000 		.4byte	.LVL24
 415 01e9 59020000 		.4byte	0x259
 416 01ed 0E       		.uleb128 0xe
 417 01ee 22000000 		.4byte	.LVL25
 418 01f2 64020000 		.4byte	0x264
 419 01f6 0F       		.uleb128 0xf
 420 01f7 01       		.uleb128 0x1
 421 01f8 50       		.byte	0x50
 422 01f9 02       		.uleb128 0x2
 423 01fa 74       		.byte	0x74
 424 01fb 00       		.sleb128 0
 425 01fc 0F       		.uleb128 0xf
 426 01fd 01       		.uleb128 0x1
ARM GAS  C:\Users\SCHLED~1\AppData\Local\Temp\ccOPO4q0.s 			page 10


 427 01fe 51       		.byte	0x51
 428 01ff 02       		.uleb128 0x2
 429 0200 75       		.byte	0x75
 430 0201 00       		.sleb128 0
 431 0202 00       		.byte	0
 432 0203 00       		.byte	0
 433 0204 13       		.uleb128 0x13
 434 0205 7E010000 		.4byte	.LASF35
 435 0209 07       		.byte	0x7
 436 020a 1207     		.2byte	0x712
 437 020c 10020000 		.4byte	0x210
 438 0210 14       		.uleb128 0x14
 439 0211 A7000000 		.4byte	0xa7
 440 0215 15       		.uleb128 0x15
 441 0216 48010000 		.4byte	.LASF24
 442 021a 48010000 		.4byte	.LASF24
 443 021e 05       		.byte	0x5
 444 021f 26       		.byte	0x26
 445 0220 16       		.uleb128 0x16
 446 0221 58010000 		.4byte	.LASF25
 447 0225 58010000 		.4byte	.LASF25
 448 0229 06       		.byte	0x6
 449 022a 3201     		.2byte	0x132
 450 022c 16       		.uleb128 0x16
 451 022d 3F000000 		.4byte	.LASF26
 452 0231 3F000000 		.4byte	.LASF26
 453 0235 06       		.byte	0x6
 454 0236 3101     		.2byte	0x131
 455 0238 15       		.uleb128 0x15
 456 0239 98010000 		.4byte	.LASF27
 457 023d 98010000 		.4byte	.LASF27
 458 0241 05       		.byte	0x5
 459 0242 22       		.byte	0x22
 460 0243 15       		.uleb128 0x15
 461 0244 C8010000 		.4byte	.LASF28
 462 0248 C8010000 		.4byte	.LASF28
 463 024c 05       		.byte	0x5
 464 024d 29       		.byte	0x29
 465 024e 15       		.uleb128 0x15
 466 024f 14000000 		.4byte	.LASF29
 467 0253 14000000 		.4byte	.LASF29
 468 0257 05       		.byte	0x5
 469 0258 2B       		.byte	0x2b
 470 0259 15       		.uleb128 0x15
 471 025a 62000000 		.4byte	.LASF30
 472 025e 62000000 		.4byte	.LASF30
 473 0262 05       		.byte	0x5
 474 0263 28       		.byte	0x28
 475 0264 15       		.uleb128 0x15
 476 0265 2F000000 		.4byte	.LASF31
 477 0269 2F000000 		.4byte	.LASF31
 478 026d 05       		.byte	0x5
 479 026e 23       		.byte	0x23
 480 026f 00       		.byte	0
 481              		.section	.debug_abbrev,"",%progbits
 482              	.Ldebug_abbrev0:
 483 0000 01       		.uleb128 0x1
ARM GAS  C:\Users\SCHLED~1\AppData\Local\Temp\ccOPO4q0.s 			page 11


 484 0001 11       		.uleb128 0x11
 485 0002 01       		.byte	0x1
 486 0003 25       		.uleb128 0x25
 487 0004 0E       		.uleb128 0xe
 488 0005 13       		.uleb128 0x13
 489 0006 0B       		.uleb128 0xb
 490 0007 03       		.uleb128 0x3
 491 0008 0E       		.uleb128 0xe
 492 0009 1B       		.uleb128 0x1b
 493 000a 0E       		.uleb128 0xe
 494 000b 55       		.uleb128 0x55
 495 000c 17       		.uleb128 0x17
 496 000d 11       		.uleb128 0x11
 497 000e 01       		.uleb128 0x1
 498 000f 10       		.uleb128 0x10
 499 0010 17       		.uleb128 0x17
 500 0011 00       		.byte	0
 501 0012 00       		.byte	0
 502 0013 02       		.uleb128 0x2
 503 0014 24       		.uleb128 0x24
 504 0015 00       		.byte	0
 505 0016 0B       		.uleb128 0xb
 506 0017 0B       		.uleb128 0xb
 507 0018 3E       		.uleb128 0x3e
 508 0019 0B       		.uleb128 0xb
 509 001a 03       		.uleb128 0x3
 510 001b 0E       		.uleb128 0xe
 511 001c 00       		.byte	0
 512 001d 00       		.byte	0
 513 001e 03       		.uleb128 0x3
 514 001f 24       		.uleb128 0x24
 515 0020 00       		.byte	0
 516 0021 0B       		.uleb128 0xb
 517 0022 0B       		.uleb128 0xb
 518 0023 3E       		.uleb128 0x3e
 519 0024 0B       		.uleb128 0xb
 520 0025 03       		.uleb128 0x3
 521 0026 08       		.uleb128 0x8
 522 0027 00       		.byte	0
 523 0028 00       		.byte	0
 524 0029 04       		.uleb128 0x4
 525 002a 16       		.uleb128 0x16
 526 002b 00       		.byte	0
 527 002c 03       		.uleb128 0x3
 528 002d 0E       		.uleb128 0xe
 529 002e 3A       		.uleb128 0x3a
 530 002f 0B       		.uleb128 0xb
 531 0030 3B       		.uleb128 0x3b
 532 0031 0B       		.uleb128 0xb
 533 0032 49       		.uleb128 0x49
 534 0033 13       		.uleb128 0x13
 535 0034 00       		.byte	0
 536 0035 00       		.byte	0
 537 0036 05       		.uleb128 0x5
 538 0037 0F       		.uleb128 0xf
 539 0038 00       		.byte	0
 540 0039 0B       		.uleb128 0xb
ARM GAS  C:\Users\SCHLED~1\AppData\Local\Temp\ccOPO4q0.s 			page 12


 541 003a 0B       		.uleb128 0xb
 542 003b 49       		.uleb128 0x49
 543 003c 13       		.uleb128 0x13
 544 003d 00       		.byte	0
 545 003e 00       		.byte	0
 546 003f 06       		.uleb128 0x6
 547 0040 16       		.uleb128 0x16
 548 0041 00       		.byte	0
 549 0042 03       		.uleb128 0x3
 550 0043 0E       		.uleb128 0xe
 551 0044 3A       		.uleb128 0x3a
 552 0045 0B       		.uleb128 0xb
 553 0046 3B       		.uleb128 0x3b
 554 0047 05       		.uleb128 0x5
 555 0048 49       		.uleb128 0x49
 556 0049 13       		.uleb128 0x13
 557 004a 00       		.byte	0
 558 004b 00       		.byte	0
 559 004c 07       		.uleb128 0x7
 560 004d 2E       		.uleb128 0x2e
 561 004e 01       		.byte	0x1
 562 004f 3F       		.uleb128 0x3f
 563 0050 19       		.uleb128 0x19
 564 0051 03       		.uleb128 0x3
 565 0052 0E       		.uleb128 0xe
 566 0053 3A       		.uleb128 0x3a
 567 0054 0B       		.uleb128 0xb
 568 0055 3B       		.uleb128 0x3b
 569 0056 0B       		.uleb128 0xb
 570 0057 27       		.uleb128 0x27
 571 0058 19       		.uleb128 0x19
 572 0059 49       		.uleb128 0x49
 573 005a 13       		.uleb128 0x13
 574 005b 11       		.uleb128 0x11
 575 005c 01       		.uleb128 0x1
 576 005d 12       		.uleb128 0x12
 577 005e 06       		.uleb128 0x6
 578 005f 40       		.uleb128 0x40
 579 0060 18       		.uleb128 0x18
 580 0061 9742     		.uleb128 0x2117
 581 0063 19       		.uleb128 0x19
 582 0064 01       		.uleb128 0x1
 583 0065 13       		.uleb128 0x13
 584 0066 00       		.byte	0
 585 0067 00       		.byte	0
 586 0068 08       		.uleb128 0x8
 587 0069 05       		.uleb128 0x5
 588 006a 00       		.byte	0
 589 006b 03       		.uleb128 0x3
 590 006c 08       		.uleb128 0x8
 591 006d 3A       		.uleb128 0x3a
 592 006e 0B       		.uleb128 0xb
 593 006f 3B       		.uleb128 0x3b
 594 0070 0B       		.uleb128 0xb
 595 0071 49       		.uleb128 0x49
 596 0072 13       		.uleb128 0x13
 597 0073 02       		.uleb128 0x2
ARM GAS  C:\Users\SCHLED~1\AppData\Local\Temp\ccOPO4q0.s 			page 13


 598 0074 17       		.uleb128 0x17
 599 0075 00       		.byte	0
 600 0076 00       		.byte	0
 601 0077 09       		.uleb128 0x9
 602 0078 34       		.uleb128 0x34
 603 0079 00       		.byte	0
 604 007a 03       		.uleb128 0x3
 605 007b 0E       		.uleb128 0xe
 606 007c 3A       		.uleb128 0x3a
 607 007d 0B       		.uleb128 0xb
 608 007e 3B       		.uleb128 0x3b
 609 007f 0B       		.uleb128 0xb
 610 0080 49       		.uleb128 0x49
 611 0081 13       		.uleb128 0x13
 612 0082 02       		.uleb128 0x2
 613 0083 17       		.uleb128 0x17
 614 0084 00       		.byte	0
 615 0085 00       		.byte	0
 616 0086 0A       		.uleb128 0xa
 617 0087 34       		.uleb128 0x34
 618 0088 00       		.byte	0
 619 0089 03       		.uleb128 0x3
 620 008a 08       		.uleb128 0x8
 621 008b 3A       		.uleb128 0x3a
 622 008c 0B       		.uleb128 0xb
 623 008d 3B       		.uleb128 0x3b
 624 008e 0B       		.uleb128 0xb
 625 008f 49       		.uleb128 0x49
 626 0090 13       		.uleb128 0x13
 627 0091 02       		.uleb128 0x2
 628 0092 17       		.uleb128 0x17
 629 0093 00       		.byte	0
 630 0094 00       		.byte	0
 631 0095 0B       		.uleb128 0xb
 632 0096 34       		.uleb128 0x34
 633 0097 00       		.byte	0
 634 0098 03       		.uleb128 0x3
 635 0099 0E       		.uleb128 0xe
 636 009a 3A       		.uleb128 0x3a
 637 009b 0B       		.uleb128 0xb
 638 009c 3B       		.uleb128 0x3b
 639 009d 0B       		.uleb128 0xb
 640 009e 49       		.uleb128 0x49
 641 009f 13       		.uleb128 0x13
 642 00a0 02       		.uleb128 0x2
 643 00a1 18       		.uleb128 0x18
 644 00a2 00       		.byte	0
 645 00a3 00       		.byte	0
 646 00a4 0C       		.uleb128 0xc
 647 00a5 0B       		.uleb128 0xb
 648 00a6 01       		.byte	0x1
 649 00a7 55       		.uleb128 0x55
 650 00a8 17       		.uleb128 0x17
 651 00a9 01       		.uleb128 0x1
 652 00aa 13       		.uleb128 0x13
 653 00ab 00       		.byte	0
 654 00ac 00       		.byte	0
ARM GAS  C:\Users\SCHLED~1\AppData\Local\Temp\ccOPO4q0.s 			page 14


 655 00ad 0D       		.uleb128 0xd
 656 00ae 898201   		.uleb128 0x4109
 657 00b1 00       		.byte	0
 658 00b2 11       		.uleb128 0x11
 659 00b3 01       		.uleb128 0x1
 660 00b4 31       		.uleb128 0x31
 661 00b5 13       		.uleb128 0x13
 662 00b6 00       		.byte	0
 663 00b7 00       		.byte	0
 664 00b8 0E       		.uleb128 0xe
 665 00b9 898201   		.uleb128 0x4109
 666 00bc 01       		.byte	0x1
 667 00bd 11       		.uleb128 0x11
 668 00be 01       		.uleb128 0x1
 669 00bf 31       		.uleb128 0x31
 670 00c0 13       		.uleb128 0x13
 671 00c1 00       		.byte	0
 672 00c2 00       		.byte	0
 673 00c3 0F       		.uleb128 0xf
 674 00c4 8A8201   		.uleb128 0x410a
 675 00c7 00       		.byte	0
 676 00c8 02       		.uleb128 0x2
 677 00c9 18       		.uleb128 0x18
 678 00ca 9142     		.uleb128 0x2111
 679 00cc 18       		.uleb128 0x18
 680 00cd 00       		.byte	0
 681 00ce 00       		.byte	0
 682 00cf 10       		.uleb128 0x10
 683 00d0 01       		.uleb128 0x1
 684 00d1 01       		.byte	0x1
 685 00d2 49       		.uleb128 0x49
 686 00d3 13       		.uleb128 0x13
 687 00d4 01       		.uleb128 0x1
 688 00d5 13       		.uleb128 0x13
 689 00d6 00       		.byte	0
 690 00d7 00       		.byte	0
 691 00d8 11       		.uleb128 0x11
 692 00d9 21       		.uleb128 0x21
 693 00da 00       		.byte	0
 694 00db 49       		.uleb128 0x49
 695 00dc 13       		.uleb128 0x13
 696 00dd 2F       		.uleb128 0x2f
 697 00de 0B       		.uleb128 0xb
 698 00df 00       		.byte	0
 699 00e0 00       		.byte	0
 700 00e1 12       		.uleb128 0x12
 701 00e2 05       		.uleb128 0x5
 702 00e3 00       		.byte	0
 703 00e4 03       		.uleb128 0x3
 704 00e5 0E       		.uleb128 0xe
 705 00e6 3A       		.uleb128 0x3a
 706 00e7 0B       		.uleb128 0xb
 707 00e8 3B       		.uleb128 0x3b
 708 00e9 0B       		.uleb128 0xb
 709 00ea 49       		.uleb128 0x49
 710 00eb 13       		.uleb128 0x13
 711 00ec 02       		.uleb128 0x2
ARM GAS  C:\Users\SCHLED~1\AppData\Local\Temp\ccOPO4q0.s 			page 15


 712 00ed 17       		.uleb128 0x17
 713 00ee 00       		.byte	0
 714 00ef 00       		.byte	0
 715 00f0 13       		.uleb128 0x13
 716 00f1 34       		.uleb128 0x34
 717 00f2 00       		.byte	0
 718 00f3 03       		.uleb128 0x3
 719 00f4 0E       		.uleb128 0xe
 720 00f5 3A       		.uleb128 0x3a
 721 00f6 0B       		.uleb128 0xb
 722 00f7 3B       		.uleb128 0x3b
 723 00f8 05       		.uleb128 0x5
 724 00f9 49       		.uleb128 0x49
 725 00fa 13       		.uleb128 0x13
 726 00fb 3F       		.uleb128 0x3f
 727 00fc 19       		.uleb128 0x19
 728 00fd 3C       		.uleb128 0x3c
 729 00fe 19       		.uleb128 0x19
 730 00ff 00       		.byte	0
 731 0100 00       		.byte	0
 732 0101 14       		.uleb128 0x14
 733 0102 35       		.uleb128 0x35
 734 0103 00       		.byte	0
 735 0104 49       		.uleb128 0x49
 736 0105 13       		.uleb128 0x13
 737 0106 00       		.byte	0
 738 0107 00       		.byte	0
 739 0108 15       		.uleb128 0x15
 740 0109 2E       		.uleb128 0x2e
 741 010a 00       		.byte	0
 742 010b 3F       		.uleb128 0x3f
 743 010c 19       		.uleb128 0x19
 744 010d 3C       		.uleb128 0x3c
 745 010e 19       		.uleb128 0x19
 746 010f 6E       		.uleb128 0x6e
 747 0110 0E       		.uleb128 0xe
 748 0111 03       		.uleb128 0x3
 749 0112 0E       		.uleb128 0xe
 750 0113 3A       		.uleb128 0x3a
 751 0114 0B       		.uleb128 0xb
 752 0115 3B       		.uleb128 0x3b
 753 0116 0B       		.uleb128 0xb
 754 0117 00       		.byte	0
 755 0118 00       		.byte	0
 756 0119 16       		.uleb128 0x16
 757 011a 2E       		.uleb128 0x2e
 758 011b 00       		.byte	0
 759 011c 3F       		.uleb128 0x3f
 760 011d 19       		.uleb128 0x19
 761 011e 3C       		.uleb128 0x3c
 762 011f 19       		.uleb128 0x19
 763 0120 6E       		.uleb128 0x6e
 764 0121 0E       		.uleb128 0xe
 765 0122 03       		.uleb128 0x3
 766 0123 0E       		.uleb128 0xe
 767 0124 3A       		.uleb128 0x3a
 768 0125 0B       		.uleb128 0xb
ARM GAS  C:\Users\SCHLED~1\AppData\Local\Temp\ccOPO4q0.s 			page 16


 769 0126 3B       		.uleb128 0x3b
 770 0127 05       		.uleb128 0x5
 771 0128 00       		.byte	0
 772 0129 00       		.byte	0
 773 012a 00       		.byte	0
 774              		.section	.debug_loc,"",%progbits
 775              	.Ldebug_loc0:
 776              	.LLST0:
 777 0000 00000000 		.4byte	.LVL0
 778 0004 0C000000 		.4byte	.LVL2
 779 0008 0100     		.2byte	0x1
 780 000a 50       		.byte	0x50
 781 000b 0C000000 		.4byte	.LVL2
 782 000f 6C000000 		.4byte	.LFE64
 783 0013 0100     		.2byte	0x1
 784 0015 58       		.byte	0x58
 785 0016 00000000 		.4byte	0
 786 001a 00000000 		.4byte	0
 787              	.LLST1:
 788 001e 08000000 		.4byte	.LVL1
 789 0022 0C000000 		.4byte	.LVL2
 790 0026 0200     		.2byte	0x2
 791 0028 30       		.byte	0x30
 792 0029 9F       		.byte	0x9f
 793 002a 0C000000 		.4byte	.LVL2
 794 002e 64000000 		.4byte	.LVL18
 795 0032 0100     		.2byte	0x1
 796 0034 55       		.byte	0x55
 797 0035 64000000 		.4byte	.LVL18
 798 0039 66000000 		.4byte	.LVL19
 799 003d 0300     		.2byte	0x3
 800 003f 75       		.byte	0x75
 801 0040 01       		.sleb128 1
 802 0041 9F       		.byte	0x9f
 803 0042 66000000 		.4byte	.LVL19
 804 0046 6C000000 		.4byte	.LFE64
 805 004a 0100     		.2byte	0x1
 806 004c 50       		.byte	0x50
 807 004d 00000000 		.4byte	0
 808 0051 00000000 		.4byte	0
 809              	.LLST2:
 810 0055 08000000 		.4byte	.LVL1
 811 0059 0C000000 		.4byte	.LVL2
 812 005d 0200     		.2byte	0x2
 813 005f 30       		.byte	0x30
 814 0060 9F       		.byte	0x9f
 815 0061 30000000 		.4byte	.LVL9
 816 0065 34000000 		.4byte	.LVL10
 817 0069 0100     		.2byte	0x1
 818 006b 50       		.byte	0x50
 819 006c 34000000 		.4byte	.LVL10
 820 0070 54000000 		.4byte	.LVL15
 821 0074 0100     		.2byte	0x1
 822 0076 57       		.byte	0x57
 823 0077 54000000 		.4byte	.LVL15
 824 007b 56000000 		.4byte	.LVL16
 825 007f 0100     		.2byte	0x1
ARM GAS  C:\Users\SCHLED~1\AppData\Local\Temp\ccOPO4q0.s 			page 17


 826 0081 50       		.byte	0x50
 827 0082 56000000 		.4byte	.LVL16
 828 0086 5A000000 		.4byte	.LVL17
 829 008a 0100     		.2byte	0x1
 830 008c 57       		.byte	0x57
 831 008d 00000000 		.4byte	0
 832 0091 00000000 		.4byte	0
 833              	.LLST3:
 834 0095 08000000 		.4byte	.LVL1
 835 0099 0C000000 		.4byte	.LVL2
 836 009d 0200     		.2byte	0x2
 837 009f 31       		.byte	0x31
 838 00a0 9F       		.byte	0x9f
 839 00a1 0C000000 		.4byte	.LVL2
 840 00a5 6C000000 		.4byte	.LFE64
 841 00a9 0100     		.2byte	0x1
 842 00ab 56       		.byte	0x56
 843 00ac 00000000 		.4byte	0
 844 00b0 00000000 		.4byte	0
 845              	.LLST4:
 846 00b4 34000000 		.4byte	.LVL10
 847 00b8 54000000 		.4byte	.LVL15
 848 00bc 0100     		.2byte	0x1
 849 00be 54       		.byte	0x54
 850 00bf 56000000 		.4byte	.LVL16
 851 00c3 5A000000 		.4byte	.LVL17
 852 00c7 0100     		.2byte	0x1
 853 00c9 54       		.byte	0x54
 854 00ca 00000000 		.4byte	0
 855 00ce 00000000 		.4byte	0
 856              	.LLST5:
 857 00d2 00000000 		.4byte	.LVL20
 858 00d6 06000000 		.4byte	.LVL21
 859 00da 0100     		.2byte	0x1
 860 00dc 50       		.byte	0x50
 861 00dd 06000000 		.4byte	.LVL21
 862 00e1 28000000 		.4byte	.LFE65
 863 00e5 0100     		.2byte	0x1
 864 00e7 54       		.byte	0x54
 865 00e8 00000000 		.4byte	0
 866 00ec 00000000 		.4byte	0
 867              	.LLST6:
 868 00f0 00000000 		.4byte	.LVL20
 869 00f4 06000000 		.4byte	.LVL21
 870 00f8 0100     		.2byte	0x1
 871 00fa 51       		.byte	0x51
 872 00fb 06000000 		.4byte	.LVL21
 873 00ff 28000000 		.4byte	.LFE65
 874 0103 0400     		.2byte	0x4
 875 0105 F3       		.byte	0xf3
 876 0106 01       		.uleb128 0x1
 877 0107 51       		.byte	0x51
 878 0108 9F       		.byte	0x9f
 879 0109 00000000 		.4byte	0
 880 010d 00000000 		.4byte	0
 881              		.section	.debug_aranges,"",%progbits
 882 0000 24000000 		.4byte	0x24
ARM GAS  C:\Users\SCHLED~1\AppData\Local\Temp\ccOPO4q0.s 			page 18


 883 0004 0200     		.2byte	0x2
 884 0006 00000000 		.4byte	.Ldebug_info0
 885 000a 04       		.byte	0x4
 886 000b 00       		.byte	0
 887 000c 0000     		.2byte	0
 888 000e 0000     		.2byte	0
 889 0010 00000000 		.4byte	.LFB64
 890 0014 6C000000 		.4byte	.LFE64-.LFB64
 891 0018 00000000 		.4byte	.LFB65
 892 001c 28000000 		.4byte	.LFE65-.LFB65
 893 0020 00000000 		.4byte	0
 894 0024 00000000 		.4byte	0
 895              		.section	.debug_ranges,"",%progbits
 896              	.Ldebug_ranges0:
 897 0000 32000000 		.4byte	.LBB2
 898 0004 54000000 		.4byte	.LBE2
 899 0008 56000000 		.4byte	.LBB3
 900 000c 5A000000 		.4byte	.LBE3
 901 0010 00000000 		.4byte	0
 902 0014 00000000 		.4byte	0
 903 0018 00000000 		.4byte	.LFB64
 904 001c 6C000000 		.4byte	.LFE64
 905 0020 00000000 		.4byte	.LFB65
 906 0024 28000000 		.4byte	.LFE65
 907 0028 00000000 		.4byte	0
 908 002c 00000000 		.4byte	0
 909              		.section	.debug_line,"",%progbits
 910              	.Ldebug_line0:
 911 0000 C5010000 		.section	.debug_str,"MS",%progbits,1
 911      02006F01 
 911      00000201 
 911      FB0E0D00 
 911      01010101 
 912              	.LASF7:
 913 0000 5F5F7569 		.ascii	"__uint8_t\000"
 913      6E74385F 
 913      7400
 914              	.LASF8:
 915 000a 5F5F696E 		.ascii	"__int32_t\000"
 915      7433325F 
 915      7400
 916              	.LASF29:
 917 0014 55534255 		.ascii	"USBUART_GetAll\000"
 917      4152545F 
 917      47657441 
 917      6C6C00
 918              	.LASF33:
 919 0023 66756E63 		.ascii	"functions.c\000"
 919      74696F6E 
 919      732E6300 
 920              	.LASF31:
 921 002f 55534255 		.ascii	"USBUART_PutData\000"
 921      4152545F 
 921      50757444 
 921      61746100 
 922              	.LASF26:
 923 003f 55534255 		.ascii	"USBUART_GetConfiguration\000"
ARM GAS  C:\Users\SCHLED~1\AppData\Local\Temp\ccOPO4q0.s 			page 19


 923      4152545F 
 923      47657443 
 923      6F6E6669 
 923      67757261 
 924              	.LASF23:
 925 0058 70757453 		.ascii	"putString\000"
 925      7472696E 
 925      6700
 926              	.LASF30:
 927 0062 55534255 		.ascii	"USBUART_CDCIsReady\000"
 927      4152545F 
 927      43444349 
 927      73526561 
 927      647900
 928              	.LASF17:
 929 0075 666C6F61 		.ascii	"float\000"
 929      7400
 930              	.LASF19:
 931 007b 73697A65 		.ascii	"size\000"
 931      00
 932              	.LASF32:
 933 0080 474E5520 		.ascii	"GNU C11 5.4.1 20160609 (release) [ARM/embedded-5-br"
 933      43313120 
 933      352E342E 
 933      31203230 
 933      31363036 
 934 00b3 616E6368 		.ascii	"anch revision 237715] -mcpu=cortex-m3 -mthumb -g -O"
 934      20726576 
 934      6973696F 
 934      6E203233 
 934      37373135 
 935 00e6 67202D66 		.ascii	"g -ffunction-sections -ffat-lto-objects\000"
 935      66756E63 
 935      74696F6E 
 935      2D736563 
 935      74696F6E 
 936              	.LASF10:
 937 010e 6C6F6E67 		.ascii	"long unsigned int\000"
 937      20756E73 
 937      69676E65 
 937      6420696E 
 937      7400
 938              	.LASF6:
 939 0120 73686F72 		.ascii	"short unsigned int\000"
 939      7420756E 
 939      7369676E 
 939      65642069 
 939      6E7400
 940              	.LASF4:
 941 0133 756E7369 		.ascii	"unsigned char\000"
 941      676E6564 
 941      20636861 
 941      7200
 942              	.LASF18:
 943 0141 646F7562 		.ascii	"double\000"
 943      6C6500
 944              	.LASF24:
ARM GAS  C:\Users\SCHLED~1\AppData\Local\Temp\ccOPO4q0.s 			page 20


 945 0148 55534255 		.ascii	"USBUART_PutCRLF\000"
 945      4152545F 
 945      50757443 
 945      524C4600 
 946              	.LASF25:
 947 0158 55534255 		.ascii	"USBUART_IsConfigurationChanged\000"
 947      4152545F 
 947      4973436F 
 947      6E666967 
 947      75726174 
 948              	.LASF16:
 949 0177 75696E74 		.ascii	"uint16\000"
 949      313600
 950              	.LASF35:
 951 017e 49544D5F 		.ascii	"ITM_RxBuffer\000"
 951      52784275 
 951      66666572 
 951      00
 952              	.LASF0:
 953 018b 756E7369 		.ascii	"unsigned int\000"
 953      676E6564 
 953      20696E74 
 953      00
 954              	.LASF27:
 955 0198 55534255 		.ascii	"USBUART_CDC_Init\000"
 955      4152545F 
 955      4344435F 
 955      496E6974 
 955      00
 956              	.LASF11:
 957 01a9 6C6F6E67 		.ascii	"long long unsigned int\000"
 957      206C6F6E 
 957      6720756E 
 957      7369676E 
 957      65642069 
 958              	.LASF14:
 959 01c0 75696E74 		.ascii	"uint8_t\000"
 959      385F7400 
 960              	.LASF28:
 961 01c8 55534255 		.ascii	"USBUART_DataIsReady\000"
 961      4152545F 
 961      44617461 
 961      49735265 
 961      61647900 
 962              	.LASF15:
 963 01dc 696E7433 		.ascii	"int32_t\000"
 963      325F7400 
 964              	.LASF12:
 965 01e4 73697A65 		.ascii	"sizetype\000"
 965      74797065 
 965      00
 966              	.LASF1:
 967 01ed 6C6F6E67 		.ascii	"long long int\000"
 967      206C6F6E 
 967      6720696E 
 967      7400
 968              	.LASF13:
ARM GAS  C:\Users\SCHLED~1\AppData\Local\Temp\ccOPO4q0.s 			page 21


 969 01fb 63686172 		.ascii	"char\000"
 969      00
 970              	.LASF22:
 971 0200 67657453 		.ascii	"getString\000"
 971      7472696E 
 971      6700
 972              	.LASF20:
 973 020a 636F756E 		.ascii	"count\000"
 973      7400
 974              	.LASF5:
 975 0210 73686F72 		.ascii	"short int\000"
 975      7420696E 
 975      7400
 976              	.LASF21:
 977 021a 62756666 		.ascii	"buffer\000"
 977      657200
 978              	.LASF9:
 979 0221 6C6F6E67 		.ascii	"long int\000"
 979      20696E74 
 979      00
 980              	.LASF2:
 981 022a 6C6F6E67 		.ascii	"long double\000"
 981      20646F75 
 981      626C6500 
 982              	.LASF3:
 983 0236 7369676E 		.ascii	"signed char\000"
 983      65642063 
 983      68617200 
 984              	.LASF34:
 985 0242 433A5C55 		.ascii	"C:\\Users\\schledererj\\sdp\\github\\networking-pro"
 985      73657273 
 985      5C736368 
 985      6C656465 
 985      7265726A 
 986 0270 6A656374 		.ascii	"ject\\networking.cydsn\000"
 986      5C6E6574 
 986      776F726B 
 986      696E672E 
 986      63796473 
 987              		.ident	"GCC: (GNU Tools for ARM Embedded Processors) 5.4.1 20160609 (release) [ARM/embedded-5-bran
