ARM GAS  C:\Users\POONAC~1\AppData\Local\Temp\ccx7IcyJ.s 			page 1


   1              		.syntax unified
   2              		.cpu cortex-m3
   3              		.fpu softvfp
   4              		.eabi_attribute 20, 1
   5              		.eabi_attribute 21, 1
   6              		.eabi_attribute 23, 3
   7              		.eabi_attribute 24, 1
   8              		.eabi_attribute 25, 1
   9              		.eabi_attribute 26, 1
  10              		.eabi_attribute 30, 1
  11              		.eabi_attribute 34, 1
  12              		.eabi_attribute 18, 4
  13              		.thumb
  14              		.syntax unified
  15              		.file	"main.c"
  16              		.text
  17              	.Ltext0:
  18              		.cfi_sections	.debug_frame
  19              		.section	.text.InterruptHandler,"ax",%progbits
  20              		.align	2
  21              		.global	InterruptHandler
  22              		.thumb
  23              		.thumb_func
  24              		.type	InterruptHandler, %function
  25              	InterruptHandler:
  26              	.LFB64:
  27              		.file 1 "main.c"
   1:main.c        **** /* ========================================
   2:main.c        ****  *
   3:main.c        ****  * Copyright YOUR COMPANY, THE YEAR
   4:main.c        ****  * All Rights Reserved
   5:main.c        ****  * UNPUBLISHED, LICENSED SOFTWARE.
   6:main.c        ****  *
   7:main.c        ****  * CONFIDENTIAL AND PROPRIETARY INFORMATION
   8:main.c        ****  * WHICH IS THE PROPERTY OF your company.
   9:main.c        ****  *
  10:main.c        ****  * ========================================
  11:main.c        **** */
  12:main.c        **** #include <stdlib.h>
  13:main.c        **** #include "project.h"
  14:main.c        **** #include "functions.h"
  15:main.c        **** #define USBFS_DEVICE    (0u)
  16:main.c        **** int InterruptCnt;
  17:main.c        **** /*******************************************************************************
  18:main.c        **** * Define Interrupt service routine and allocate an vector to the Interrupt
  19:main.c        **** ********************************************************************************/
  20:main.c        **** typedef enum state {IDLE, COLLISION, BUSY_HIGH, BUSY_LOW} State;
  21:main.c        **** State cur_state = IDLE;
  22:main.c        **** int check_for_low = 0;
  23:main.c        **** 
  24:main.c        **** CY_ISR(InterruptHandler)
  25:main.c        **** {
  28              		.loc 1 25 0
  29              		.cfi_startproc
  30              		@ args = 0, pretend = 0, frame = 0
  31              		@ frame_needed = 0, uses_anonymous_args = 0
  32              		@ link register save eliminated.
ARM GAS  C:\Users\POONAC~1\AppData\Local\Temp\ccx7IcyJ.s 			page 2


  26:main.c        **** 	/* Read Status register in order to clear the sticky Terminal Count (TC) bit 
  27:main.c        **** 	 * in the status register. Note that the function is not called, but rather 
  28:main.c        **** 	 * the status is read directly.
  29:main.c        **** 	 */
  30:main.c        ****    	Timer_1_STATUS;
  33              		.loc 1 30 0
  34 0000 064B     		ldr	r3, .L4
  35 0002 1B78     		ldrb	r3, [r3]	@ zero_extendqisi2
  31:main.c        ****     
  32:main.c        ****     if (check_for_low == 0){
  36              		.loc 1 32 0
  37 0004 064B     		ldr	r3, .L4+4
  38 0006 1B68     		ldr	r3, [r3]
  39 0008 1BB9     		cbnz	r3, .L2
  33:main.c        ****         cur_state = IDLE;
  40              		.loc 1 33 0
  41 000a 0022     		movs	r2, #0
  42 000c 044B     		ldr	r3, .L4+4
  43 000e 1A71     		strb	r2, [r3, #4]
  44 0010 7047     		bx	lr
  45              	.L2:
  34:main.c        ****     } else {
  35:main.c        ****         cur_state = COLLISION;
  46              		.loc 1 35 0
  47 0012 0122     		movs	r2, #1
  48 0014 024B     		ldr	r3, .L4+4
  49 0016 1A71     		strb	r2, [r3, #4]
  50 0018 7047     		bx	lr
  51              	.L5:
  52 001a 00BF     		.align	2
  53              	.L4:
  54 001c 65650040 		.word	1073767781
  55 0020 00000000 		.word	.LANCHOR0
  56              		.cfi_endproc
  57              	.LFE64:
  58              		.size	InterruptHandler, .-InterruptHandler
  59              		.section	.text.rise,"ax",%progbits
  60              		.align	2
  61              		.global	rise
  62              		.thumb
  63              		.thumb_func
  64              		.type	rise, %function
  65              	rise:
  66              	.LFB65:
  36:main.c        ****     }
  37:main.c        **** }
  38:main.c        **** 
  39:main.c        **** CY_ISR(rise)
  40:main.c        **** {
  67              		.loc 1 40 0
  68              		.cfi_startproc
  69              		@ args = 0, pretend = 0, frame = 0
  70              		@ frame_needed = 0, uses_anonymous_args = 0
  71 0000 08B5     		push	{r3, lr}
  72              		.cfi_def_cfa_offset 8
  73              		.cfi_offset 3, -8
  74              		.cfi_offset 14, -4
ARM GAS  C:\Users\POONAC~1\AppData\Local\Temp\ccx7IcyJ.s 			page 3


  41:main.c        ****     if (check_for_low == 0){
  75              		.loc 1 41 0
  76 0002 084B     		ldr	r3, .L9
  77 0004 1B68     		ldr	r3, [r3]
  78 0006 63B9     		cbnz	r3, .L6
  42:main.c        ****         //Timer_1_WritePeriod(60);
  43:main.c        ****         //Timer_1_WriteCounter(59);
  44:main.c        ****         Timer_1_WritePeriod(52);
  79              		.loc 1 44 0
  80 0008 3420     		movs	r0, #52
  81 000a FFF7FEFF 		bl	Timer_1_WritePeriod
  82              	.LVL0:
  45:main.c        ****         Timer_1_WriteCounter(51);
  83              		.loc 1 45 0
  84 000e 3320     		movs	r0, #51
  85 0010 FFF7FEFF 		bl	Timer_1_WriteCounter
  86              	.LVL1:
  46:main.c        ****         Timer_1_Start();
  87              		.loc 1 46 0
  88 0014 FFF7FEFF 		bl	Timer_1_Start
  89              	.LVL2:
  47:main.c        ****         check_for_low = 1;
  90              		.loc 1 47 0
  91 0018 024B     		ldr	r3, .L9
  92 001a 0122     		movs	r2, #1
  93 001c 1A60     		str	r2, [r3]
  48:main.c        ****         cur_state = BUSY_HIGH;
  94              		.loc 1 48 0
  95 001e 0222     		movs	r2, #2
  96 0020 1A71     		strb	r2, [r3, #4]
  97              	.L6:
  98 0022 08BD     		pop	{r3, pc}
  99              	.L10:
 100              		.align	2
 101              	.L9:
 102 0024 00000000 		.word	.LANCHOR0
 103              		.cfi_endproc
 104              	.LFE65:
 105              		.size	rise, .-rise
 106              		.section	.text.fall,"ax",%progbits
 107              		.align	2
 108              		.global	fall
 109              		.thumb
 110              		.thumb_func
 111              		.type	fall, %function
 112              	fall:
 113              	.LFB66:
  49:main.c        ****     }
  50:main.c        **** }
  51:main.c        ****  
  52:main.c        **** CY_ISR(fall)
  53:main.c        **** {
 114              		.loc 1 53 0
 115              		.cfi_startproc
 116              		@ args = 0, pretend = 0, frame = 0
 117              		@ frame_needed = 0, uses_anonymous_args = 0
 118 0000 08B5     		push	{r3, lr}
ARM GAS  C:\Users\POONAC~1\AppData\Local\Temp\ccx7IcyJ.s 			page 4


 119              		.cfi_def_cfa_offset 8
 120              		.cfi_offset 3, -8
 121              		.cfi_offset 14, -4
  54:main.c        ****     if (check_for_low == 1){
 122              		.loc 1 54 0
 123 0002 0A4B     		ldr	r3, .L14
 124 0004 1B68     		ldr	r3, [r3]
 125 0006 012B     		cmp	r3, #1
 126 0008 0ED1     		bne	.L11
  55:main.c        ****         //Timer_1_WritePeriod(770);
  56:main.c        ****         //Timer_1_WriteCounter(769);
  57:main.c        ****         Timer_1_WritePeriod(830);
 127              		.loc 1 57 0
 128 000a 40F23E30 		movw	r0, #830
 129 000e FFF7FEFF 		bl	Timer_1_WritePeriod
 130              	.LVL3:
  58:main.c        ****         Timer_1_WriteCounter(829);
 131              		.loc 1 58 0
 132 0012 40F23D30 		movw	r0, #829
 133 0016 FFF7FEFF 		bl	Timer_1_WriteCounter
 134              	.LVL4:
  59:main.c        ****         Timer_1_Start();
 135              		.loc 1 59 0
 136 001a FFF7FEFF 		bl	Timer_1_Start
 137              	.LVL5:
  60:main.c        ****         check_for_low = 0;
 138              		.loc 1 60 0
 139 001e 034B     		ldr	r3, .L14
 140 0020 0022     		movs	r2, #0
 141 0022 1A60     		str	r2, [r3]
  61:main.c        ****         cur_state = BUSY_LOW;
 142              		.loc 1 61 0
 143 0024 0322     		movs	r2, #3
 144 0026 1A71     		strb	r2, [r3, #4]
 145              	.L11:
 146 0028 08BD     		pop	{r3, pc}
 147              	.L15:
 148 002a 00BF     		.align	2
 149              	.L14:
 150 002c 00000000 		.word	.LANCHOR0
 151              		.cfi_endproc
 152              	.LFE66:
 153              		.size	fall, .-fall
 154              		.section	.text.main,"ax",%progbits
 155              		.align	2
 156              		.global	main
 157              		.thumb
 158              		.thumb_func
 159              		.type	main, %function
 160              	main:
 161              	.LFB67:
  62:main.c        ****     }
  63:main.c        **** }
  64:main.c        **** 
  65:main.c        **** int main(void)
  66:main.c        **** {
 162              		.loc 1 66 0
ARM GAS  C:\Users\POONAC~1\AppData\Local\Temp\ccx7IcyJ.s 			page 5


 163              		.cfi_startproc
 164              		@ args = 0, pretend = 0, frame = 56
 165              		@ frame_needed = 0, uses_anonymous_args = 0
 166 0000 70B5     		push	{r4, r5, r6, lr}
 167              		.cfi_def_cfa_offset 16
 168              		.cfi_offset 4, -16
 169              		.cfi_offset 5, -12
 170              		.cfi_offset 6, -8
 171              		.cfi_offset 14, -4
 172 0002 8EB0     		sub	sp, sp, #56
 173              		.cfi_def_cfa_offset 72
  67:main.c        ****     CyGlobalIntEnable;
 174              		.loc 1 67 0
 175              		.syntax unified
 176              	@ 67 "main.c" 1
 177 0004 62B6     		CPSIE   i
 178              	@ 0 "" 2
  68:main.c        ****     TimerISR_StartEx(InterruptHandler);
 179              		.loc 1 68 0
 180              		.thumb
 181              		.syntax unified
 182 0006 5748     		ldr	r0, .L34
 183 0008 FFF7FEFF 		bl	TimerISR_StartEx
 184              	.LVL6:
  69:main.c        ****     InterruptCnt=0;
 185              		.loc 1 69 0
 186 000c 0024     		movs	r4, #0
 187 000e 564B     		ldr	r3, .L34+4
 188 0010 1C60     		str	r4, [r3]
  70:main.c        ****     LCD_Start();
 189              		.loc 1 70 0
 190 0012 FFF7FEFF 		bl	LCD_Start
 191              	.LVL7:
  71:main.c        ****     USBUART_Start(USBFS_DEVICE, USBUART_5V_OPERATION);
 192              		.loc 1 71 0
 193 0016 0121     		movs	r1, #1
 194 0018 2046     		mov	r0, r4
 195 001a FFF7FEFF 		bl	USBUART_Start
 196              	.LVL8:
  72:main.c        ****     
  73:main.c        ****     
  74:main.c        ****     
  75:main.c        ****     isr_1_StartEx(rise);
 197              		.loc 1 75 0
 198 001e 5348     		ldr	r0, .L34+8
 199 0020 FFF7FEFF 		bl	isr_1_StartEx
 200              	.LVL9:
  76:main.c        ****     isr_2_StartEx(fall);
 201              		.loc 1 76 0
 202 0024 5248     		ldr	r0, .L34+12
 203 0026 FFF7FEFF 		bl	isr_2_StartEx
 204              	.LVL10:
  77:main.c        **** 
  78:main.c        ****     uint16 delay = 500;
  79:main.c        ****     char input[44]; 
  80:main.c        ****     uint8 idx = 0;
  81:main.c        ****     char transmit;
ARM GAS  C:\Users\POONAC~1\AppData\Local\Temp\ccx7IcyJ.s 			page 6


  82:main.c        ****     NETWORK_OUT_Write(0);
 205              		.loc 1 82 0
 206 002a 2046     		mov	r0, r4
 207 002c FFF7FEFF 		bl	NETWORK_OUT_Write
 208              	.LVL11:
 209              	.L31:
  83:main.c        ****     uint8 no_collision = 1;
  84:main.c        ****     int8 transmission_complete = 0;
  85:main.c        ****     int size;
  86:main.c        ****     
  87:main.c        ****     for(;;)
  88:main.c        ****     {
  89:main.c        ****         LCD_ClearDisplay();
 210              		.loc 1 89 0
 211 0030 0120     		movs	r0, #1
 212 0032 FFF7FEFF 		bl	LCD_WriteControl
 213              	.LVL12:
  90:main.c        ****         LCD_Position(0,0);
 214              		.loc 1 90 0
 215 0036 0021     		movs	r1, #0
 216 0038 0846     		mov	r0, r1
 217 003a FFF7FEFF 		bl	LCD_Position
 218              	.LVL13:
  91:main.c        ****         LCD_PrintString(" READING STRING");
 219              		.loc 1 91 0
 220 003e 4D48     		ldr	r0, .L34+16
 221 0040 FFF7FEFF 		bl	LCD_PrintString
 222              	.LVL14:
  92:main.c        ****         
  93:main.c        ****         getString(input);
 223              		.loc 1 93 0
 224 0044 03A8     		add	r0, sp, #12
 225 0046 FFF7FEFF 		bl	getString
 226              	.LVL15:
 227              	.L17:
  94:main.c        **** 
  95:main.c        ****         transmission_complete=0;
  96:main.c        ****         idx=0;
  97:main.c        ****         
  98:main.c        ****         while(cur_state != IDLE);
 228              		.loc 1 98 0 discriminator 1
 229 004a 4B4B     		ldr	r3, .L34+20
 230 004c 1B79     		ldrb	r3, [r3, #4]	@ zero_extendqisi2
 231 004e 002B     		cmp	r3, #0
 232 0050 FBD1     		bne	.L17
 233 0052 0025     		movs	r5, #0
 234 0054 2E46     		mov	r6, r5
 235 0056 81E0     		b	.L19
 236              	.LVL16:
 237              	.L30:
  99:main.c        ****         while(!transmission_complete)
 100:main.c        ****         {
 101:main.c        ****             switch(cur_state)
 238              		.loc 1 101 0
 239 0058 474B     		ldr	r3, .L34+20
 240 005a 1B79     		ldrb	r3, [r3, #4]	@ zero_extendqisi2
 241 005c 032B     		cmp	r3, #3
ARM GAS  C:\Users\POONAC~1\AppData\Local\Temp\ccx7IcyJ.s 			page 7


 242 005e 7DD8     		bhi	.L19
 243 0060 DFE803F0 		tbb	[pc, r3]
 244              	.L21:
 245 0064 02       		.byte	(.L20-.L21)/2
 246 0065 54       		.byte	(.L22-.L21)/2
 247 0066 65       		.byte	(.L23-.L21)/2
 248 0067 70       		.byte	(.L24-.L21)/2
 249              		.p2align 1
 250              	.L20:
 251              	.LBB2:
 102:main.c        ****             {
 103:main.c        ****                 case IDLE :
 104:main.c        ****                     LCD_ClearDisplay();
 252              		.loc 1 104 0
 253 0068 0120     		movs	r0, #1
 254 006a FFF7FEFF 		bl	LCD_WriteControl
 255              	.LVL17:
 105:main.c        ****                     LCD_Position(0,0);
 256              		.loc 1 105 0
 257 006e 0021     		movs	r1, #0
 258 0070 0846     		mov	r0, r1
 259 0072 FFF7FEFF 		bl	LCD_Position
 260              	.LVL18:
 106:main.c        ****                     LCD_PrintString("IDLE, Transmitting: ");
 261              		.loc 1 106 0
 262 0076 4148     		ldr	r0, .L34+24
 263 0078 FFF7FEFF 		bl	LCD_PrintString
 264              	.LVL19:
 107:main.c        ****                     LCD_Position(1,0);
 265              		.loc 1 107 0
 266 007c 0021     		movs	r1, #0
 267 007e 0120     		movs	r0, #1
 268 0080 FFF7FEFF 		bl	LCD_Position
 269              	.LVL20:
 108:main.c        ****                     LCD_PrintString(input);
 270              		.loc 1 108 0
 271 0084 03AC     		add	r4, sp, #12
 272 0086 2046     		mov	r0, r4
 273 0088 FFF7FEFF 		bl	LCD_PrintString
 274              	.LVL21:
 109:main.c        ****                     LCD_PrintString("At: ");
 275              		.loc 1 109 0
 276 008c 3C48     		ldr	r0, .L34+28
 277 008e FFF7FEFF 		bl	LCD_PrintString
 278              	.LVL22:
 110:main.c        ****                     LCD_PrintNumber(idx);
 279              		.loc 1 110 0
 280 0092 3046     		mov	r0, r6
 281 0094 FFF7FEFF 		bl	LCD_PrintU32Number
 282              	.LVL23:
 111:main.c        ****                     
 112:main.c        ****                     if((transmit = * (input + idx)) != '\0')
 283              		.loc 1 112 0
 284 0098 A45D     		ldrb	r4, [r4, r6]	@ zero_extendqisi2
 285              	.LVL24:
 286 009a 002C     		cmp	r4, #0
 287 009c 5DD0     		beq	.L32
ARM GAS  C:\Users\POONAC~1\AppData\Local\Temp\ccx7IcyJ.s 			page 8


 288              	.LBB3:
 113:main.c        ****                     {
 114:main.c        ****                         NETWORK_OUT_Write(1);
 289              		.loc 1 114 0
 290 009e 0120     		movs	r0, #1
 291 00a0 FFF7FEFF 		bl	NETWORK_OUT_Write
 292              	.LVL25:
 115:main.c        ****                         CyDelayUs(delay);
 293              		.loc 1 115 0
 294 00a4 4FF4FA70 		mov	r0, #500
 295 00a8 FFF7FEFF 		bl	CyDelayUs
 296              	.LVL26:
 116:main.c        ****                         NETWORK_OUT_Write(0);
 297              		.loc 1 116 0
 298 00ac 0020     		movs	r0, #0
 299 00ae FFF7FEFF 		bl	NETWORK_OUT_Write
 300              	.LVL27:
 117:main.c        ****                         CyDelayUs(delay);
 301              		.loc 1 117 0
 302 00b2 4FF4FA70 		mov	r0, #500
 303 00b6 FFF7FEFF 		bl	CyDelayUs
 304              	.LVL28:
 118:main.c        ****                         
 119:main.c        ****                         char binary[8];
 120:main.c        ****                     
 121:main.c        ****                         // Convert to binary
 122:main.c        ****                         itoa(transmit, binary, 2);
 305              		.loc 1 122 0
 306 00ba 0222     		movs	r2, #2
 307 00bc 01A9     		add	r1, sp, #4
 308 00be 2046     		mov	r0, r4
 309 00c0 FFF7FEFF 		bl	itoa
 310              	.LVL29:
 311              	.LBB4:
 123:main.c        ****                         for (int i = 0; i < 7; ++i)
 312              		.loc 1 123 0
 313 00c4 0024     		movs	r4, #0
 314              	.LVL30:
 315 00c6 1CE0     		b	.L26
 316              	.LVL31:
 317              	.L29:
 124:main.c        ****                         {
 125:main.c        ****                             if (binary[i] == '0')
 318              		.loc 1 125 0
 319 00c8 0EAB     		add	r3, sp, #56
 320 00ca 2344     		add	r3, r3, r4
 321 00cc 13F8343C 		ldrb	r3, [r3, #-52]	@ zero_extendqisi2
 322 00d0 302B     		cmp	r3, #48
 323 00d2 07D1     		bne	.L27
 126:main.c        ****                             {
 127:main.c        ****                                 NETWORK_OUT_Write(0);
 324              		.loc 1 127 0
 325 00d4 0020     		movs	r0, #0
 326 00d6 FFF7FEFF 		bl	NETWORK_OUT_Write
 327              	.LVL32:
 128:main.c        ****                                 CyDelayUs(delay * 2);
 328              		.loc 1 128 0
ARM GAS  C:\Users\POONAC~1\AppData\Local\Temp\ccx7IcyJ.s 			page 9


 329 00da 4FF47A70 		mov	r0, #1000
 330 00de FFF7FEFF 		bl	CyDelayUs
 331              	.LVL33:
 332 00e2 0DE0     		b	.L28
 333              	.L27:
 129:main.c        ****                             }
 130:main.c        ****                             else
 131:main.c        ****                             {
 132:main.c        ****                                 NETWORK_OUT_Write(1);
 334              		.loc 1 132 0
 335 00e4 0120     		movs	r0, #1
 336 00e6 FFF7FEFF 		bl	NETWORK_OUT_Write
 337              	.LVL34:
 133:main.c        ****                                 CyDelayUs(delay);
 338              		.loc 1 133 0
 339 00ea 4FF4FA70 		mov	r0, #500
 340 00ee FFF7FEFF 		bl	CyDelayUs
 341              	.LVL35:
 134:main.c        ****                                 NETWORK_OUT_Write(0);
 342              		.loc 1 134 0
 343 00f2 0020     		movs	r0, #0
 344 00f4 FFF7FEFF 		bl	NETWORK_OUT_Write
 345              	.LVL36:
 135:main.c        ****                                 CyDelayUs(delay);
 346              		.loc 1 135 0
 347 00f8 4FF4FA70 		mov	r0, #500
 348 00fc FFF7FEFF 		bl	CyDelayUs
 349              	.LVL37:
 350              	.L28:
 123:main.c        ****                         {
 351              		.loc 1 123 0 discriminator 2
 352 0100 0134     		adds	r4, r4, #1
 353              	.LVL38:
 354              	.L26:
 123:main.c        ****                         {
 355              		.loc 1 123 0 is_stmt 0 discriminator 1
 356 0102 062C     		cmp	r4, #6
 357 0104 E0DD     		ble	.L29
 358              	.LBE4:
 136:main.c        ****                             }
 137:main.c        ****                         }
 138:main.c        ****                         ++idx;
 359              		.loc 1 138 0 is_stmt 1
 360 0106 0136     		adds	r6, r6, #1
 361              	.LVL39:
 362 0108 F6B2     		uxtb	r6, r6
 363              	.LVL40:
 364              	.LBE3:
 365 010a 27E0     		b	.L19
 366              	.LVL41:
 367              	.L22:
 139:main.c        ****                     }
 140:main.c        ****                     else
 141:main.c        ****                     {
 142:main.c        ****                         transmission_complete=1;
 143:main.c        ****                     }
 144:main.c        ****                 break;
ARM GAS  C:\Users\POONAC~1\AppData\Local\Temp\ccx7IcyJ.s 			page 10


 145:main.c        **** 
 146:main.c        ****                 case COLLISION:
 147:main.c        ****                     
 148:main.c        ****                     LCD_ClearDisplay();
 368              		.loc 1 148 0
 369 010c 0120     		movs	r0, #1
 370 010e FFF7FEFF 		bl	LCD_WriteControl
 371              	.LVL42:
 149:main.c        ****                     LCD_Position(0,0);
 372              		.loc 1 149 0
 373 0112 0021     		movs	r1, #0
 374 0114 0846     		mov	r0, r1
 375 0116 FFF7FEFF 		bl	LCD_Position
 376              	.LVL43:
 150:main.c        ****                     LCD_PrintString(" COLLISION ");
 377              		.loc 1 150 0
 378 011a 1A48     		ldr	r0, .L34+32
 379 011c FFF7FEFF 		bl	LCD_PrintString
 380              	.LVL44:
 151:main.c        ****                     
 152:main.c        ****                     idx=0;
 153:main.c        ****                     NETWORK_OUT_Write(0);
 381              		.loc 1 153 0
 382 0120 0020     		movs	r0, #0
 383 0122 FFF7FEFF 		bl	NETWORK_OUT_Write
 384              	.LVL45:
 154:main.c        ****                 
 155:main.c        ****                     uint32 delay = rand() % 129;
 385              		.loc 1 155 0
 386 0126 FFF7FEFF 		bl	rand
 387              	.LVL46:
 152:main.c        ****                     NETWORK_OUT_Write(0);
 388              		.loc 1 152 0
 389 012a 0026     		movs	r6, #0
 156:main.c        ****                     //CyDelay((uint32) (((delay)/128) * 1000));
 157:main.c        ****                 break;
 390              		.loc 1 157 0
 391 012c 16E0     		b	.L19
 392              	.LVL47:
 393              	.L23:
 158:main.c        ****                     
 159:main.c        ****                 case BUSY_HIGH:
 160:main.c        ****                     LCD_ClearDisplay();
 394              		.loc 1 160 0
 395 012e 0120     		movs	r0, #1
 396 0130 FFF7FEFF 		bl	LCD_WriteControl
 397              	.LVL48:
 161:main.c        ****                     LCD_Position(0,0);
 398              		.loc 1 161 0
 399 0134 0021     		movs	r1, #0
 400 0136 0846     		mov	r0, r1
 401 0138 FFF7FEFF 		bl	LCD_Position
 402              	.LVL49:
 162:main.c        ****                     LCD_PrintString(" BUSY_LOW ");
 403              		.loc 1 162 0
 404 013c 1248     		ldr	r0, .L34+36
 405 013e FFF7FEFF 		bl	LCD_PrintString
ARM GAS  C:\Users\POONAC~1\AppData\Local\Temp\ccx7IcyJ.s 			page 11


 406              	.LVL50:
 163:main.c        ****                 break;
 407              		.loc 1 163 0
 408 0142 0BE0     		b	.L19
 409              	.L24:
 164:main.c        ****                     
 165:main.c        ****                 case BUSY_LOW:
 166:main.c        ****                     LCD_ClearDisplay();
 410              		.loc 1 166 0
 411 0144 0120     		movs	r0, #1
 412 0146 FFF7FEFF 		bl	LCD_WriteControl
 413              	.LVL51:
 167:main.c        ****                     LCD_Position(0,0);
 414              		.loc 1 167 0
 415 014a 0021     		movs	r1, #0
 416 014c 0846     		mov	r0, r1
 417 014e FFF7FEFF 		bl	LCD_Position
 418              	.LVL52:
 168:main.c        ****                     LCD_PrintString(" BUSY_HIGH ");
 419              		.loc 1 168 0
 420 0152 0E48     		ldr	r0, .L34+40
 421 0154 FFF7FEFF 		bl	LCD_PrintString
 422              	.LVL53:
 169:main.c        ****                 break;
 423              		.loc 1 169 0
 424 0158 00E0     		b	.L19
 425              	.LVL54:
 426              	.L32:
 142:main.c        ****                     }
 427              		.loc 1 142 0
 428 015a 0125     		movs	r5, #1
 429              	.LVL55:
 430              	.L19:
 431              	.LBE2:
  99:main.c        ****         {
 432              		.loc 1 99 0
 433 015c 002D     		cmp	r5, #0
 434 015e 3FF47BAF 		beq	.L30
 435 0162 65E7     		b	.L31
 436              	.L35:
 437              		.align	2
 438              	.L34:
 439 0164 00000000 		.word	InterruptHandler
 440 0168 00000000 		.word	InterruptCnt
 441 016c 00000000 		.word	rise
 442 0170 00000000 		.word	fall
 443 0174 00000000 		.word	.LC0
 444 0178 00000000 		.word	.LANCHOR0
 445 017c 10000000 		.word	.LC1
 446 0180 28000000 		.word	.LC2
 447 0184 30000000 		.word	.LC3
 448 0188 3C000000 		.word	.LC4
 449 018c 48000000 		.word	.LC5
 450              		.cfi_endproc
 451              	.LFE67:
 452              		.size	main, .-main
 453              		.global	check_for_low
ARM GAS  C:\Users\POONAC~1\AppData\Local\Temp\ccx7IcyJ.s 			page 12


 454              		.global	cur_state
 455              		.comm	InterruptCnt,4,4
 456              		.section	.rodata.str1.4,"aMS",%progbits,1
 457              		.align	2
 458              	.LC0:
 459 0000 20524541 		.ascii	" READING STRING\000"
 459      44494E47 
 459      20535452 
 459      494E4700 
 460              	.LC1:
 461 0010 49444C45 		.ascii	"IDLE, Transmitting: \000"
 461      2C205472 
 461      616E736D 
 461      69747469 
 461      6E673A20 
 462 0025 000000   		.space	3
 463              	.LC2:
 464 0028 41743A20 		.ascii	"At: \000"
 464      00
 465 002d 000000   		.space	3
 466              	.LC3:
 467 0030 20434F4C 		.ascii	" COLLISION \000"
 467      4C495349 
 467      4F4E2000 
 468              	.LC4:
 469 003c 20425553 		.ascii	" BUSY_LOW \000"
 469      595F4C4F 
 469      572000
 470 0047 00       		.space	1
 471              	.LC5:
 472 0048 20425553 		.ascii	" BUSY_HIGH \000"
 472      595F4849 
 472      47482000 
 473              		.bss
 474              		.align	2
 475              		.set	.LANCHOR0,. + 0
 476              		.type	check_for_low, %object
 477              		.size	check_for_low, 4
 478              	check_for_low:
 479 0000 00000000 		.space	4
 480              		.type	cur_state, %object
 481              		.size	cur_state, 1
 482              	cur_state:
 483 0004 00       		.space	1
 484              		.text
 485              	.Letext0:
 486              		.file 2 "c:\\program files (x86)\\cypress\\psoc creator\\4.1\\psoc creator\\import\\gnu\\arm\\5.4.
 487              		.file 3 "c:\\program files (x86)\\cypress\\psoc creator\\4.1\\psoc creator\\import\\gnu\\arm\\5.4.
 488              		.file 4 "Generated_Source\\PSoC5/cytypes.h"
 489              		.file 5 "Generated_Source\\PSoC5/core_cm3.h"
 490              		.file 6 "Generated_Source\\PSoC5/Timer_1.h"
 491              		.file 7 "Generated_Source\\PSoC5/NETWORK_OUT.h"
 492              		.file 8 "Generated_Source\\PSoC5/CyLib.h"
 493              		.file 9 "c:\\program files (x86)\\cypress\\psoc creator\\4.1\\psoc creator\\import\\gnu\\arm\\5.4.
 494              		.file 10 "Generated_Source\\PSoC5/LCD.h"
 495              		.file 11 "Generated_Source\\PSoC5/TimerISR.h"
 496              		.file 12 "Generated_Source\\PSoC5/USBUART.h"
ARM GAS  C:\Users\POONAC~1\AppData\Local\Temp\ccx7IcyJ.s 			page 13


 497              		.file 13 "Generated_Source\\PSoC5/isr_1.h"
 498              		.file 14 "Generated_Source\\PSoC5/isr_2.h"
 499              		.file 15 "functions.h"
 500              		.section	.debug_info,"",%progbits
 501              	.Ldebug_info0:
 502 0000 C5060000 		.4byte	0x6c5
 503 0004 0400     		.2byte	0x4
 504 0006 00000000 		.4byte	.Ldebug_abbrev0
 505 000a 04       		.byte	0x4
 506 000b 01       		.uleb128 0x1
 507 000c 79020000 		.4byte	.LASF56
 508 0010 0C       		.byte	0xc
 509 0011 FD010000 		.4byte	.LASF57
 510 0015 07030000 		.4byte	.LASF58
 511 0019 00000000 		.4byte	.Ldebug_ranges0+0
 512 001d 00000000 		.4byte	0
 513 0021 00000000 		.4byte	.Ldebug_line0
 514 0025 02       		.uleb128 0x2
 515 0026 04       		.byte	0x4
 516 0027 07       		.byte	0x7
 517 0028 71010000 		.4byte	.LASF0
 518 002c 03       		.uleb128 0x3
 519 002d 04       		.byte	0x4
 520 002e 05       		.byte	0x5
 521 002f 696E7400 		.ascii	"int\000"
 522 0033 02       		.uleb128 0x2
 523 0034 08       		.byte	0x8
 524 0035 05       		.byte	0x5
 525 0036 83000000 		.4byte	.LASF1
 526 003a 02       		.uleb128 0x2
 527 003b 08       		.byte	0x8
 528 003c 04       		.byte	0x4
 529 003d 18010000 		.4byte	.LASF2
 530 0041 02       		.uleb128 0x2
 531 0042 01       		.byte	0x1
 532 0043 06       		.byte	0x6
 533 0044 4E010000 		.4byte	.LASF3
 534 0048 02       		.uleb128 0x2
 535 0049 01       		.byte	0x1
 536 004a 08       		.byte	0x8
 537 004b 33010000 		.4byte	.LASF4
 538 004f 02       		.uleb128 0x2
 539 0050 02       		.byte	0x2
 540 0051 05       		.byte	0x5
 541 0052 25000000 		.4byte	.LASF5
 542 0056 02       		.uleb128 0x2
 543 0057 02       		.byte	0x2
 544 0058 07       		.byte	0x7
 545 0059 E3010000 		.4byte	.LASF6
 546 005d 04       		.uleb128 0x4
 547 005e 3D020000 		.4byte	.LASF12
 548 0062 02       		.byte	0x2
 549 0063 3F       		.byte	0x3f
 550 0064 68000000 		.4byte	0x68
 551 0068 02       		.uleb128 0x2
 552 0069 04       		.byte	0x4
 553 006a 05       		.byte	0x5
ARM GAS  C:\Users\POONAC~1\AppData\Local\Temp\ccx7IcyJ.s 			page 14


 554 006b AD000000 		.4byte	.LASF7
 555 006f 02       		.uleb128 0x2
 556 0070 04       		.byte	0x4
 557 0071 07       		.byte	0x7
 558 0072 09020000 		.4byte	.LASF8
 559 0076 02       		.uleb128 0x2
 560 0077 08       		.byte	0x8
 561 0078 07       		.byte	0x7
 562 0079 5A010000 		.4byte	.LASF9
 563 007d 02       		.uleb128 0x2
 564 007e 04       		.byte	0x4
 565 007f 07       		.byte	0x7
 566 0080 35000000 		.4byte	.LASF10
 567 0084 02       		.uleb128 0x2
 568 0085 01       		.byte	0x1
 569 0086 08       		.byte	0x8
 570 0087 BC010000 		.4byte	.LASF11
 571 008b 05       		.uleb128 0x5
 572 008c 84000000 		.4byte	0x84
 573 0090 9B000000 		.4byte	0x9b
 574 0094 06       		.uleb128 0x6
 575 0095 7D000000 		.4byte	0x7d
 576 0099 07       		.byte	0x7
 577 009a 00       		.byte	0
 578 009b 04       		.uleb128 0x4
 579 009c C1010000 		.4byte	.LASF13
 580 00a0 03       		.byte	0x3
 581 00a1 2C       		.byte	0x2c
 582 00a2 5D000000 		.4byte	0x5d
 583 00a6 07       		.uleb128 0x7
 584 00a7 6D000000 		.4byte	.LASF14
 585 00ab 04       		.byte	0x4
 586 00ac 9201     		.2byte	0x192
 587 00ae 48000000 		.4byte	0x48
 588 00b2 07       		.uleb128 0x7
 589 00b3 5C000000 		.4byte	.LASF15
 590 00b7 04       		.byte	0x4
 591 00b8 9301     		.2byte	0x193
 592 00ba 56000000 		.4byte	0x56
 593 00be 07       		.uleb128 0x7
 594 00bf F6010000 		.4byte	.LASF16
 595 00c3 04       		.byte	0x4
 596 00c4 9401     		.2byte	0x194
 597 00c6 6F000000 		.4byte	0x6f
 598 00ca 07       		.uleb128 0x7
 599 00cb 91000000 		.4byte	.LASF17
 600 00cf 04       		.byte	0x4
 601 00d0 9501     		.2byte	0x195
 602 00d2 41000000 		.4byte	0x41
 603 00d6 02       		.uleb128 0x2
 604 00d7 04       		.byte	0x4
 605 00d8 04       		.byte	0x4
 606 00d9 7D000000 		.4byte	.LASF18
 607 00dd 02       		.uleb128 0x2
 608 00de 08       		.byte	0x8
 609 00df 04       		.byte	0x4
 610 00e0 1B020000 		.4byte	.LASF19
ARM GAS  C:\Users\POONAC~1\AppData\Local\Temp\ccx7IcyJ.s 			page 15


 611 00e4 07       		.uleb128 0x7
 612 00e5 04020000 		.4byte	.LASF20
 613 00e9 04       		.byte	0x4
 614 00ea 3C02     		.2byte	0x23c
 615 00ec F0000000 		.4byte	0xf0
 616 00f0 08       		.uleb128 0x8
 617 00f1 A6000000 		.4byte	0xa6
 618 00f5 09       		.uleb128 0x9
 619 00f6 12000000 		.4byte	.LASF59
 620 00fa 01       		.byte	0x1
 621 00fb 48000000 		.4byte	0x48
 622 00ff 01       		.byte	0x1
 623 0100 14       		.byte	0x14
 624 0101 1E010000 		.4byte	0x11e
 625 0105 0A       		.uleb128 0xa
 626 0106 78000000 		.4byte	.LASF21
 627 010a 00       		.byte	0
 628 010b 0A       		.uleb128 0xa
 629 010c 00010000 		.4byte	.LASF22
 630 0110 01       		.byte	0x1
 631 0111 0A       		.uleb128 0xa
 632 0112 BF000000 		.4byte	.LASF23
 633 0116 02       		.byte	0x2
 634 0117 0A       		.uleb128 0xa
 635 0118 B6000000 		.4byte	.LASF24
 636 011c 03       		.byte	0x3
 637 011d 00       		.byte	0
 638 011e 04       		.uleb128 0x4
 639 011f 96000000 		.4byte	.LASF25
 640 0123 01       		.byte	0x1
 641 0124 14       		.byte	0x14
 642 0125 F5000000 		.4byte	0xf5
 643 0129 0B       		.uleb128 0xb
 644 012a 9C000000 		.4byte	.LASF60
 645 012e 01       		.byte	0x1
 646 012f 18       		.byte	0x18
 647 0130 00000000 		.4byte	.LFB64
 648 0134 24000000 		.4byte	.LFE64-.LFB64
 649 0138 01       		.uleb128 0x1
 650 0139 9C       		.byte	0x9c
 651 013a 0C       		.uleb128 0xc
 652 013b D0010000 		.4byte	.LASF26
 653 013f 01       		.byte	0x1
 654 0140 27       		.byte	0x27
 655 0141 00000000 		.4byte	.LFB65
 656 0145 28000000 		.4byte	.LFE65-.LFB65
 657 0149 01       		.uleb128 0x1
 658 014a 9C       		.byte	0x9c
 659 014b 81010000 		.4byte	0x181
 660 014f 0D       		.uleb128 0xd
 661 0150 0E000000 		.4byte	.LVL0
 662 0154 0C060000 		.4byte	0x60c
 663 0158 63010000 		.4byte	0x163
 664 015c 0E       		.uleb128 0xe
 665 015d 01       		.uleb128 0x1
 666 015e 50       		.byte	0x50
 667 015f 02       		.uleb128 0x2
ARM GAS  C:\Users\POONAC~1\AppData\Local\Temp\ccx7IcyJ.s 			page 16


 668 0160 08       		.byte	0x8
 669 0161 34       		.byte	0x34
 670 0162 00       		.byte	0
 671 0163 0D       		.uleb128 0xd
 672 0164 14000000 		.4byte	.LVL1
 673 0168 17060000 		.4byte	0x617
 674 016c 77010000 		.4byte	0x177
 675 0170 0E       		.uleb128 0xe
 676 0171 01       		.uleb128 0x1
 677 0172 50       		.byte	0x50
 678 0173 02       		.uleb128 0x2
 679 0174 08       		.byte	0x8
 680 0175 33       		.byte	0x33
 681 0176 00       		.byte	0
 682 0177 0F       		.uleb128 0xf
 683 0178 18000000 		.4byte	.LVL2
 684 017c 22060000 		.4byte	0x622
 685 0180 00       		.byte	0
 686 0181 0C       		.uleb128 0xc
 687 0182 3E000000 		.4byte	.LASF27
 688 0186 01       		.byte	0x1
 689 0187 34       		.byte	0x34
 690 0188 00000000 		.4byte	.LFB66
 691 018c 30000000 		.4byte	.LFE66-.LFB66
 692 0190 01       		.uleb128 0x1
 693 0191 9C       		.byte	0x9c
 694 0192 CA010000 		.4byte	0x1ca
 695 0196 0D       		.uleb128 0xd
 696 0197 12000000 		.4byte	.LVL3
 697 019b 0C060000 		.4byte	0x60c
 698 019f AB010000 		.4byte	0x1ab
 699 01a3 0E       		.uleb128 0xe
 700 01a4 01       		.uleb128 0x1
 701 01a5 50       		.byte	0x50
 702 01a6 03       		.uleb128 0x3
 703 01a7 0A       		.byte	0xa
 704 01a8 3E03     		.2byte	0x33e
 705 01aa 00       		.byte	0
 706 01ab 0D       		.uleb128 0xd
 707 01ac 1A000000 		.4byte	.LVL4
 708 01b0 17060000 		.4byte	0x617
 709 01b4 C0010000 		.4byte	0x1c0
 710 01b8 0E       		.uleb128 0xe
 711 01b9 01       		.uleb128 0x1
 712 01ba 50       		.byte	0x50
 713 01bb 03       		.uleb128 0x3
 714 01bc 0A       		.byte	0xa
 715 01bd 3D03     		.2byte	0x33d
 716 01bf 00       		.byte	0
 717 01c0 0F       		.uleb128 0xf
 718 01c1 1E000000 		.4byte	.LVL5
 719 01c5 22060000 		.4byte	0x622
 720 01c9 00       		.byte	0
 721 01ca 10       		.uleb128 0x10
 722 01cb 43000000 		.4byte	.LASF61
 723 01cf 01       		.byte	0x1
 724 01d0 41       		.byte	0x41
ARM GAS  C:\Users\POONAC~1\AppData\Local\Temp\ccx7IcyJ.s 			page 17


 725 01d1 2C000000 		.4byte	0x2c
 726 01d5 00000000 		.4byte	.LFB67
 727 01d9 90010000 		.4byte	.LFE67-.LFB67
 728 01dd 01       		.uleb128 0x1
 729 01de 9C       		.byte	0x9c
 730 01df B8050000 		.4byte	0x5b8
 731 01e3 11       		.uleb128 0x11
 732 01e4 48000000 		.4byte	.LASF28
 733 01e8 01       		.byte	0x1
 734 01e9 4E       		.byte	0x4e
 735 01ea B2000000 		.4byte	0xb2
 736 01ee F401     		.2byte	0x1f4
 737 01f0 12       		.uleb128 0x12
 738 01f1 2F000000 		.4byte	.LASF29
 739 01f5 01       		.byte	0x1
 740 01f6 4F       		.byte	0x4f
 741 01f7 B8050000 		.4byte	0x5b8
 742 01fb 02       		.uleb128 0x2
 743 01fc 91       		.byte	0x91
 744 01fd 44       		.sleb128 -60
 745 01fe 13       		.uleb128 0x13
 746 01ff 69647800 		.ascii	"idx\000"
 747 0203 01       		.byte	0x1
 748 0204 50       		.byte	0x50
 749 0205 A6000000 		.4byte	0xa6
 750 0209 00000000 		.4byte	.LLST0
 751 020d 14       		.uleb128 0x14
 752 020e 7A030000 		.4byte	.LASF30
 753 0212 01       		.byte	0x1
 754 0213 51       		.byte	0x51
 755 0214 84000000 		.4byte	0x84
 756 0218 4D000000 		.4byte	.LLST1
 757 021c 15       		.uleb128 0x15
 758 021d 18000000 		.4byte	.LASF31
 759 0221 01       		.byte	0x1
 760 0222 53       		.byte	0x53
 761 0223 A6000000 		.4byte	0xa6
 762 0227 01       		.byte	0x1
 763 0228 14       		.uleb128 0x14
 764 0229 22020000 		.4byte	.LASF32
 765 022d 01       		.byte	0x1
 766 022e 54       		.byte	0x54
 767 022f CA000000 		.4byte	0xca
 768 0233 6B000000 		.4byte	.LLST2
 769 0237 16       		.uleb128 0x16
 770 0238 38020000 		.4byte	.LASF33
 771 023c 01       		.byte	0x1
 772 023d 55       		.byte	0x55
 773 023e 2C000000 		.4byte	0x2c
 774 0242 17       		.uleb128 0x17
 775 0243 68000000 		.4byte	.LBB2
 776 0247 F4000000 		.4byte	.LBE2-.LBB2
 777 024b EA040000 		.4byte	0x4ea
 778 024f 16       		.uleb128 0x16
 779 0250 48000000 		.4byte	.LASF28
 780 0254 01       		.byte	0x1
 781 0255 9B       		.byte	0x9b
ARM GAS  C:\Users\POONAC~1\AppData\Local\Temp\ccx7IcyJ.s 			page 18


 782 0256 BE000000 		.4byte	0xbe
 783 025a 17       		.uleb128 0x17
 784 025b 9E000000 		.4byte	.LBB3
 785 025f 6C000000 		.4byte	.LBE3-.LBB3
 786 0263 72030000 		.4byte	0x372
 787 0267 12       		.uleb128 0x12
 788 0268 C9010000 		.4byte	.LASF34
 789 026c 01       		.byte	0x1
 790 026d 77       		.byte	0x77
 791 026e 8B000000 		.4byte	0x8b
 792 0272 03       		.uleb128 0x3
 793 0273 91       		.byte	0x91
 794 0274 BC7F     		.sleb128 -68
 795 0276 17       		.uleb128 0x17
 796 0277 C4000000 		.4byte	.LBB4
 797 027b 42000000 		.4byte	.LBE4-.LBB4
 798 027f 05030000 		.4byte	0x305
 799 0283 13       		.uleb128 0x13
 800 0284 6900     		.ascii	"i\000"
 801 0286 01       		.byte	0x1
 802 0287 7B       		.byte	0x7b
 803 0288 2C000000 		.4byte	0x2c
 804 028c 8A000000 		.4byte	.LLST3
 805 0290 0D       		.uleb128 0xd
 806 0291 DA000000 		.4byte	.LVL32
 807 0295 2D060000 		.4byte	0x62d
 808 0299 A3020000 		.4byte	0x2a3
 809 029d 0E       		.uleb128 0xe
 810 029e 01       		.uleb128 0x1
 811 029f 50       		.byte	0x50
 812 02a0 01       		.uleb128 0x1
 813 02a1 30       		.byte	0x30
 814 02a2 00       		.byte	0
 815 02a3 0D       		.uleb128 0xd
 816 02a4 E2000000 		.4byte	.LVL33
 817 02a8 38060000 		.4byte	0x638
 818 02ac B8020000 		.4byte	0x2b8
 819 02b0 0E       		.uleb128 0xe
 820 02b1 01       		.uleb128 0x1
 821 02b2 50       		.byte	0x50
 822 02b3 03       		.uleb128 0x3
 823 02b4 0A       		.byte	0xa
 824 02b5 E803     		.2byte	0x3e8
 825 02b7 00       		.byte	0
 826 02b8 0D       		.uleb128 0xd
 827 02b9 EA000000 		.4byte	.LVL34
 828 02bd 2D060000 		.4byte	0x62d
 829 02c1 CB020000 		.4byte	0x2cb
 830 02c5 0E       		.uleb128 0xe
 831 02c6 01       		.uleb128 0x1
 832 02c7 50       		.byte	0x50
 833 02c8 01       		.uleb128 0x1
 834 02c9 31       		.byte	0x31
 835 02ca 00       		.byte	0
 836 02cb 0D       		.uleb128 0xd
 837 02cc F2000000 		.4byte	.LVL35
 838 02d0 38060000 		.4byte	0x638
ARM GAS  C:\Users\POONAC~1\AppData\Local\Temp\ccx7IcyJ.s 			page 19


 839 02d4 E0020000 		.4byte	0x2e0
 840 02d8 0E       		.uleb128 0xe
 841 02d9 01       		.uleb128 0x1
 842 02da 50       		.byte	0x50
 843 02db 03       		.uleb128 0x3
 844 02dc 0A       		.byte	0xa
 845 02dd F401     		.2byte	0x1f4
 846 02df 00       		.byte	0
 847 02e0 0D       		.uleb128 0xd
 848 02e1 F8000000 		.4byte	.LVL36
 849 02e5 2D060000 		.4byte	0x62d
 850 02e9 F3020000 		.4byte	0x2f3
 851 02ed 0E       		.uleb128 0xe
 852 02ee 01       		.uleb128 0x1
 853 02ef 50       		.byte	0x50
 854 02f0 01       		.uleb128 0x1
 855 02f1 30       		.byte	0x30
 856 02f2 00       		.byte	0
 857 02f3 18       		.uleb128 0x18
 858 02f4 00010000 		.4byte	.LVL37
 859 02f8 38060000 		.4byte	0x638
 860 02fc 0E       		.uleb128 0xe
 861 02fd 01       		.uleb128 0x1
 862 02fe 50       		.byte	0x50
 863 02ff 03       		.uleb128 0x3
 864 0300 0A       		.byte	0xa
 865 0301 F401     		.2byte	0x1f4
 866 0303 00       		.byte	0
 867 0304 00       		.byte	0
 868 0305 0D       		.uleb128 0xd
 869 0306 A4000000 		.4byte	.LVL25
 870 030a 2D060000 		.4byte	0x62d
 871 030e 18030000 		.4byte	0x318
 872 0312 0E       		.uleb128 0xe
 873 0313 01       		.uleb128 0x1
 874 0314 50       		.byte	0x50
 875 0315 01       		.uleb128 0x1
 876 0316 31       		.byte	0x31
 877 0317 00       		.byte	0
 878 0318 0D       		.uleb128 0xd
 879 0319 AC000000 		.4byte	.LVL26
 880 031d 38060000 		.4byte	0x638
 881 0321 2D030000 		.4byte	0x32d
 882 0325 0E       		.uleb128 0xe
 883 0326 01       		.uleb128 0x1
 884 0327 50       		.byte	0x50
 885 0328 03       		.uleb128 0x3
 886 0329 0A       		.byte	0xa
 887 032a F401     		.2byte	0x1f4
 888 032c 00       		.byte	0
 889 032d 0D       		.uleb128 0xd
 890 032e B2000000 		.4byte	.LVL27
 891 0332 2D060000 		.4byte	0x62d
 892 0336 40030000 		.4byte	0x340
 893 033a 0E       		.uleb128 0xe
 894 033b 01       		.uleb128 0x1
 895 033c 50       		.byte	0x50
ARM GAS  C:\Users\POONAC~1\AppData\Local\Temp\ccx7IcyJ.s 			page 20


 896 033d 01       		.uleb128 0x1
 897 033e 30       		.byte	0x30
 898 033f 00       		.byte	0
 899 0340 0D       		.uleb128 0xd
 900 0341 BA000000 		.4byte	.LVL28
 901 0345 38060000 		.4byte	0x638
 902 0349 55030000 		.4byte	0x355
 903 034d 0E       		.uleb128 0xe
 904 034e 01       		.uleb128 0x1
 905 034f 50       		.byte	0x50
 906 0350 03       		.uleb128 0x3
 907 0351 0A       		.byte	0xa
 908 0352 F401     		.2byte	0x1f4
 909 0354 00       		.byte	0
 910 0355 18       		.uleb128 0x18
 911 0356 C4000000 		.4byte	.LVL29
 912 035a 43060000 		.4byte	0x643
 913 035e 0E       		.uleb128 0xe
 914 035f 01       		.uleb128 0x1
 915 0360 50       		.byte	0x50
 916 0361 02       		.uleb128 0x2
 917 0362 74       		.byte	0x74
 918 0363 00       		.sleb128 0
 919 0364 0E       		.uleb128 0xe
 920 0365 01       		.uleb128 0x1
 921 0366 51       		.byte	0x51
 922 0367 03       		.uleb128 0x3
 923 0368 91       		.byte	0x91
 924 0369 BC7F     		.sleb128 -68
 925 036b 0E       		.uleb128 0xe
 926 036c 01       		.uleb128 0x1
 927 036d 52       		.byte	0x52
 928 036e 01       		.uleb128 0x1
 929 036f 32       		.byte	0x32
 930 0370 00       		.byte	0
 931 0371 00       		.byte	0
 932 0372 0D       		.uleb128 0xd
 933 0373 6E000000 		.4byte	.LVL17
 934 0377 4E060000 		.4byte	0x64e
 935 037b 85030000 		.4byte	0x385
 936 037f 0E       		.uleb128 0xe
 937 0380 01       		.uleb128 0x1
 938 0381 50       		.byte	0x50
 939 0382 01       		.uleb128 0x1
 940 0383 31       		.byte	0x31
 941 0384 00       		.byte	0
 942 0385 0D       		.uleb128 0xd
 943 0386 76000000 		.4byte	.LVL18
 944 038a 59060000 		.4byte	0x659
 945 038e 9D030000 		.4byte	0x39d
 946 0392 0E       		.uleb128 0xe
 947 0393 01       		.uleb128 0x1
 948 0394 50       		.byte	0x50
 949 0395 01       		.uleb128 0x1
 950 0396 30       		.byte	0x30
 951 0397 0E       		.uleb128 0xe
 952 0398 01       		.uleb128 0x1
ARM GAS  C:\Users\POONAC~1\AppData\Local\Temp\ccx7IcyJ.s 			page 21


 953 0399 51       		.byte	0x51
 954 039a 01       		.uleb128 0x1
 955 039b 30       		.byte	0x30
 956 039c 00       		.byte	0
 957 039d 0D       		.uleb128 0xd
 958 039e 7C000000 		.4byte	.LVL19
 959 03a2 64060000 		.4byte	0x664
 960 03a6 B4030000 		.4byte	0x3b4
 961 03aa 0E       		.uleb128 0xe
 962 03ab 01       		.uleb128 0x1
 963 03ac 50       		.byte	0x50
 964 03ad 05       		.uleb128 0x5
 965 03ae 03       		.byte	0x3
 966 03af 10000000 		.4byte	.LC1
 967 03b3 00       		.byte	0
 968 03b4 0D       		.uleb128 0xd
 969 03b5 84000000 		.4byte	.LVL20
 970 03b9 59060000 		.4byte	0x659
 971 03bd CC030000 		.4byte	0x3cc
 972 03c1 0E       		.uleb128 0xe
 973 03c2 01       		.uleb128 0x1
 974 03c3 50       		.byte	0x50
 975 03c4 01       		.uleb128 0x1
 976 03c5 31       		.byte	0x31
 977 03c6 0E       		.uleb128 0xe
 978 03c7 01       		.uleb128 0x1
 979 03c8 51       		.byte	0x51
 980 03c9 01       		.uleb128 0x1
 981 03ca 30       		.byte	0x30
 982 03cb 00       		.byte	0
 983 03cc 0D       		.uleb128 0xd
 984 03cd 8C000000 		.4byte	.LVL21
 985 03d1 64060000 		.4byte	0x664
 986 03d5 E0030000 		.4byte	0x3e0
 987 03d9 0E       		.uleb128 0xe
 988 03da 01       		.uleb128 0x1
 989 03db 50       		.byte	0x50
 990 03dc 02       		.uleb128 0x2
 991 03dd 74       		.byte	0x74
 992 03de 00       		.sleb128 0
 993 03df 00       		.byte	0
 994 03e0 0D       		.uleb128 0xd
 995 03e1 92000000 		.4byte	.LVL22
 996 03e5 64060000 		.4byte	0x664
 997 03e9 F7030000 		.4byte	0x3f7
 998 03ed 0E       		.uleb128 0xe
 999 03ee 01       		.uleb128 0x1
 1000 03ef 50       		.byte	0x50
 1001 03f0 05       		.uleb128 0x5
 1002 03f1 03       		.byte	0x3
 1003 03f2 28000000 		.4byte	.LC2
 1004 03f6 00       		.byte	0
 1005 03f7 0D       		.uleb128 0xd
 1006 03f8 98000000 		.4byte	.LVL23
 1007 03fc 6F060000 		.4byte	0x66f
 1008 0400 0B040000 		.4byte	0x40b
 1009 0404 0E       		.uleb128 0xe
ARM GAS  C:\Users\POONAC~1\AppData\Local\Temp\ccx7IcyJ.s 			page 22


 1010 0405 01       		.uleb128 0x1
 1011 0406 50       		.byte	0x50
 1012 0407 02       		.uleb128 0x2
 1013 0408 76       		.byte	0x76
 1014 0409 00       		.sleb128 0
 1015 040a 00       		.byte	0
 1016 040b 0D       		.uleb128 0xd
 1017 040c 12010000 		.4byte	.LVL42
 1018 0410 4E060000 		.4byte	0x64e
 1019 0414 1E040000 		.4byte	0x41e
 1020 0418 0E       		.uleb128 0xe
 1021 0419 01       		.uleb128 0x1
 1022 041a 50       		.byte	0x50
 1023 041b 01       		.uleb128 0x1
 1024 041c 31       		.byte	0x31
 1025 041d 00       		.byte	0
 1026 041e 0D       		.uleb128 0xd
 1027 041f 1A010000 		.4byte	.LVL43
 1028 0423 59060000 		.4byte	0x659
 1029 0427 36040000 		.4byte	0x436
 1030 042b 0E       		.uleb128 0xe
 1031 042c 01       		.uleb128 0x1
 1032 042d 50       		.byte	0x50
 1033 042e 01       		.uleb128 0x1
 1034 042f 30       		.byte	0x30
 1035 0430 0E       		.uleb128 0xe
 1036 0431 01       		.uleb128 0x1
 1037 0432 51       		.byte	0x51
 1038 0433 01       		.uleb128 0x1
 1039 0434 30       		.byte	0x30
 1040 0435 00       		.byte	0
 1041 0436 0D       		.uleb128 0xd
 1042 0437 20010000 		.4byte	.LVL44
 1043 043b 64060000 		.4byte	0x664
 1044 043f 4D040000 		.4byte	0x44d
 1045 0443 0E       		.uleb128 0xe
 1046 0444 01       		.uleb128 0x1
 1047 0445 50       		.byte	0x50
 1048 0446 05       		.uleb128 0x5
 1049 0447 03       		.byte	0x3
 1050 0448 30000000 		.4byte	.LC3
 1051 044c 00       		.byte	0
 1052 044d 0D       		.uleb128 0xd
 1053 044e 26010000 		.4byte	.LVL45
 1054 0452 2D060000 		.4byte	0x62d
 1055 0456 60040000 		.4byte	0x460
 1056 045a 0E       		.uleb128 0xe
 1057 045b 01       		.uleb128 0x1
 1058 045c 50       		.byte	0x50
 1059 045d 01       		.uleb128 0x1
 1060 045e 30       		.byte	0x30
 1061 045f 00       		.byte	0
 1062 0460 0F       		.uleb128 0xf
 1063 0461 2A010000 		.4byte	.LVL46
 1064 0465 7A060000 		.4byte	0x67a
 1065 0469 0D       		.uleb128 0xd
 1066 046a 34010000 		.4byte	.LVL48
ARM GAS  C:\Users\POONAC~1\AppData\Local\Temp\ccx7IcyJ.s 			page 23


 1067 046e 4E060000 		.4byte	0x64e
 1068 0472 7C040000 		.4byte	0x47c
 1069 0476 0E       		.uleb128 0xe
 1070 0477 01       		.uleb128 0x1
 1071 0478 50       		.byte	0x50
 1072 0479 01       		.uleb128 0x1
 1073 047a 31       		.byte	0x31
 1074 047b 00       		.byte	0
 1075 047c 0D       		.uleb128 0xd
 1076 047d 3C010000 		.4byte	.LVL49
 1077 0481 59060000 		.4byte	0x659
 1078 0485 94040000 		.4byte	0x494
 1079 0489 0E       		.uleb128 0xe
 1080 048a 01       		.uleb128 0x1
 1081 048b 50       		.byte	0x50
 1082 048c 01       		.uleb128 0x1
 1083 048d 30       		.byte	0x30
 1084 048e 0E       		.uleb128 0xe
 1085 048f 01       		.uleb128 0x1
 1086 0490 51       		.byte	0x51
 1087 0491 01       		.uleb128 0x1
 1088 0492 30       		.byte	0x30
 1089 0493 00       		.byte	0
 1090 0494 0D       		.uleb128 0xd
 1091 0495 42010000 		.4byte	.LVL50
 1092 0499 64060000 		.4byte	0x664
 1093 049d AB040000 		.4byte	0x4ab
 1094 04a1 0E       		.uleb128 0xe
 1095 04a2 01       		.uleb128 0x1
 1096 04a3 50       		.byte	0x50
 1097 04a4 05       		.uleb128 0x5
 1098 04a5 03       		.byte	0x3
 1099 04a6 3C000000 		.4byte	.LC4
 1100 04aa 00       		.byte	0
 1101 04ab 0D       		.uleb128 0xd
 1102 04ac 4A010000 		.4byte	.LVL51
 1103 04b0 4E060000 		.4byte	0x64e
 1104 04b4 BE040000 		.4byte	0x4be
 1105 04b8 0E       		.uleb128 0xe
 1106 04b9 01       		.uleb128 0x1
 1107 04ba 50       		.byte	0x50
 1108 04bb 01       		.uleb128 0x1
 1109 04bc 31       		.byte	0x31
 1110 04bd 00       		.byte	0
 1111 04be 0D       		.uleb128 0xd
 1112 04bf 52010000 		.4byte	.LVL52
 1113 04c3 59060000 		.4byte	0x659
 1114 04c7 D6040000 		.4byte	0x4d6
 1115 04cb 0E       		.uleb128 0xe
 1116 04cc 01       		.uleb128 0x1
 1117 04cd 50       		.byte	0x50
 1118 04ce 01       		.uleb128 0x1
 1119 04cf 30       		.byte	0x30
 1120 04d0 0E       		.uleb128 0xe
 1121 04d1 01       		.uleb128 0x1
 1122 04d2 51       		.byte	0x51
 1123 04d3 01       		.uleb128 0x1
ARM GAS  C:\Users\POONAC~1\AppData\Local\Temp\ccx7IcyJ.s 			page 24


 1124 04d4 30       		.byte	0x30
 1125 04d5 00       		.byte	0
 1126 04d6 18       		.uleb128 0x18
 1127 04d7 58010000 		.4byte	.LVL53
 1128 04db 64060000 		.4byte	0x664
 1129 04df 0E       		.uleb128 0xe
 1130 04e0 01       		.uleb128 0x1
 1131 04e1 50       		.byte	0x50
 1132 04e2 05       		.uleb128 0x5
 1133 04e3 03       		.byte	0x3
 1134 04e4 48000000 		.4byte	.LC5
 1135 04e8 00       		.byte	0
 1136 04e9 00       		.byte	0
 1137 04ea 0D       		.uleb128 0xd
 1138 04eb 0C000000 		.4byte	.LVL6
 1139 04ef 85060000 		.4byte	0x685
 1140 04f3 01050000 		.4byte	0x501
 1141 04f7 0E       		.uleb128 0xe
 1142 04f8 01       		.uleb128 0x1
 1143 04f9 50       		.byte	0x50
 1144 04fa 05       		.uleb128 0x5
 1145 04fb 03       		.byte	0x3
 1146 04fc 00000000 		.4byte	InterruptHandler
 1147 0500 00       		.byte	0
 1148 0501 0F       		.uleb128 0xf
 1149 0502 16000000 		.4byte	.LVL7
 1150 0506 90060000 		.4byte	0x690
 1151 050a 0D       		.uleb128 0xd
 1152 050b 1E000000 		.4byte	.LVL8
 1153 050f 9B060000 		.4byte	0x69b
 1154 0513 23050000 		.4byte	0x523
 1155 0517 0E       		.uleb128 0xe
 1156 0518 01       		.uleb128 0x1
 1157 0519 50       		.byte	0x50
 1158 051a 02       		.uleb128 0x2
 1159 051b 74       		.byte	0x74
 1160 051c 00       		.sleb128 0
 1161 051d 0E       		.uleb128 0xe
 1162 051e 01       		.uleb128 0x1
 1163 051f 51       		.byte	0x51
 1164 0520 01       		.uleb128 0x1
 1165 0521 31       		.byte	0x31
 1166 0522 00       		.byte	0
 1167 0523 0D       		.uleb128 0xd
 1168 0524 24000000 		.4byte	.LVL9
 1169 0528 A7060000 		.4byte	0x6a7
 1170 052c 3A050000 		.4byte	0x53a
 1171 0530 0E       		.uleb128 0xe
 1172 0531 01       		.uleb128 0x1
 1173 0532 50       		.byte	0x50
 1174 0533 05       		.uleb128 0x5
 1175 0534 03       		.byte	0x3
 1176 0535 00000000 		.4byte	rise
 1177 0539 00       		.byte	0
 1178 053a 0D       		.uleb128 0xd
 1179 053b 2A000000 		.4byte	.LVL10
 1180 053f B2060000 		.4byte	0x6b2
ARM GAS  C:\Users\POONAC~1\AppData\Local\Temp\ccx7IcyJ.s 			page 25


 1181 0543 51050000 		.4byte	0x551
 1182 0547 0E       		.uleb128 0xe
 1183 0548 01       		.uleb128 0x1
 1184 0549 50       		.byte	0x50
 1185 054a 05       		.uleb128 0x5
 1186 054b 03       		.byte	0x3
 1187 054c 00000000 		.4byte	fall
 1188 0550 00       		.byte	0
 1189 0551 0D       		.uleb128 0xd
 1190 0552 30000000 		.4byte	.LVL11
 1191 0556 2D060000 		.4byte	0x62d
 1192 055a 65050000 		.4byte	0x565
 1193 055e 0E       		.uleb128 0xe
 1194 055f 01       		.uleb128 0x1
 1195 0560 50       		.byte	0x50
 1196 0561 02       		.uleb128 0x2
 1197 0562 74       		.byte	0x74
 1198 0563 00       		.sleb128 0
 1199 0564 00       		.byte	0
 1200 0565 0D       		.uleb128 0xd
 1201 0566 36000000 		.4byte	.LVL12
 1202 056a 4E060000 		.4byte	0x64e
 1203 056e 78050000 		.4byte	0x578
 1204 0572 0E       		.uleb128 0xe
 1205 0573 01       		.uleb128 0x1
 1206 0574 50       		.byte	0x50
 1207 0575 01       		.uleb128 0x1
 1208 0576 31       		.byte	0x31
 1209 0577 00       		.byte	0
 1210 0578 0D       		.uleb128 0xd
 1211 0579 3E000000 		.4byte	.LVL13
 1212 057d 59060000 		.4byte	0x659
 1213 0581 90050000 		.4byte	0x590
 1214 0585 0E       		.uleb128 0xe
 1215 0586 01       		.uleb128 0x1
 1216 0587 50       		.byte	0x50
 1217 0588 01       		.uleb128 0x1
 1218 0589 30       		.byte	0x30
 1219 058a 0E       		.uleb128 0xe
 1220 058b 01       		.uleb128 0x1
 1221 058c 51       		.byte	0x51
 1222 058d 01       		.uleb128 0x1
 1223 058e 30       		.byte	0x30
 1224 058f 00       		.byte	0
 1225 0590 0D       		.uleb128 0xd
 1226 0591 44000000 		.4byte	.LVL14
 1227 0595 64060000 		.4byte	0x664
 1228 0599 A7050000 		.4byte	0x5a7
 1229 059d 0E       		.uleb128 0xe
 1230 059e 01       		.uleb128 0x1
 1231 059f 50       		.byte	0x50
 1232 05a0 05       		.uleb128 0x5
 1233 05a1 03       		.byte	0x3
 1234 05a2 00000000 		.4byte	.LC0
 1235 05a6 00       		.byte	0
 1236 05a7 18       		.uleb128 0x18
 1237 05a8 4A000000 		.4byte	.LVL15
ARM GAS  C:\Users\POONAC~1\AppData\Local\Temp\ccx7IcyJ.s 			page 26


 1238 05ac BD060000 		.4byte	0x6bd
 1239 05b0 0E       		.uleb128 0xe
 1240 05b1 01       		.uleb128 0x1
 1241 05b2 50       		.byte	0x50
 1242 05b3 02       		.uleb128 0x2
 1243 05b4 91       		.byte	0x91
 1244 05b5 44       		.sleb128 -60
 1245 05b6 00       		.byte	0
 1246 05b7 00       		.byte	0
 1247 05b8 05       		.uleb128 0x5
 1248 05b9 84000000 		.4byte	0x84
 1249 05bd C8050000 		.4byte	0x5c8
 1250 05c1 06       		.uleb128 0x6
 1251 05c2 7D000000 		.4byte	0x7d
 1252 05c6 2B       		.byte	0x2b
 1253 05c7 00       		.byte	0
 1254 05c8 19       		.uleb128 0x19
 1255 05c9 6C020000 		.4byte	.LASF35
 1256 05cd 05       		.byte	0x5
 1257 05ce 1207     		.2byte	0x712
 1258 05d0 D4050000 		.4byte	0x5d4
 1259 05d4 08       		.uleb128 0x8
 1260 05d5 9B000000 		.4byte	0x9b
 1261 05d9 1A       		.uleb128 0x1a
 1262 05da 41010000 		.4byte	.LASF36
 1263 05de 01       		.byte	0x1
 1264 05df 10       		.byte	0x10
 1265 05e0 2C000000 		.4byte	0x2c
 1266 05e4 05       		.uleb128 0x5
 1267 05e5 03       		.byte	0x3
 1268 05e6 00000000 		.4byte	InterruptCnt
 1269 05ea 1A       		.uleb128 0x1a
 1270 05eb 9F010000 		.4byte	.LASF37
 1271 05ef 01       		.byte	0x1
 1272 05f0 15       		.byte	0x15
 1273 05f1 1E010000 		.4byte	0x11e
 1274 05f5 05       		.uleb128 0x5
 1275 05f6 03       		.byte	0x3
 1276 05f7 00000000 		.4byte	cur_state
 1277 05fb 1A       		.uleb128 0x1a
 1278 05fc 5E020000 		.4byte	.LASF38
 1279 0600 01       		.byte	0x1
 1280 0601 16       		.byte	0x16
 1281 0602 2C000000 		.4byte	0x2c
 1282 0606 05       		.uleb128 0x5
 1283 0607 03       		.byte	0x3
 1284 0608 00000000 		.4byte	check_for_low
 1285 060c 1B       		.uleb128 0x1b
 1286 060d C9000000 		.4byte	.LASF39
 1287 0611 C9000000 		.4byte	.LASF39
 1288 0615 06       		.byte	0x6
 1289 0616 68       		.byte	0x68
 1290 0617 1B       		.uleb128 0x1b
 1291 0618 DD000000 		.4byte	.LASF40
 1292 061c DD000000 		.4byte	.LASF40
 1293 0620 06       		.byte	0x6
 1294 0621 6A       		.byte	0x6a
ARM GAS  C:\Users\POONAC~1\AppData\Local\Temp\ccx7IcyJ.s 			page 27


 1295 0622 1B       		.uleb128 0x1b
 1296 0623 D5010000 		.4byte	.LASF41
 1297 0627 D5010000 		.4byte	.LASF41
 1298 062b 06       		.byte	0x6
 1299 062c 5A       		.byte	0x5a
 1300 062d 1B       		.uleb128 0x1b
 1301 062e 00000000 		.4byte	.LASF42
 1302 0632 00000000 		.4byte	.LASF42
 1303 0636 07       		.byte	0x7
 1304 0637 26       		.byte	0x26
 1305 0638 1B       		.uleb128 0x1b
 1306 0639 29010000 		.4byte	.LASF43
 1307 063d 29010000 		.4byte	.LASF43
 1308 0641 08       		.byte	0x8
 1309 0642 77       		.byte	0x77
 1310 0643 1B       		.uleb128 0x1b
 1311 0644 24010000 		.4byte	.LASF44
 1312 0648 24010000 		.4byte	.LASF44
 1313 064c 09       		.byte	0x9
 1314 064d CB       		.byte	0xcb
 1315 064e 1B       		.uleb128 0x1b
 1316 064f 69030000 		.4byte	.LASF45
 1317 0653 69030000 		.4byte	.LASF45
 1318 0657 0A       		.byte	0xa
 1319 0658 3A       		.byte	0x3a
 1320 0659 1B       		.uleb128 0x1b
 1321 065a 51020000 		.4byte	.LASF46
 1322 065e 51020000 		.4byte	.LASF46
 1323 0662 0A       		.byte	0xa
 1324 0663 3D       		.byte	0x3d
 1325 0664 1B       		.uleb128 0x1b
 1326 0665 7E010000 		.4byte	.LASF47
 1327 0669 7E010000 		.4byte	.LASF47
 1328 066d 0A       		.byte	0xa
 1329 066e 3C       		.byte	0x3c
 1330 066f 1B       		.uleb128 0x1b
 1331 0670 A9010000 		.4byte	.LASF48
 1332 0674 A9010000 		.4byte	.LASF48
 1333 0678 0A       		.byte	0xa
 1334 0679 61       		.byte	0x61
 1335 067a 1B       		.uleb128 0x1b
 1336 067b 73000000 		.4byte	.LASF49
 1337 067f 73000000 		.4byte	.LASF49
 1338 0683 09       		.byte	0x9
 1339 0684 88       		.byte	0x88
 1340 0685 1B       		.uleb128 0x1b
 1341 0686 8E010000 		.4byte	.LASF50
 1342 068a 8E010000 		.4byte	.LASF50
 1343 068e 0B       		.byte	0xb
 1344 068f 18       		.byte	0x18
 1345 0690 1B       		.uleb128 0x1b
 1346 0691 47020000 		.4byte	.LASF51
 1347 0695 47020000 		.4byte	.LASF51
 1348 0699 0A       		.byte	0xa
 1349 069a 38       		.byte	0x38
 1350 069b 1C       		.uleb128 0x1c
 1351 069c 4E000000 		.4byte	.LASF52
ARM GAS  C:\Users\POONAC~1\AppData\Local\Temp\ccx7IcyJ.s 			page 28


 1352 06a0 4E000000 		.4byte	.LASF52
 1353 06a4 0C       		.byte	0xc
 1354 06a5 2E01     		.2byte	0x12e
 1355 06a7 1B       		.uleb128 0x1b
 1356 06a8 F2000000 		.4byte	.LASF53
 1357 06ac F2000000 		.4byte	.LASF53
 1358 06b0 0D       		.byte	0xd
 1359 06b1 18       		.byte	0x18
 1360 06b2 1B       		.uleb128 0x1b
 1361 06b3 0A010000 		.4byte	.LASF54
 1362 06b7 0A010000 		.4byte	.LASF54
 1363 06bb 0E       		.byte	0xe
 1364 06bc 18       		.byte	0x18
 1365 06bd 1B       		.uleb128 0x1b
 1366 06be 63000000 		.4byte	.LASF55
 1367 06c2 63000000 		.4byte	.LASF55
 1368 06c6 0F       		.byte	0xf
 1369 06c7 12       		.byte	0x12
 1370 06c8 00       		.byte	0
 1371              		.section	.debug_abbrev,"",%progbits
 1372              	.Ldebug_abbrev0:
 1373 0000 01       		.uleb128 0x1
 1374 0001 11       		.uleb128 0x11
 1375 0002 01       		.byte	0x1
 1376 0003 25       		.uleb128 0x25
 1377 0004 0E       		.uleb128 0xe
 1378 0005 13       		.uleb128 0x13
 1379 0006 0B       		.uleb128 0xb
 1380 0007 03       		.uleb128 0x3
 1381 0008 0E       		.uleb128 0xe
 1382 0009 1B       		.uleb128 0x1b
 1383 000a 0E       		.uleb128 0xe
 1384 000b 55       		.uleb128 0x55
 1385 000c 17       		.uleb128 0x17
 1386 000d 11       		.uleb128 0x11
 1387 000e 01       		.uleb128 0x1
 1388 000f 10       		.uleb128 0x10
 1389 0010 17       		.uleb128 0x17
 1390 0011 00       		.byte	0
 1391 0012 00       		.byte	0
 1392 0013 02       		.uleb128 0x2
 1393 0014 24       		.uleb128 0x24
 1394 0015 00       		.byte	0
 1395 0016 0B       		.uleb128 0xb
 1396 0017 0B       		.uleb128 0xb
 1397 0018 3E       		.uleb128 0x3e
 1398 0019 0B       		.uleb128 0xb
 1399 001a 03       		.uleb128 0x3
 1400 001b 0E       		.uleb128 0xe
 1401 001c 00       		.byte	0
 1402 001d 00       		.byte	0
 1403 001e 03       		.uleb128 0x3
 1404 001f 24       		.uleb128 0x24
 1405 0020 00       		.byte	0
 1406 0021 0B       		.uleb128 0xb
 1407 0022 0B       		.uleb128 0xb
 1408 0023 3E       		.uleb128 0x3e
ARM GAS  C:\Users\POONAC~1\AppData\Local\Temp\ccx7IcyJ.s 			page 29


 1409 0024 0B       		.uleb128 0xb
 1410 0025 03       		.uleb128 0x3
 1411 0026 08       		.uleb128 0x8
 1412 0027 00       		.byte	0
 1413 0028 00       		.byte	0
 1414 0029 04       		.uleb128 0x4
 1415 002a 16       		.uleb128 0x16
 1416 002b 00       		.byte	0
 1417 002c 03       		.uleb128 0x3
 1418 002d 0E       		.uleb128 0xe
 1419 002e 3A       		.uleb128 0x3a
 1420 002f 0B       		.uleb128 0xb
 1421 0030 3B       		.uleb128 0x3b
 1422 0031 0B       		.uleb128 0xb
 1423 0032 49       		.uleb128 0x49
 1424 0033 13       		.uleb128 0x13
 1425 0034 00       		.byte	0
 1426 0035 00       		.byte	0
 1427 0036 05       		.uleb128 0x5
 1428 0037 01       		.uleb128 0x1
 1429 0038 01       		.byte	0x1
 1430 0039 49       		.uleb128 0x49
 1431 003a 13       		.uleb128 0x13
 1432 003b 01       		.uleb128 0x1
 1433 003c 13       		.uleb128 0x13
 1434 003d 00       		.byte	0
 1435 003e 00       		.byte	0
 1436 003f 06       		.uleb128 0x6
 1437 0040 21       		.uleb128 0x21
 1438 0041 00       		.byte	0
 1439 0042 49       		.uleb128 0x49
 1440 0043 13       		.uleb128 0x13
 1441 0044 2F       		.uleb128 0x2f
 1442 0045 0B       		.uleb128 0xb
 1443 0046 00       		.byte	0
 1444 0047 00       		.byte	0
 1445 0048 07       		.uleb128 0x7
 1446 0049 16       		.uleb128 0x16
 1447 004a 00       		.byte	0
 1448 004b 03       		.uleb128 0x3
 1449 004c 0E       		.uleb128 0xe
 1450 004d 3A       		.uleb128 0x3a
 1451 004e 0B       		.uleb128 0xb
 1452 004f 3B       		.uleb128 0x3b
 1453 0050 05       		.uleb128 0x5
 1454 0051 49       		.uleb128 0x49
 1455 0052 13       		.uleb128 0x13
 1456 0053 00       		.byte	0
 1457 0054 00       		.byte	0
 1458 0055 08       		.uleb128 0x8
 1459 0056 35       		.uleb128 0x35
 1460 0057 00       		.byte	0
 1461 0058 49       		.uleb128 0x49
 1462 0059 13       		.uleb128 0x13
 1463 005a 00       		.byte	0
 1464 005b 00       		.byte	0
 1465 005c 09       		.uleb128 0x9
ARM GAS  C:\Users\POONAC~1\AppData\Local\Temp\ccx7IcyJ.s 			page 30


 1466 005d 04       		.uleb128 0x4
 1467 005e 01       		.byte	0x1
 1468 005f 03       		.uleb128 0x3
 1469 0060 0E       		.uleb128 0xe
 1470 0061 0B       		.uleb128 0xb
 1471 0062 0B       		.uleb128 0xb
 1472 0063 49       		.uleb128 0x49
 1473 0064 13       		.uleb128 0x13
 1474 0065 3A       		.uleb128 0x3a
 1475 0066 0B       		.uleb128 0xb
 1476 0067 3B       		.uleb128 0x3b
 1477 0068 0B       		.uleb128 0xb
 1478 0069 01       		.uleb128 0x1
 1479 006a 13       		.uleb128 0x13
 1480 006b 00       		.byte	0
 1481 006c 00       		.byte	0
 1482 006d 0A       		.uleb128 0xa
 1483 006e 28       		.uleb128 0x28
 1484 006f 00       		.byte	0
 1485 0070 03       		.uleb128 0x3
 1486 0071 0E       		.uleb128 0xe
 1487 0072 1C       		.uleb128 0x1c
 1488 0073 0B       		.uleb128 0xb
 1489 0074 00       		.byte	0
 1490 0075 00       		.byte	0
 1491 0076 0B       		.uleb128 0xb
 1492 0077 2E       		.uleb128 0x2e
 1493 0078 00       		.byte	0
 1494 0079 3F       		.uleb128 0x3f
 1495 007a 19       		.uleb128 0x19
 1496 007b 03       		.uleb128 0x3
 1497 007c 0E       		.uleb128 0xe
 1498 007d 3A       		.uleb128 0x3a
 1499 007e 0B       		.uleb128 0xb
 1500 007f 3B       		.uleb128 0x3b
 1501 0080 0B       		.uleb128 0xb
 1502 0081 27       		.uleb128 0x27
 1503 0082 19       		.uleb128 0x19
 1504 0083 11       		.uleb128 0x11
 1505 0084 01       		.uleb128 0x1
 1506 0085 12       		.uleb128 0x12
 1507 0086 06       		.uleb128 0x6
 1508 0087 40       		.uleb128 0x40
 1509 0088 18       		.uleb128 0x18
 1510 0089 9742     		.uleb128 0x2117
 1511 008b 19       		.uleb128 0x19
 1512 008c 00       		.byte	0
 1513 008d 00       		.byte	0
 1514 008e 0C       		.uleb128 0xc
 1515 008f 2E       		.uleb128 0x2e
 1516 0090 01       		.byte	0x1
 1517 0091 3F       		.uleb128 0x3f
 1518 0092 19       		.uleb128 0x19
 1519 0093 03       		.uleb128 0x3
 1520 0094 0E       		.uleb128 0xe
 1521 0095 3A       		.uleb128 0x3a
 1522 0096 0B       		.uleb128 0xb
ARM GAS  C:\Users\POONAC~1\AppData\Local\Temp\ccx7IcyJ.s 			page 31


 1523 0097 3B       		.uleb128 0x3b
 1524 0098 0B       		.uleb128 0xb
 1525 0099 27       		.uleb128 0x27
 1526 009a 19       		.uleb128 0x19
 1527 009b 11       		.uleb128 0x11
 1528 009c 01       		.uleb128 0x1
 1529 009d 12       		.uleb128 0x12
 1530 009e 06       		.uleb128 0x6
 1531 009f 40       		.uleb128 0x40
 1532 00a0 18       		.uleb128 0x18
 1533 00a1 9742     		.uleb128 0x2117
 1534 00a3 19       		.uleb128 0x19
 1535 00a4 01       		.uleb128 0x1
 1536 00a5 13       		.uleb128 0x13
 1537 00a6 00       		.byte	0
 1538 00a7 00       		.byte	0
 1539 00a8 0D       		.uleb128 0xd
 1540 00a9 898201   		.uleb128 0x4109
 1541 00ac 01       		.byte	0x1
 1542 00ad 11       		.uleb128 0x11
 1543 00ae 01       		.uleb128 0x1
 1544 00af 31       		.uleb128 0x31
 1545 00b0 13       		.uleb128 0x13
 1546 00b1 01       		.uleb128 0x1
 1547 00b2 13       		.uleb128 0x13
 1548 00b3 00       		.byte	0
 1549 00b4 00       		.byte	0
 1550 00b5 0E       		.uleb128 0xe
 1551 00b6 8A8201   		.uleb128 0x410a
 1552 00b9 00       		.byte	0
 1553 00ba 02       		.uleb128 0x2
 1554 00bb 18       		.uleb128 0x18
 1555 00bc 9142     		.uleb128 0x2111
 1556 00be 18       		.uleb128 0x18
 1557 00bf 00       		.byte	0
 1558 00c0 00       		.byte	0
 1559 00c1 0F       		.uleb128 0xf
 1560 00c2 898201   		.uleb128 0x4109
 1561 00c5 00       		.byte	0
 1562 00c6 11       		.uleb128 0x11
 1563 00c7 01       		.uleb128 0x1
 1564 00c8 31       		.uleb128 0x31
 1565 00c9 13       		.uleb128 0x13
 1566 00ca 00       		.byte	0
 1567 00cb 00       		.byte	0
 1568 00cc 10       		.uleb128 0x10
 1569 00cd 2E       		.uleb128 0x2e
 1570 00ce 01       		.byte	0x1
 1571 00cf 3F       		.uleb128 0x3f
 1572 00d0 19       		.uleb128 0x19
 1573 00d1 03       		.uleb128 0x3
 1574 00d2 0E       		.uleb128 0xe
 1575 00d3 3A       		.uleb128 0x3a
 1576 00d4 0B       		.uleb128 0xb
 1577 00d5 3B       		.uleb128 0x3b
 1578 00d6 0B       		.uleb128 0xb
 1579 00d7 27       		.uleb128 0x27
ARM GAS  C:\Users\POONAC~1\AppData\Local\Temp\ccx7IcyJ.s 			page 32


 1580 00d8 19       		.uleb128 0x19
 1581 00d9 49       		.uleb128 0x49
 1582 00da 13       		.uleb128 0x13
 1583 00db 8701     		.uleb128 0x87
 1584 00dd 19       		.uleb128 0x19
 1585 00de 11       		.uleb128 0x11
 1586 00df 01       		.uleb128 0x1
 1587 00e0 12       		.uleb128 0x12
 1588 00e1 06       		.uleb128 0x6
 1589 00e2 40       		.uleb128 0x40
 1590 00e3 18       		.uleb128 0x18
 1591 00e4 9742     		.uleb128 0x2117
 1592 00e6 19       		.uleb128 0x19
 1593 00e7 01       		.uleb128 0x1
 1594 00e8 13       		.uleb128 0x13
 1595 00e9 00       		.byte	0
 1596 00ea 00       		.byte	0
 1597 00eb 11       		.uleb128 0x11
 1598 00ec 34       		.uleb128 0x34
 1599 00ed 00       		.byte	0
 1600 00ee 03       		.uleb128 0x3
 1601 00ef 0E       		.uleb128 0xe
 1602 00f0 3A       		.uleb128 0x3a
 1603 00f1 0B       		.uleb128 0xb
 1604 00f2 3B       		.uleb128 0x3b
 1605 00f3 0B       		.uleb128 0xb
 1606 00f4 49       		.uleb128 0x49
 1607 00f5 13       		.uleb128 0x13
 1608 00f6 1C       		.uleb128 0x1c
 1609 00f7 05       		.uleb128 0x5
 1610 00f8 00       		.byte	0
 1611 00f9 00       		.byte	0
 1612 00fa 12       		.uleb128 0x12
 1613 00fb 34       		.uleb128 0x34
 1614 00fc 00       		.byte	0
 1615 00fd 03       		.uleb128 0x3
 1616 00fe 0E       		.uleb128 0xe
 1617 00ff 3A       		.uleb128 0x3a
 1618 0100 0B       		.uleb128 0xb
 1619 0101 3B       		.uleb128 0x3b
 1620 0102 0B       		.uleb128 0xb
 1621 0103 49       		.uleb128 0x49
 1622 0104 13       		.uleb128 0x13
 1623 0105 02       		.uleb128 0x2
 1624 0106 18       		.uleb128 0x18
 1625 0107 00       		.byte	0
 1626 0108 00       		.byte	0
 1627 0109 13       		.uleb128 0x13
 1628 010a 34       		.uleb128 0x34
 1629 010b 00       		.byte	0
 1630 010c 03       		.uleb128 0x3
 1631 010d 08       		.uleb128 0x8
 1632 010e 3A       		.uleb128 0x3a
 1633 010f 0B       		.uleb128 0xb
 1634 0110 3B       		.uleb128 0x3b
 1635 0111 0B       		.uleb128 0xb
 1636 0112 49       		.uleb128 0x49
ARM GAS  C:\Users\POONAC~1\AppData\Local\Temp\ccx7IcyJ.s 			page 33


 1637 0113 13       		.uleb128 0x13
 1638 0114 02       		.uleb128 0x2
 1639 0115 17       		.uleb128 0x17
 1640 0116 00       		.byte	0
 1641 0117 00       		.byte	0
 1642 0118 14       		.uleb128 0x14
 1643 0119 34       		.uleb128 0x34
 1644 011a 00       		.byte	0
 1645 011b 03       		.uleb128 0x3
 1646 011c 0E       		.uleb128 0xe
 1647 011d 3A       		.uleb128 0x3a
 1648 011e 0B       		.uleb128 0xb
 1649 011f 3B       		.uleb128 0x3b
 1650 0120 0B       		.uleb128 0xb
 1651 0121 49       		.uleb128 0x49
 1652 0122 13       		.uleb128 0x13
 1653 0123 02       		.uleb128 0x2
 1654 0124 17       		.uleb128 0x17
 1655 0125 00       		.byte	0
 1656 0126 00       		.byte	0
 1657 0127 15       		.uleb128 0x15
 1658 0128 34       		.uleb128 0x34
 1659 0129 00       		.byte	0
 1660 012a 03       		.uleb128 0x3
 1661 012b 0E       		.uleb128 0xe
 1662 012c 3A       		.uleb128 0x3a
 1663 012d 0B       		.uleb128 0xb
 1664 012e 3B       		.uleb128 0x3b
 1665 012f 0B       		.uleb128 0xb
 1666 0130 49       		.uleb128 0x49
 1667 0131 13       		.uleb128 0x13
 1668 0132 1C       		.uleb128 0x1c
 1669 0133 0B       		.uleb128 0xb
 1670 0134 00       		.byte	0
 1671 0135 00       		.byte	0
 1672 0136 16       		.uleb128 0x16
 1673 0137 34       		.uleb128 0x34
 1674 0138 00       		.byte	0
 1675 0139 03       		.uleb128 0x3
 1676 013a 0E       		.uleb128 0xe
 1677 013b 3A       		.uleb128 0x3a
 1678 013c 0B       		.uleb128 0xb
 1679 013d 3B       		.uleb128 0x3b
 1680 013e 0B       		.uleb128 0xb
 1681 013f 49       		.uleb128 0x49
 1682 0140 13       		.uleb128 0x13
 1683 0141 00       		.byte	0
 1684 0142 00       		.byte	0
 1685 0143 17       		.uleb128 0x17
 1686 0144 0B       		.uleb128 0xb
 1687 0145 01       		.byte	0x1
 1688 0146 11       		.uleb128 0x11
 1689 0147 01       		.uleb128 0x1
 1690 0148 12       		.uleb128 0x12
 1691 0149 06       		.uleb128 0x6
 1692 014a 01       		.uleb128 0x1
 1693 014b 13       		.uleb128 0x13
ARM GAS  C:\Users\POONAC~1\AppData\Local\Temp\ccx7IcyJ.s 			page 34


 1694 014c 00       		.byte	0
 1695 014d 00       		.byte	0
 1696 014e 18       		.uleb128 0x18
 1697 014f 898201   		.uleb128 0x4109
 1698 0152 01       		.byte	0x1
 1699 0153 11       		.uleb128 0x11
 1700 0154 01       		.uleb128 0x1
 1701 0155 31       		.uleb128 0x31
 1702 0156 13       		.uleb128 0x13
 1703 0157 00       		.byte	0
 1704 0158 00       		.byte	0
 1705 0159 19       		.uleb128 0x19
 1706 015a 34       		.uleb128 0x34
 1707 015b 00       		.byte	0
 1708 015c 03       		.uleb128 0x3
 1709 015d 0E       		.uleb128 0xe
 1710 015e 3A       		.uleb128 0x3a
 1711 015f 0B       		.uleb128 0xb
 1712 0160 3B       		.uleb128 0x3b
 1713 0161 05       		.uleb128 0x5
 1714 0162 49       		.uleb128 0x49
 1715 0163 13       		.uleb128 0x13
 1716 0164 3F       		.uleb128 0x3f
 1717 0165 19       		.uleb128 0x19
 1718 0166 3C       		.uleb128 0x3c
 1719 0167 19       		.uleb128 0x19
 1720 0168 00       		.byte	0
 1721 0169 00       		.byte	0
 1722 016a 1A       		.uleb128 0x1a
 1723 016b 34       		.uleb128 0x34
 1724 016c 00       		.byte	0
 1725 016d 03       		.uleb128 0x3
 1726 016e 0E       		.uleb128 0xe
 1727 016f 3A       		.uleb128 0x3a
 1728 0170 0B       		.uleb128 0xb
 1729 0171 3B       		.uleb128 0x3b
 1730 0172 0B       		.uleb128 0xb
 1731 0173 49       		.uleb128 0x49
 1732 0174 13       		.uleb128 0x13
 1733 0175 3F       		.uleb128 0x3f
 1734 0176 19       		.uleb128 0x19
 1735 0177 02       		.uleb128 0x2
 1736 0178 18       		.uleb128 0x18
 1737 0179 00       		.byte	0
 1738 017a 00       		.byte	0
 1739 017b 1B       		.uleb128 0x1b
 1740 017c 2E       		.uleb128 0x2e
 1741 017d 00       		.byte	0
 1742 017e 3F       		.uleb128 0x3f
 1743 017f 19       		.uleb128 0x19
 1744 0180 3C       		.uleb128 0x3c
 1745 0181 19       		.uleb128 0x19
 1746 0182 6E       		.uleb128 0x6e
 1747 0183 0E       		.uleb128 0xe
 1748 0184 03       		.uleb128 0x3
 1749 0185 0E       		.uleb128 0xe
 1750 0186 3A       		.uleb128 0x3a
ARM GAS  C:\Users\POONAC~1\AppData\Local\Temp\ccx7IcyJ.s 			page 35


 1751 0187 0B       		.uleb128 0xb
 1752 0188 3B       		.uleb128 0x3b
 1753 0189 0B       		.uleb128 0xb
 1754 018a 00       		.byte	0
 1755 018b 00       		.byte	0
 1756 018c 1C       		.uleb128 0x1c
 1757 018d 2E       		.uleb128 0x2e
 1758 018e 00       		.byte	0
 1759 018f 3F       		.uleb128 0x3f
 1760 0190 19       		.uleb128 0x19
 1761 0191 3C       		.uleb128 0x3c
 1762 0192 19       		.uleb128 0x19
 1763 0193 6E       		.uleb128 0x6e
 1764 0194 0E       		.uleb128 0xe
 1765 0195 03       		.uleb128 0x3
 1766 0196 0E       		.uleb128 0xe
 1767 0197 3A       		.uleb128 0x3a
 1768 0198 0B       		.uleb128 0xb
 1769 0199 3B       		.uleb128 0x3b
 1770 019a 05       		.uleb128 0x5
 1771 019b 00       		.byte	0
 1772 019c 00       		.byte	0
 1773 019d 00       		.byte	0
 1774              		.section	.debug_loc,"",%progbits
 1775              	.Ldebug_loc0:
 1776              	.LLST0:
 1777 0000 2A000000 		.4byte	.LVL10
 1778 0004 30000000 		.4byte	.LVL11
 1779 0008 0200     		.2byte	0x2
 1780 000a 30       		.byte	0x30
 1781 000b 9F       		.byte	0x9f
 1782 000c 4A000000 		.4byte	.LVL15
 1783 0010 58000000 		.4byte	.LVL16
 1784 0014 0200     		.2byte	0x2
 1785 0016 30       		.byte	0x30
 1786 0017 9F       		.byte	0x9f
 1787 0018 58000000 		.4byte	.LVL16
 1788 001c 08010000 		.4byte	.LVL39
 1789 0020 0100     		.2byte	0x1
 1790 0022 56       		.byte	0x56
 1791 0023 0A010000 		.4byte	.LVL40
 1792 0027 20010000 		.4byte	.LVL44
 1793 002b 0100     		.2byte	0x1
 1794 002d 56       		.byte	0x56
 1795 002e 20010000 		.4byte	.LVL44
 1796 0032 2E010000 		.4byte	.LVL47
 1797 0036 0200     		.2byte	0x2
 1798 0038 30       		.byte	0x30
 1799 0039 9F       		.byte	0x9f
 1800 003a 2E010000 		.4byte	.LVL47
 1801 003e 90010000 		.4byte	.LFE67
 1802 0042 0100     		.2byte	0x1
 1803 0044 56       		.byte	0x56
 1804 0045 00000000 		.4byte	0
 1805 0049 00000000 		.4byte	0
 1806              	.LLST1:
 1807 004d 9A000000 		.4byte	.LVL24
ARM GAS  C:\Users\POONAC~1\AppData\Local\Temp\ccx7IcyJ.s 			page 36


 1808 0051 C6000000 		.4byte	.LVL30
 1809 0055 0100     		.2byte	0x1
 1810 0057 54       		.byte	0x54
 1811 0058 5A010000 		.4byte	.LVL54
 1812 005c 5C010000 		.4byte	.LVL55
 1813 0060 0100     		.2byte	0x1
 1814 0062 54       		.byte	0x54
 1815 0063 00000000 		.4byte	0
 1816 0067 00000000 		.4byte	0
 1817              	.LLST2:
 1818 006b 4A000000 		.4byte	.LVL15
 1819 006f 58000000 		.4byte	.LVL16
 1820 0073 0200     		.2byte	0x2
 1821 0075 30       		.byte	0x30
 1822 0076 9F       		.byte	0x9f
 1823 0077 58000000 		.4byte	.LVL16
 1824 007b 90010000 		.4byte	.LFE67
 1825 007f 0100     		.2byte	0x1
 1826 0081 55       		.byte	0x55
 1827 0082 00000000 		.4byte	0
 1828 0086 00000000 		.4byte	0
 1829              	.LLST3:
 1830 008a C4000000 		.4byte	.LVL29
 1831 008e C8000000 		.4byte	.LVL31
 1832 0092 0200     		.2byte	0x2
 1833 0094 30       		.byte	0x30
 1834 0095 9F       		.byte	0x9f
 1835 0096 C8000000 		.4byte	.LVL31
 1836 009a 0C010000 		.4byte	.LVL41
 1837 009e 0100     		.2byte	0x1
 1838 00a0 54       		.byte	0x54
 1839 00a1 00000000 		.4byte	0
 1840 00a5 00000000 		.4byte	0
 1841              		.section	.debug_aranges,"",%progbits
 1842 0000 34000000 		.4byte	0x34
 1843 0004 0200     		.2byte	0x2
 1844 0006 00000000 		.4byte	.Ldebug_info0
 1845 000a 04       		.byte	0x4
 1846 000b 00       		.byte	0
 1847 000c 0000     		.2byte	0
 1848 000e 0000     		.2byte	0
 1849 0010 00000000 		.4byte	.LFB64
 1850 0014 24000000 		.4byte	.LFE64-.LFB64
 1851 0018 00000000 		.4byte	.LFB65
 1852 001c 28000000 		.4byte	.LFE65-.LFB65
 1853 0020 00000000 		.4byte	.LFB66
 1854 0024 30000000 		.4byte	.LFE66-.LFB66
 1855 0028 00000000 		.4byte	.LFB67
 1856 002c 90010000 		.4byte	.LFE67-.LFB67
 1857 0030 00000000 		.4byte	0
 1858 0034 00000000 		.4byte	0
 1859              		.section	.debug_ranges,"",%progbits
 1860              	.Ldebug_ranges0:
 1861 0000 00000000 		.4byte	.LFB64
 1862 0004 24000000 		.4byte	.LFE64
 1863 0008 00000000 		.4byte	.LFB65
 1864 000c 28000000 		.4byte	.LFE65
ARM GAS  C:\Users\POONAC~1\AppData\Local\Temp\ccx7IcyJ.s 			page 37


 1865 0010 00000000 		.4byte	.LFB66
 1866 0014 30000000 		.4byte	.LFE66
 1867 0018 00000000 		.4byte	.LFB67
 1868 001c 90010000 		.4byte	.LFE67
 1869 0020 00000000 		.4byte	0
 1870 0024 00000000 		.4byte	0
 1871              		.section	.debug_line,"",%progbits
 1872              	.Ldebug_line0:
 1873 0000 D4020000 		.section	.debug_str,"MS",%progbits,1
 1873      02003202 
 1873      00000201 
 1873      FB0E0D00 
 1873      01010101 
 1874              	.LASF42:
 1875 0000 4E455457 		.ascii	"NETWORK_OUT_Write\000"
 1875      4F524B5F 
 1875      4F55545F 
 1875      57726974 
 1875      6500
 1876              	.LASF59:
 1877 0012 73746174 		.ascii	"state\000"
 1877      6500
 1878              	.LASF31:
 1879 0018 6E6F5F63 		.ascii	"no_collision\000"
 1879      6F6C6C69 
 1879      73696F6E 
 1879      00
 1880              	.LASF5:
 1881 0025 73686F72 		.ascii	"short int\000"
 1881      7420696E 
 1881      7400
 1882              	.LASF29:
 1883 002f 696E7075 		.ascii	"input\000"
 1883      7400
 1884              	.LASF10:
 1885 0035 73697A65 		.ascii	"sizetype\000"
 1885      74797065 
 1885      00
 1886              	.LASF27:
 1887 003e 66616C6C 		.ascii	"fall\000"
 1887      00
 1888              	.LASF61:
 1889 0043 6D61696E 		.ascii	"main\000"
 1889      00
 1890              	.LASF28:
 1891 0048 64656C61 		.ascii	"delay\000"
 1891      7900
 1892              	.LASF52:
 1893 004e 55534255 		.ascii	"USBUART_Start\000"
 1893      4152545F 
 1893      53746172 
 1893      7400
 1894              	.LASF15:
 1895 005c 75696E74 		.ascii	"uint16\000"
 1895      313600
 1896              	.LASF55:
 1897 0063 67657453 		.ascii	"getString\000"
ARM GAS  C:\Users\POONAC~1\AppData\Local\Temp\ccx7IcyJ.s 			page 38


 1897      7472696E 
 1897      6700
 1898              	.LASF14:
 1899 006d 75696E74 		.ascii	"uint8\000"
 1899      3800
 1900              	.LASF49:
 1901 0073 72616E64 		.ascii	"rand\000"
 1901      00
 1902              	.LASF21:
 1903 0078 49444C45 		.ascii	"IDLE\000"
 1903      00
 1904              	.LASF18:
 1905 007d 666C6F61 		.ascii	"float\000"
 1905      7400
 1906              	.LASF1:
 1907 0083 6C6F6E67 		.ascii	"long long int\000"
 1907      206C6F6E 
 1907      6720696E 
 1907      7400
 1908              	.LASF17:
 1909 0091 696E7438 		.ascii	"int8\000"
 1909      00
 1910              	.LASF25:
 1911 0096 53746174 		.ascii	"State\000"
 1911      6500
 1912              	.LASF60:
 1913 009c 496E7465 		.ascii	"InterruptHandler\000"
 1913      72727570 
 1913      7448616E 
 1913      646C6572 
 1913      00
 1914              	.LASF7:
 1915 00ad 6C6F6E67 		.ascii	"long int\000"
 1915      20696E74 
 1915      00
 1916              	.LASF24:
 1917 00b6 42555359 		.ascii	"BUSY_LOW\000"
 1917      5F4C4F57 
 1917      00
 1918              	.LASF23:
 1919 00bf 42555359 		.ascii	"BUSY_HIGH\000"
 1919      5F484947 
 1919      4800
 1920              	.LASF39:
 1921 00c9 54696D65 		.ascii	"Timer_1_WritePeriod\000"
 1921      725F315F 
 1921      57726974 
 1921      65506572 
 1921      696F6400 
 1922              	.LASF40:
 1923 00dd 54696D65 		.ascii	"Timer_1_WriteCounter\000"
 1923      725F315F 
 1923      57726974 
 1923      65436F75 
 1923      6E746572 
 1924              	.LASF53:
 1925 00f2 6973725F 		.ascii	"isr_1_StartEx\000"
ARM GAS  C:\Users\POONAC~1\AppData\Local\Temp\ccx7IcyJ.s 			page 39


 1925      315F5374 
 1925      61727445 
 1925      7800
 1926              	.LASF22:
 1927 0100 434F4C4C 		.ascii	"COLLISION\000"
 1927      4953494F 
 1927      4E00
 1928              	.LASF54:
 1929 010a 6973725F 		.ascii	"isr_2_StartEx\000"
 1929      325F5374 
 1929      61727445 
 1929      7800
 1930              	.LASF2:
 1931 0118 6C6F6E67 		.ascii	"long double\000"
 1931      20646F75 
 1931      626C6500 
 1932              	.LASF44:
 1933 0124 69746F61 		.ascii	"itoa\000"
 1933      00
 1934              	.LASF43:
 1935 0129 43794465 		.ascii	"CyDelayUs\000"
 1935      6C617955 
 1935      7300
 1936              	.LASF4:
 1937 0133 756E7369 		.ascii	"unsigned char\000"
 1937      676E6564 
 1937      20636861 
 1937      7200
 1938              	.LASF36:
 1939 0141 496E7465 		.ascii	"InterruptCnt\000"
 1939      72727570 
 1939      74436E74 
 1939      00
 1940              	.LASF3:
 1941 014e 7369676E 		.ascii	"signed char\000"
 1941      65642063 
 1941      68617200 
 1942              	.LASF9:
 1943 015a 6C6F6E67 		.ascii	"long long unsigned int\000"
 1943      206C6F6E 
 1943      6720756E 
 1943      7369676E 
 1943      65642069 
 1944              	.LASF0:
 1945 0171 756E7369 		.ascii	"unsigned int\000"
 1945      676E6564 
 1945      20696E74 
 1945      00
 1946              	.LASF47:
 1947 017e 4C43445F 		.ascii	"LCD_PrintString\000"
 1947      5072696E 
 1947      74537472 
 1947      696E6700 
 1948              	.LASF50:
 1949 018e 54696D65 		.ascii	"TimerISR_StartEx\000"
 1949      72495352 
 1949      5F537461 
ARM GAS  C:\Users\POONAC~1\AppData\Local\Temp\ccx7IcyJ.s 			page 40


 1949      72744578 
 1949      00
 1950              	.LASF37:
 1951 019f 6375725F 		.ascii	"cur_state\000"
 1951      73746174 
 1951      6500
 1952              	.LASF48:
 1953 01a9 4C43445F 		.ascii	"LCD_PrintU32Number\000"
 1953      5072696E 
 1953      74553332 
 1953      4E756D62 
 1953      657200
 1954              	.LASF11:
 1955 01bc 63686172 		.ascii	"char\000"
 1955      00
 1956              	.LASF13:
 1957 01c1 696E7433 		.ascii	"int32_t\000"
 1957      325F7400 
 1958              	.LASF34:
 1959 01c9 62696E61 		.ascii	"binary\000"
 1959      727900
 1960              	.LASF26:
 1961 01d0 72697365 		.ascii	"rise\000"
 1961      00
 1962              	.LASF41:
 1963 01d5 54696D65 		.ascii	"Timer_1_Start\000"
 1963      725F315F 
 1963      53746172 
 1963      7400
 1964              	.LASF6:
 1965 01e3 73686F72 		.ascii	"short unsigned int\000"
 1965      7420756E 
 1965      7369676E 
 1965      65642069 
 1965      6E7400
 1966              	.LASF16:
 1967 01f6 75696E74 		.ascii	"uint32\000"
 1967      333200
 1968              	.LASF57:
 1969 01fd 6D61696E 		.ascii	"main.c\000"
 1969      2E6300
 1970              	.LASF20:
 1971 0204 72656738 		.ascii	"reg8\000"
 1971      00
 1972              	.LASF8:
 1973 0209 6C6F6E67 		.ascii	"long unsigned int\000"
 1973      20756E73 
 1973      69676E65 
 1973      6420696E 
 1973      7400
 1974              	.LASF19:
 1975 021b 646F7562 		.ascii	"double\000"
 1975      6C6500
 1976              	.LASF32:
 1977 0222 7472616E 		.ascii	"transmission_complete\000"
 1977      736D6973 
 1977      73696F6E 
ARM GAS  C:\Users\POONAC~1\AppData\Local\Temp\ccx7IcyJ.s 			page 41


 1977      5F636F6D 
 1977      706C6574 
 1978              	.LASF33:
 1979 0238 73697A65 		.ascii	"size\000"
 1979      00
 1980              	.LASF12:
 1981 023d 5F5F696E 		.ascii	"__int32_t\000"
 1981      7433325F 
 1981      7400
 1982              	.LASF51:
 1983 0247 4C43445F 		.ascii	"LCD_Start\000"
 1983      53746172 
 1983      7400
 1984              	.LASF46:
 1985 0251 4C43445F 		.ascii	"LCD_Position\000"
 1985      506F7369 
 1985      74696F6E 
 1985      00
 1986              	.LASF38:
 1987 025e 63686563 		.ascii	"check_for_low\000"
 1987      6B5F666F 
 1987      725F6C6F 
 1987      7700
 1988              	.LASF35:
 1989 026c 49544D5F 		.ascii	"ITM_RxBuffer\000"
 1989      52784275 
 1989      66666572 
 1989      00
 1990              	.LASF56:
 1991 0279 474E5520 		.ascii	"GNU C11 5.4.1 20160609 (release) [ARM/embedded-5-br"
 1991      43313120 
 1991      352E342E 
 1991      31203230 
 1991      31363036 
 1992 02ac 616E6368 		.ascii	"anch revision 237715] -mcpu=cortex-m3 -mthumb -g -O"
 1992      20726576 
 1992      6973696F 
 1992      6E203233 
 1992      37373135 
 1993 02df 67202D66 		.ascii	"g -ffunction-sections -ffat-lto-objects\000"
 1993      66756E63 
 1993      74696F6E 
 1993      2D736563 
 1993      74696F6E 
 1994              	.LASF58:
 1995 0307 433A5C55 		.ascii	"C:\\Users\\poonachatheethiran\\Documents\\PSoC Crea"
 1995      73657273 
 1995      5C706F6F 
 1995      6E616368 
 1995      61746865 
 1996 0336 746F725C 		.ascii	"tor\\networking\\networking-project\\networking.cyd"
 1996      6E657477 
 1996      6F726B69 
 1996      6E675C6E 
 1996      6574776F 
 1997 0366 736E00   		.ascii	"sn\000"
 1998              	.LASF45:
ARM GAS  C:\Users\POONAC~1\AppData\Local\Temp\ccx7IcyJ.s 			page 42


 1999 0369 4C43445F 		.ascii	"LCD_WriteControl\000"
 1999      57726974 
 1999      65436F6E 
 1999      74726F6C 
 1999      00
 2000              	.LASF30:
 2001 037a 7472616E 		.ascii	"transmit\000"
 2001      736D6974 
 2001      00
 2002              		.ident	"GCC: (GNU Tools for ARM Embedded Processors) 5.4.1 20160609 (release) [ARM/embedded-5-bran
